
Initializing TSN with base model: resnet50.
TSN Configurations:
    input_modality:     RGB
    num_segments:       3
    new_length:         1
    consensus_module:   avg
    dropout_ratio:      0.8
    use_partial_bn:     False
    use_group_norm:     False
        
/workspace/mnt/group/algorithm/kanghaidong/video_project/Alg-VideoAlgorithm-dev/video-classification/tsn-pytorch/models.py:97: UserWarning: nn.init.normal is now deprecated in favor of nn.init.normal_.
  normal(self.new_fc.weight, 0, std)
/workspace/mnt/group/algorithm/kanghaidong/video_project/Alg-VideoAlgorithm-dev/video-classification/tsn-pytorch/models.py:98: UserWarning: nn.init.constant is now deprecated in favor of nn.init.constant_.
  constant(self.new_fc.bias, 0)
/usr/local/lib/python3.5/dist-packages/torchvision/transforms/transforms.py:208: UserWarning: The use of the transforms.Scale transform is deprecated, please use transforms.Resize instead.
  "please use transforms.Resize instead.")
the length of list_file 118
the length of video_list 11974
the length of list_file 104
the length of video_list 919
group: first_conv_weight has 1 params, lr_mult: 1, decay_mult: 1
group: first_conv_bias has 0 params, lr_mult: 2, decay_mult: 0
group: normal_weight has 53 params, lr_mult: 1, decay_mult: 1
group: normal_bias has 1 params, lr_mult: 2, decay_mult: 0
group: BN scale/shift has 106 params, lr_mult: 1, decay_mult: 0
main.py:273: UserWarning: torch.nn.utils.clip_grad_norm is now deprecated in favor of torch.nn.utils.clip_grad_norm_.
  total_norm = clip_grad_norm(model.parameters(), args.clip_gradient)
Epoch: [0][0/94], lr: 0.00100	Time 65.777 (65.777)	Data 31.052 (31.052)	Loss 1.7930 (1.7930)	Prec@1 17.969 (17.969)	Prec@5 82.812 (82.812)
Epoch: [0][20/94], lr: 0.00100	Time 0.640 (4.561)	Data 0.001 (2.280)	Loss 1.6037 (1.7187)	Prec@1 64.062 (29.353)	Prec@5 94.531 (92.299)
Epoch: [0][40/94], lr: 0.00100	Time 0.675 (3.760)	Data 0.000 (2.259)	Loss 1.3757 (1.6032)	Prec@1 63.281 (43.636)	Prec@5 100.000 (95.541)
Epoch: [0][60/94], lr: 0.00100	Time 4.983 (3.711)	Data 4.282 (2.478)	Loss 1.1361 (1.4891)	Prec@1 71.094 (49.360)	Prec@5 98.438 (96.721)
Epoch: [0][80/94], lr: 0.00100	Time 0.701 (3.466)	Data 0.000 (2.370)	Loss 1.0138 (1.3835)	Prec@1 67.969 (53.627)	Prec@5 100.000 (97.454)
Epoch: [1][0/94], lr: 0.00100	Time 32.568 (32.568)	Data 30.774 (30.774)	Loss 1.0455 (1.0455)	Prec@1 64.844 (64.844)	Prec@5 100.000 (100.000)
Epoch: [1][20/94], lr: 0.00100	Time 0.801 (3.912)	Data 0.000 (3.139)	Loss 0.8474 (0.8697)	Prec@1 70.312 (70.871)	Prec@5 99.219 (99.740)
Epoch: [1][40/94], lr: 0.00100	Time 19.119 (3.716)	Data 18.311 (2.964)	Loss 0.7203 (0.8144)	Prec@1 72.656 (72.980)	Prec@5 100.000 (99.771)
Epoch: [1][60/94], lr: 0.00100	Time 0.701 (3.358)	Data 0.000 (2.613)	Loss 0.5836 (0.7821)	Prec@1 75.781 (73.463)	Prec@5 100.000 (99.782)
Epoch: [1][80/94], lr: 0.00100	Time 16.170 (3.390)	Data 15.473 (2.643)	Loss 0.7086 (0.7632)	Prec@1 72.656 (73.495)	Prec@5 98.438 (99.769)
Epoch: [2][0/94], lr: 0.00100	Time 30.530 (30.530)	Data 29.593 (29.593)	Loss 0.6311 (0.6311)	Prec@1 82.031 (82.031)	Prec@5 100.000 (100.000)
Epoch: [2][20/94], lr: 0.00100	Time 0.721 (3.898)	Data 0.000 (3.150)	Loss 0.5256 (0.5824)	Prec@1 79.688 (79.836)	Prec@5 100.000 (99.851)
Epoch: [2][40/94], lr: 0.00100	Time 21.487 (3.807)	Data 20.565 (3.059)	Loss 0.6246 (0.5818)	Prec@1 76.562 (79.668)	Prec@5 100.000 (99.867)
Epoch: [2][60/94], lr: 0.00100	Time 0.775 (3.457)	Data 0.000 (2.713)	Loss 0.4669 (0.5610)	Prec@1 85.156 (80.379)	Prec@5 100.000 (99.872)
Epoch: [2][80/94], lr: 0.00100	Time 17.122 (3.447)	Data 16.418 (2.711)	Loss 0.4116 (0.5524)	Prec@1 85.156 (80.584)	Prec@5 100.000 (99.884)
Epoch: [3][0/94], lr: 0.00100	Time 31.075 (31.075)	Data 30.358 (30.358)	Loss 0.4817 (0.4817)	Prec@1 87.500 (87.500)	Prec@5 100.000 (100.000)
Epoch: [3][20/94], lr: 0.00100	Time 0.678 (3.999)	Data 0.000 (3.269)	Loss 0.4135 (0.4741)	Prec@1 86.719 (83.631)	Prec@5 100.000 (99.963)
Epoch: [3][40/94], lr: 0.00100	Time 19.093 (3.756)	Data 18.269 (3.032)	Loss 0.4944 (0.4821)	Prec@1 79.688 (82.736)	Prec@5 99.219 (99.962)
Epoch: [3][60/94], lr: 0.00100	Time 0.699 (3.380)	Data 0.000 (2.657)	Loss 0.3449 (0.4709)	Prec@1 89.844 (83.274)	Prec@5 100.000 (99.949)
Epoch: [3][80/94], lr: 0.00100	Time 15.551 (3.372)	Data 14.918 (2.651)	Loss 0.4331 (0.4634)	Prec@1 85.156 (83.468)	Prec@5 100.000 (99.952)
Epoch: [4][0/94], lr: 0.00100	Time 29.727 (29.727)	Data 28.906 (28.906)	Loss 0.4083 (0.4083)	Prec@1 84.375 (84.375)	Prec@5 100.000 (100.000)
Epoch: [4][20/94], lr: 0.00100	Time 0.715 (3.940)	Data 0.000 (3.232)	Loss 0.3650 (0.3932)	Prec@1 85.156 (85.565)	Prec@5 100.000 (99.963)
Epoch: [4][40/94], lr: 0.00100	Time 14.490 (3.618)	Data 13.617 (2.904)	Loss 0.3772 (0.3852)	Prec@1 85.938 (85.842)	Prec@5 100.000 (99.981)
Epoch: [4][60/94], lr: 0.00100	Time 0.720 (3.350)	Data 0.000 (2.632)	Loss 0.3678 (0.3862)	Prec@1 84.375 (85.848)	Prec@5 100.000 (99.987)
Epoch: [4][80/94], lr: 0.00100	Time 12.834 (3.271)	Data 12.205 (2.562)	Loss 0.3695 (0.3899)	Prec@1 89.062 (85.831)	Prec@5 99.219 (99.981)
main.py:307: UserWarning: volatile was removed and now has no effect. Use `with torch.no_grad():` instead.
  input_var = torch.autograd.Variable(input, volatile=True)
main.py:308: UserWarning: volatile was removed and now has no effect. Use `with torch.no_grad():` instead.
  target_var = torch.autograd.Variable(target, volatile=True)
Test: [0/29]	Time 28.513 (28.513)	Loss 0.5285 (0.5285)	Prec@1 84.375 (84.375)	Prec@5 100.000 (100.000)
Test: [20/29]	Time 0.054 (3.007)	Loss 0.1570 (0.5284)	Prec@1 96.875 (80.506)	Prec@5 100.000 (100.000)
Testing Results: Prec@1 80.196 Prec@5 100.000 Loss 0.51444
best_prec1 80.19586493789956
Epoch: [5][0/94], lr: 0.00100	Time 31.478 (31.478)	Data 29.663 (29.663)	Loss 0.3639 (0.3639)	Prec@1 89.062 (89.062)	Prec@5 100.000 (100.000)
Epoch: [5][20/94], lr: 0.00100	Time 0.633 (4.136)	Data 0.000 (3.375)	Loss 0.3734 (0.3718)	Prec@1 89.062 (87.054)	Prec@5 100.000 (100.000)
Epoch: [5][40/94], lr: 0.00100	Time 13.587 (3.759)	Data 12.877 (3.020)	Loss 0.3008 (0.3554)	Prec@1 88.281 (87.329)	Prec@5 100.000 (100.000)
Epoch: [5][60/94], lr: 0.00100	Time 0.707 (3.514)	Data 0.000 (2.782)	Loss 0.2702 (0.3473)	Prec@1 89.062 (87.628)	Prec@5 100.000 (99.987)
Epoch: [5][80/94], lr: 0.00100	Time 7.409 (3.360)	Data 6.707 (2.632)	Loss 0.2786 (0.3429)	Prec@1 93.750 (87.886)	Prec@5 100.000 (99.990)
Epoch: [6][0/94], lr: 0.00100	Time 30.948 (30.948)	Data 30.222 (30.222)	Loss 0.2653 (0.2653)	Prec@1 91.406 (91.406)	Prec@5 100.000 (100.000)
Epoch: [6][20/94], lr: 0.00100	Time 0.770 (4.022)	Data 0.000 (3.283)	Loss 0.3624 (0.3230)	Prec@1 85.938 (88.616)	Prec@5 100.000 (100.000)
Epoch: [6][40/94], lr: 0.00100	Time 14.383 (3.740)	Data 13.600 (2.995)	Loss 0.3628 (0.3234)	Prec@1 85.156 (88.529)	Prec@5 100.000 (100.000)
Epoch: [6][60/94], lr: 0.00100	Time 0.712 (3.438)	Data 0.000 (2.704)	Loss 0.3544 (0.3172)	Prec@1 85.156 (88.934)	Prec@5 100.000 (100.000)
Epoch: [6][80/94], lr: 0.00100	Time 19.324 (3.445)	Data 18.679 (2.716)	Loss 0.2460 (0.3063)	Prec@1 91.406 (89.323)	Prec@5 100.000 (100.000)
Epoch: [7][0/94], lr: 0.00100	Time 30.056 (30.056)	Data 29.291 (29.291)	Loss 0.2249 (0.2249)	Prec@1 90.625 (90.625)	Prec@5 100.000 (100.000)
Epoch: [7][20/94], lr: 0.00100	Time 0.713 (4.063)	Data 0.000 (3.353)	Loss 0.2798 (0.2673)	Prec@1 91.406 (90.662)	Prec@5 100.000 (100.000)
Epoch: [7][40/94], lr: 0.00100	Time 12.383 (3.653)	Data 11.572 (2.941)	Loss 0.1919 (0.2565)	Prec@1 91.406 (91.006)	Prec@5 100.000 (100.000)
Epoch: [7][60/94], lr: 0.00100	Time 0.706 (3.424)	Data 0.000 (2.710)	Loss 0.2253 (0.2683)	Prec@1 91.406 (90.702)	Prec@5 100.000 (100.000)
Epoch: [7][80/94], lr: 0.00100	Time 7.398 (3.290)	Data 6.618 (2.574)	Loss 0.2227 (0.2657)	Prec@1 91.406 (90.789)	Prec@5 100.000 (100.000)
Epoch: [8][0/94], lr: 0.00100	Time 33.166 (33.166)	Data 32.465 (32.465)	Loss 0.3030 (0.3030)	Prec@1 85.938 (85.938)	Prec@5 100.000 (100.000)
Epoch: [8][20/94], lr: 0.00100	Time 0.715 (3.876)	Data 0.000 (3.155)	Loss 0.2874 (0.2489)	Prec@1 89.062 (91.257)	Prec@5 99.219 (99.926)
Epoch: [8][40/94], lr: 0.00100	Time 18.805 (3.649)	Data 18.011 (2.914)	Loss 0.1430 (0.2377)	Prec@1 97.656 (91.673)	Prec@5 100.000 (99.962)
Epoch: [8][60/94], lr: 0.00100	Time 0.698 (3.306)	Data 0.000 (2.570)	Loss 0.3115 (0.2386)	Prec@1 85.938 (91.586)	Prec@5 100.000 (99.974)
Epoch: [8][80/94], lr: 0.00100	Time 18.472 (3.342)	Data 17.697 (2.604)	Loss 0.2565 (0.2375)	Prec@1 92.188 (91.773)	Prec@5 100.000 (99.981)
Epoch: [9][0/94], lr: 0.00100	Time 30.558 (30.558)	Data 29.777 (29.777)	Loss 0.2292 (0.2292)	Prec@1 93.750 (93.750)	Prec@5 100.000 (100.000)
Epoch: [9][20/94], lr: 0.00100	Time 0.817 (4.004)	Data 0.000 (3.240)	Loss 0.1536 (0.2355)	Prec@1 95.312 (91.741)	Prec@5 100.000 (100.000)
Epoch: [9][40/94], lr: 0.00100	Time 17.894 (3.738)	Data 17.098 (2.981)	Loss 0.2031 (0.2297)	Prec@1 94.531 (92.073)	Prec@5 100.000 (99.981)
Epoch: [9][60/94], lr: 0.00100	Time 0.673 (3.353)	Data 0.000 (2.610)	Loss 0.1296 (0.2244)	Prec@1 96.094 (92.239)	Prec@5 100.000 (99.987)
Epoch: [9][80/94], lr: 0.00100	Time 13.471 (3.282)	Data 12.771 (2.542)	Loss 0.2030 (0.2190)	Prec@1 95.312 (92.429)	Prec@5 100.000 (99.990)
Test: [0/29]	Time 11.187 (11.187)	Loss 0.4856 (0.4856)	Prec@1 81.250 (81.250)	Prec@5 100.000 (100.000)
Test: [20/29]	Time 0.078 (1.059)	Loss 0.0484 (0.4357)	Prec@1 100.000 (83.482)	Prec@5 100.000 (100.000)
Testing Results: Prec@1 83.896 Prec@5 100.000 Loss 0.40549
best_prec1 83.89553849611501
Epoch: [10][0/94], lr: 0.00100	Time 27.296 (27.296)	Data 26.558 (26.558)	Loss 0.1035 (0.1035)	Prec@1 96.875 (96.875)	Prec@5 100.000 (100.000)
Epoch: [10][20/94], lr: 0.00100	Time 0.639 (3.626)	Data 0.000 (2.934)	Loss 0.2285 (0.1836)	Prec@1 91.406 (94.234)	Prec@5 100.000 (99.963)
Epoch: [10][40/94], lr: 0.00100	Time 11.214 (3.259)	Data 10.535 (2.570)	Loss 0.1626 (0.1913)	Prec@1 92.188 (93.388)	Prec@5 100.000 (99.981)
Epoch: [10][60/94], lr: 0.00100	Time 0.729 (3.093)	Data 0.000 (2.387)	Loss 0.2001 (0.1919)	Prec@1 93.750 (93.251)	Prec@5 100.000 (99.987)
Epoch: [10][80/94], lr: 0.00100	Time 5.821 (3.006)	Data 5.094 (2.291)	Loss 0.1639 (0.1893)	Prec@1 92.969 (93.461)	Prec@5 100.000 (99.981)
Epoch: [11][0/94], lr: 0.00100	Time 29.379 (29.379)	Data 28.573 (28.573)	Loss 0.1815 (0.1815)	Prec@1 95.312 (95.312)	Prec@5 100.000 (100.000)
Epoch: [11][20/94], lr: 0.00100	Time 0.770 (3.936)	Data 0.000 (3.193)	Loss 0.1813 (0.1944)	Prec@1 94.531 (93.490)	Prec@5 100.000 (99.963)
Epoch: [11][40/94], lr: 0.00100	Time 17.916 (3.707)	Data 17.115 (2.970)	Loss 0.1681 (0.1797)	Prec@1 95.312 (94.017)	Prec@5 100.000 (99.981)
Epoch: [11][60/94], lr: 0.00100	Time 0.692 (3.383)	Data 0.000 (2.652)	Loss 0.2314 (0.1806)	Prec@1 89.844 (93.852)	Prec@5 100.000 (99.987)
Epoch: [11][80/94], lr: 0.00100	Time 12.380 (3.311)	Data 11.697 (2.587)	Loss 0.1556 (0.1812)	Prec@1 92.969 (93.808)	Prec@5 100.000 (99.990)
Epoch: [12][0/94], lr: 0.00100	Time 32.506 (32.506)	Data 31.682 (31.682)	Loss 0.1966 (0.1966)	Prec@1 94.531 (94.531)	Prec@5 100.000 (100.000)
Epoch: [12][20/94], lr: 0.00100	Time 0.767 (3.986)	Data 0.000 (3.227)	Loss 0.1390 (0.1504)	Prec@1 96.875 (95.126)	Prec@5 100.000 (100.000)
Epoch: [12][40/94], lr: 0.00100	Time 18.990 (3.781)	Data 18.279 (3.025)	Loss 0.1710 (0.1605)	Prec@1 94.531 (94.588)	Prec@5 100.000 (99.981)
Epoch: [12][60/94], lr: 0.00100	Time 0.693 (3.420)	Data 0.000 (2.667)	Loss 0.1279 (0.1651)	Prec@1 94.531 (94.288)	Prec@5 100.000 (99.974)
Epoch: [12][80/94], lr: 0.00100	Time 18.554 (3.431)	Data 17.909 (2.678)	Loss 0.1112 (0.1627)	Prec@1 96.875 (94.512)	Prec@5 100.000 (99.981)
Epoch: [13][0/94], lr: 0.00100	Time 32.423 (32.423)	Data 31.728 (31.728)	Loss 0.1460 (0.1460)	Prec@1 92.969 (92.969)	Prec@5 100.000 (100.000)
Epoch: [13][20/94], lr: 0.00100	Time 0.708 (4.082)	Data 0.000 (3.371)	Loss 0.2132 (0.1430)	Prec@1 89.844 (94.903)	Prec@5 100.000 (100.000)
Epoch: [13][40/94], lr: 0.00100	Time 19.314 (3.857)	Data 18.617 (3.144)	Loss 0.1196 (0.1458)	Prec@1 95.312 (94.893)	Prec@5 100.000 (100.000)
Epoch: [13][60/94], lr: 0.00100	Time 0.693 (3.440)	Data 0.000 (2.729)	Loss 0.2432 (0.1503)	Prec@1 89.062 (94.736)	Prec@5 100.000 (100.000)
Epoch: [13][80/94], lr: 0.00100	Time 15.330 (3.377)	Data 14.688 (2.675)	Loss 0.2156 (0.1542)	Prec@1 92.969 (94.734)	Prec@5 100.000 (100.000)
Epoch: [14][0/94], lr: 0.00100	Time 30.676 (30.676)	Data 29.896 (29.896)	Loss 0.1417 (0.1417)	Prec@1 96.094 (96.094)	Prec@5 100.000 (100.000)
Epoch: [14][20/94], lr: 0.00100	Time 0.719 (3.967)	Data 0.000 (3.205)	Loss 0.1248 (0.1370)	Prec@1 95.312 (95.647)	Prec@5 100.000 (100.000)
Epoch: [14][40/94], lr: 0.00100	Time 15.969 (3.736)	Data 15.149 (2.980)	Loss 0.1023 (0.1348)	Prec@1 96.875 (95.675)	Prec@5 100.000 (100.000)
Epoch: [14][60/94], lr: 0.00100	Time 0.697 (3.479)	Data 0.000 (2.727)	Loss 0.1233 (0.1357)	Prec@1 96.094 (95.594)	Prec@5 100.000 (100.000)
Epoch: [14][80/94], lr: 0.00100	Time 10.012 (3.400)	Data 9.335 (2.650)	Loss 0.1224 (0.1337)	Prec@1 95.312 (95.621)	Prec@5 100.000 (100.000)
Test: [0/29]	Time 10.860 (10.860)	Loss 0.5426 (0.5426)	Prec@1 87.500 (87.500)	Prec@5 100.000 (100.000)
Test: [20/29]	Time 0.057 (1.062)	Loss 0.0541 (0.4718)	Prec@1 96.875 (85.714)	Prec@5 100.000 (100.000)
Testing Results: Prec@1 86.507 Prec@5 100.000 Loss 0.43664
best_prec1 86.50707286382266
Epoch: [15][0/94], lr: 0.00100	Time 31.422 (31.422)	Data 30.684 (30.684)	Loss 0.1413 (0.1413)	Prec@1 95.312 (95.312)	Prec@5 100.000 (100.000)
Epoch: [15][20/94], lr: 0.00100	Time 0.713 (4.025)	Data 0.000 (3.295)	Loss 0.1511 (0.1263)	Prec@1 93.750 (96.019)	Prec@5 100.000 (100.000)
Epoch: [15][40/94], lr: 0.00100	Time 17.295 (3.620)	Data 16.545 (2.923)	Loss 0.1251 (0.1273)	Prec@1 95.312 (95.865)	Prec@5 100.000 (100.000)
Epoch: [15][60/94], lr: 0.00100	Time 0.661 (3.190)	Data 0.000 (2.509)	Loss 0.1659 (0.1308)	Prec@1 95.312 (95.658)	Prec@5 100.000 (100.000)
Epoch: [15][80/94], lr: 0.00100	Time 16.978 (3.161)	Data 16.230 (2.487)	Loss 0.1028 (0.1293)	Prec@1 95.312 (95.660)	Prec@5 100.000 (100.000)
Epoch: [16][0/94], lr: 0.00100	Time 31.924 (31.924)	Data 31.067 (31.067)	Loss 0.1453 (0.1453)	Prec@1 92.969 (92.969)	Prec@5 100.000 (100.000)
Epoch: [16][20/94], lr: 0.00100	Time 0.691 (4.018)	Data 0.000 (3.277)	Loss 0.1087 (0.1302)	Prec@1 96.875 (95.610)	Prec@5 100.000 (100.000)
Epoch: [16][40/94], lr: 0.00100	Time 18.316 (3.736)	Data 17.601 (3.012)	Loss 0.1011 (0.1195)	Prec@1 96.875 (96.094)	Prec@5 100.000 (100.000)
Epoch: [16][60/94], lr: 0.00100	Time 0.692 (3.382)	Data 0.000 (2.663)	Loss 0.1546 (0.1227)	Prec@1 92.188 (95.902)	Prec@5 100.000 (100.000)
Epoch: [16][80/94], lr: 0.00100	Time 11.634 (3.320)	Data 10.998 (2.606)	Loss 0.0835 (0.1191)	Prec@1 96.875 (96.113)	Prec@5 100.000 (100.000)
Epoch: [17][0/94], lr: 0.00100	Time 31.416 (31.416)	Data 30.632 (30.632)	Loss 0.0886 (0.0886)	Prec@1 98.438 (98.438)	Prec@5 100.000 (100.000)
Epoch: [17][20/94], lr: 0.00100	Time 0.700 (3.924)	Data 0.000 (3.203)	Loss 0.0917 (0.1138)	Prec@1 96.875 (96.243)	Prec@5 100.000 (100.000)
Epoch: [17][40/94], lr: 0.00100	Time 17.850 (3.659)	Data 17.052 (2.939)	Loss 0.0982 (0.1102)	Prec@1 96.875 (96.570)	Prec@5 100.000 (99.981)
Epoch: [17][60/94], lr: 0.00100	Time 0.688 (3.290)	Data 0.000 (2.561)	Loss 0.1133 (0.1097)	Prec@1 96.094 (96.491)	Prec@5 100.000 (99.987)
Epoch: [17][80/94], lr: 0.00100	Time 17.823 (3.303)	Data 17.107 (2.574)	Loss 0.0877 (0.1108)	Prec@1 96.875 (96.345)	Prec@5 100.000 (99.990)
Epoch: [18][0/94], lr: 0.00100	Time 32.137 (32.137)	Data 31.437 (31.437)	Loss 0.1135 (0.1135)	Prec@1 96.094 (96.094)	Prec@5 100.000 (100.000)
Epoch: [18][20/94], lr: 0.00100	Time 0.693 (4.127)	Data 0.000 (3.431)	Loss 0.0721 (0.1061)	Prec@1 99.219 (96.540)	Prec@5 100.000 (100.000)
Epoch: [18][40/94], lr: 0.00100	Time 19.968 (3.893)	Data 19.119 (3.195)	Loss 0.0927 (0.1010)	Prec@1 97.656 (96.646)	Prec@5 100.000 (100.000)
Epoch: [18][60/94], lr: 0.00100	Time 0.717 (3.463)	Data 0.000 (2.749)	Loss 0.2469 (0.1066)	Prec@1 92.969 (96.414)	Prec@5 100.000 (100.000)
Epoch: [18][80/94], lr: 0.00100	Time 19.124 (3.472)	Data 18.416 (2.754)	Loss 0.0750 (0.1040)	Prec@1 98.438 (96.557)	Prec@5 100.000 (100.000)
Epoch: [19][0/94], lr: 0.00100	Time 31.740 (31.740)	Data 31.092 (31.092)	Loss 0.1240 (0.1240)	Prec@1 95.312 (95.312)	Prec@5 100.000 (100.000)
Epoch: [19][20/94], lr: 0.00100	Time 0.701 (3.901)	Data 0.000 (3.213)	Loss 0.0498 (0.1035)	Prec@1 99.219 (96.689)	Prec@5 100.000 (100.000)
Epoch: [19][40/94], lr: 0.00100	Time 20.159 (3.724)	Data 19.374 (3.031)	Loss 0.1002 (0.0976)	Prec@1 96.875 (96.799)	Prec@5 100.000 (100.000)
Epoch: [19][60/94], lr: 0.00100	Time 0.702 (3.366)	Data 0.000 (2.671)	Loss 0.0656 (0.0979)	Prec@1 96.875 (96.811)	Prec@5 100.000 (100.000)
Epoch: [19][80/94], lr: 0.00100	Time 10.398 (3.293)	Data 9.658 (2.595)	Loss 0.1665 (0.0998)	Prec@1 93.750 (96.798)	Prec@5 100.000 (100.000)
Test: [0/29]	Time 11.454 (11.454)	Loss 0.4963 (0.4963)	Prec@1 84.375 (84.375)	Prec@5 100.000 (100.000)
Test: [20/29]	Time 0.064 (1.100)	Loss 0.0674 (0.4860)	Prec@1 96.875 (85.268)	Prec@5 100.000 (100.000)
Testing Results: Prec@1 85.745 Prec@5 100.000 Loss 0.44106
best_prec1 86.50707286382266
Epoch: [20][0/94], lr: 0.00100	Time 30.217 (30.217)	Data 29.505 (29.505)	Loss 0.1198 (0.1198)	Prec@1 92.188 (92.188)	Prec@5 100.000 (100.000)
Epoch: [20][20/94], lr: 0.00100	Time 0.709 (3.943)	Data 0.000 (3.198)	Loss 0.0913 (0.0928)	Prec@1 96.094 (96.801)	Prec@5 100.000 (100.000)
Epoch: [20][40/94], lr: 0.00100	Time 15.709 (3.671)	Data 14.952 (2.939)	Loss 0.1559 (0.0934)	Prec@1 96.094 (97.008)	Prec@5 100.000 (100.000)
Epoch: [20][60/94], lr: 0.00100	Time 0.708 (3.367)	Data 0.000 (2.641)	Loss 0.1255 (0.0936)	Prec@1 96.875 (97.067)	Prec@5 100.000 (100.000)
Epoch: [20][80/94], lr: 0.00100	Time 19.271 (3.366)	Data 18.567 (2.644)	Loss 0.0507 (0.0940)	Prec@1 99.219 (97.068)	Prec@5 100.000 (99.990)
Epoch: [21][0/94], lr: 0.00100	Time 29.661 (29.661)	Data 28.864 (28.864)	Loss 0.0666 (0.0666)	Prec@1 98.438 (98.438)	Prec@5 100.000 (100.000)
Epoch: [21][20/94], lr: 0.00100	Time 0.709 (3.991)	Data 0.000 (3.259)	Loss 0.0900 (0.0947)	Prec@1 96.875 (96.838)	Prec@5 100.000 (100.000)
Epoch: [21][40/94], lr: 0.00100	Time 18.386 (3.731)	Data 17.675 (3.009)	Loss 0.0886 (0.0968)	Prec@1 96.094 (96.723)	Prec@5 100.000 (100.000)
Epoch: [21][60/94], lr: 0.00100	Time 0.711 (3.359)	Data 0.000 (2.640)	Loss 0.0421 (0.0921)	Prec@1 98.438 (96.939)	Prec@5 100.000 (100.000)
Epoch: [21][80/94], lr: 0.00100	Time 18.452 (3.420)	Data 17.760 (2.698)	Loss 0.0824 (0.0885)	Prec@1 97.656 (97.039)	Prec@5 100.000 (100.000)
Epoch: [22][0/94], lr: 0.00100	Time 31.210 (31.210)	Data 30.437 (30.437)	Loss 0.0934 (0.0934)	Prec@1 97.656 (97.656)	Prec@5 100.000 (100.000)
Epoch: [22][20/94], lr: 0.00100	Time 0.697 (3.972)	Data 0.000 (3.237)	Loss 0.0435 (0.0790)	Prec@1 100.000 (97.507)	Prec@5 100.000 (100.000)
Epoch: [22][40/94], lr: 0.00100	Time 19.603 (3.766)	Data 18.793 (3.043)	Loss 0.0838 (0.0857)	Prec@1 96.094 (97.085)	Prec@5 100.000 (100.000)
Epoch: [22][60/94], lr: 0.00100	Time 0.708 (3.366)	Data 0.000 (2.641)	Loss 0.1146 (0.0857)	Prec@1 95.312 (97.131)	Prec@5 100.000 (100.000)
Epoch: [22][80/94], lr: 0.00100	Time 17.898 (3.373)	Data 17.269 (2.648)	Loss 0.0919 (0.0844)	Prec@1 98.438 (97.193)	Prec@5 100.000 (100.000)
Epoch: [23][0/94], lr: 0.00100	Time 32.750 (32.750)	Data 31.942 (31.942)	Loss 0.0259 (0.0259)	Prec@1 100.000 (100.000)	Prec@5 100.000 (100.000)
Epoch: [23][20/94], lr: 0.00100	Time 0.699 (4.197)	Data 0.000 (3.471)	Loss 0.0978 (0.0773)	Prec@1 97.656 (97.507)	Prec@5 100.000 (100.000)
Epoch: [23][40/94], lr: 0.00100	Time 20.571 (3.983)	Data 19.870 (3.263)	Loss 0.0604 (0.0789)	Prec@1 98.438 (97.370)	Prec@5 100.000 (100.000)
Epoch: [23][60/94], lr: 0.00100	Time 0.782 (3.558)	Data 0.000 (2.839)	Loss 0.0510 (0.0779)	Prec@1 97.656 (97.439)	Prec@5 100.000 (100.000)
Epoch: [23][80/94], lr: 0.00100	Time 17.063 (3.527)	Data 16.463 (2.812)	Loss 0.0845 (0.0774)	Prec@1 97.656 (97.454)	Prec@5 100.000 (100.000)
Epoch: [24][0/94], lr: 0.00100	Time 30.450 (30.450)	Data 29.748 (29.748)	Loss 0.0485 (0.0485)	Prec@1 99.219 (99.219)	Prec@5 100.000 (100.000)
Epoch: [24][20/94], lr: 0.00100	Time 0.697 (3.940)	Data 0.000 (3.216)	Loss 0.0997 (0.0709)	Prec@1 98.438 (97.731)	Prec@5 100.000 (100.000)
Epoch: [24][40/94], lr: 0.00100	Time 16.912 (3.682)	Data 16.203 (2.961)	Loss 0.0611 (0.0698)	Prec@1 97.656 (97.828)	Prec@5 100.000 (100.000)
Epoch: [24][60/94], lr: 0.00100	Time 0.702 (3.370)	Data 0.000 (2.650)	Loss 0.0913 (0.0715)	Prec@1 95.312 (97.733)	Prec@5 100.000 (100.000)
Epoch: [24][80/94], lr: 0.00100	Time 15.079 (3.335)	Data 14.333 (2.616)	Loss 0.0887 (0.0704)	Prec@1 97.656 (97.849)	Prec@5 100.000 (100.000)
Test: [0/29]	Time 10.575 (10.575)	Loss 0.4977 (0.4977)	Prec@1 84.375 (84.375)	Prec@5 100.000 (100.000)
Test: [20/29]	Time 0.057 (1.063)	Loss 0.0868 (0.5079)	Prec@1 96.875 (86.012)	Prec@5 100.000 (100.000)
Testing Results: Prec@1 87.051 Prec@5 100.000 Loss 0.45844
best_prec1 87.05114245492564
Epoch: [25][0/94], lr: 0.00100	Time 31.994 (31.994)	Data 31.218 (31.218)	Loss 0.0526 (0.0526)	Prec@1 98.438 (98.438)	Prec@5 100.000 (100.000)
Epoch: [25][20/94], lr: 0.00100	Time 0.731 (4.034)	Data 0.000 (3.301)	Loss 0.1541 (0.0740)	Prec@1 92.969 (97.173)	Prec@5 100.000 (100.000)
Epoch: [25][40/94], lr: 0.00100	Time 19.008 (3.780)	Data 18.297 (3.041)	Loss 0.0643 (0.0710)	Prec@1 99.219 (97.561)	Prec@5 100.000 (100.000)
Epoch: [25][60/94], lr: 0.00100	Time 0.711 (3.380)	Data 0.000 (2.647)	Loss 0.0591 (0.0730)	Prec@1 97.656 (97.592)	Prec@5 100.000 (100.000)
Epoch: [25][80/94], lr: 0.00100	Time 17.306 (3.369)	Data 16.678 (2.641)	Loss 0.1105 (0.0712)	Prec@1 95.312 (97.598)	Prec@5 100.000 (100.000)
Epoch: [26][0/94], lr: 0.00100	Time 29.792 (29.792)	Data 29.133 (29.133)	Loss 0.0582 (0.0582)	Prec@1 99.219 (99.219)	Prec@5 100.000 (100.000)
Epoch: [26][20/94], lr: 0.00100	Time 0.704 (3.959)	Data 0.000 (3.234)	Loss 0.0841 (0.0637)	Prec@1 96.875 (98.177)	Prec@5 100.000 (100.000)
Epoch: [26][40/94], lr: 0.00100	Time 16.427 (3.641)	Data 15.705 (2.926)	Loss 0.0898 (0.0630)	Prec@1 97.656 (97.999)	Prec@5 100.000 (100.000)
Epoch: [26][60/94], lr: 0.00100	Time 0.767 (3.324)	Data 0.000 (2.603)	Loss 0.0889 (0.0619)	Prec@1 96.875 (98.053)	Prec@5 100.000 (100.000)
Epoch: [26][80/94], lr: 0.00100	Time 16.196 (3.322)	Data 15.428 (2.593)	Loss 0.0887 (0.0603)	Prec@1 96.875 (98.042)	Prec@5 100.000 (100.000)
Epoch: [27][0/94], lr: 0.00100	Time 32.112 (32.112)	Data 31.331 (31.331)	Loss 0.0447 (0.0447)	Prec@1 98.438 (98.438)	Prec@5 100.000 (100.000)
Epoch: [27][20/94], lr: 0.00100	Time 0.707 (4.024)	Data 0.000 (3.300)	Loss 0.0984 (0.0717)	Prec@1 96.094 (97.582)	Prec@5 100.000 (100.000)
Epoch: [27][40/94], lr: 0.00100	Time 19.221 (3.745)	Data 18.462 (3.022)	Loss 0.0681 (0.0704)	Prec@1 97.656 (97.599)	Prec@5 100.000 (100.000)
Epoch: [27][60/94], lr: 0.00100	Time 0.715 (3.346)	Data 0.000 (2.623)	Loss 0.0483 (0.0702)	Prec@1 99.219 (97.682)	Prec@5 100.000 (100.000)
Epoch: [27][80/94], lr: 0.00100	Time 17.344 (3.366)	Data 16.649 (2.646)	Loss 0.0522 (0.0663)	Prec@1 99.219 (97.820)	Prec@5 100.000 (100.000)
Epoch: [28][0/94], lr: 0.00100	Time 31.531 (31.531)	Data 30.726 (30.726)	Loss 0.0487 (0.0487)	Prec@1 98.438 (98.438)	Prec@5 100.000 (100.000)
Epoch: [28][20/94], lr: 0.00100	Time 0.731 (3.945)	Data 0.000 (3.203)	Loss 0.0423 (0.0650)	Prec@1 99.219 (97.954)	Prec@5 100.000 (100.000)
Epoch: [28][40/94], lr: 0.00100	Time 16.207 (3.657)	Data 15.273 (2.919)	Loss 0.0424 (0.0610)	Prec@1 99.219 (98.018)	Prec@5 100.000 (100.000)
Epoch: [28][60/94], lr: 0.00100	Time 0.802 (3.412)	Data 0.000 (2.680)	Loss 0.0583 (0.0611)	Prec@1 96.875 (97.938)	Prec@5 100.000 (100.000)
Epoch: [28][80/94], lr: 0.00100	Time 8.874 (3.319)	Data 7.921 (2.588)	Loss 0.0410 (0.0621)	Prec@1 99.219 (97.994)	Prec@5 100.000 (100.000)
Epoch: [29][0/94], lr: 0.00100	Time 30.563 (30.563)	Data 29.859 (29.859)	Loss 0.0543 (0.0543)	Prec@1 98.438 (98.438)	Prec@5 100.000 (100.000)
Epoch: [29][20/94], lr: 0.00100	Time 0.697 (4.045)	Data 0.000 (3.300)	Loss 0.0504 (0.0602)	Prec@1 98.438 (98.028)	Prec@5 100.000 (100.000)
Epoch: [29][40/94], lr: 0.00100	Time 12.998 (3.686)	Data 12.196 (2.949)	Loss 0.0676 (0.0608)	Prec@1 96.875 (97.923)	Prec@5 100.000 (100.000)
Epoch: [29][60/94], lr: 0.00100	Time 0.702 (3.458)	Data 0.000 (2.726)	Loss 0.0694 (0.0611)	Prec@1 96.875 (97.964)	Prec@5 100.000 (100.000)
Epoch: [29][80/94], lr: 0.00100	Time 9.865 (3.320)	Data 9.150 (2.593)	Loss 0.0892 (0.0613)	Prec@1 96.875 (97.946)	Prec@5 100.000 (100.000)
Test: [0/29]	Time 11.230 (11.230)	Loss 0.5804 (0.5804)	Prec@1 84.375 (84.375)	Prec@5 100.000 (100.000)
Test: [20/29]	Time 0.069 (1.072)	Loss 0.1779 (0.5613)	Prec@1 96.875 (85.714)	Prec@5 100.000 (100.000)
Testing Results: Prec@1 86.725 Prec@5 100.000 Loss 0.49625
best_prec1 87.05114245492564
Epoch: [30][0/94], lr: 0.00010	Time 30.286 (30.286)	Data 29.481 (29.481)	Loss 0.0632 (0.0632)	Prec@1 97.656 (97.656)	Prec@5 100.000 (100.000)
Epoch: [30][20/94], lr: 0.00010	Time 0.689 (3.990)	Data 0.000 (3.237)	Loss 0.0215 (0.0560)	Prec@1 99.219 (98.028)	Prec@5 100.000 (100.000)
Epoch: [30][40/94], lr: 0.00010	Time 5.440 (3.489)	Data 4.685 (2.752)	Loss 0.0491 (0.0521)	Prec@1 96.875 (98.285)	Prec@5 100.000 (100.000)
Epoch: [30][60/94], lr: 0.00010	Time 0.691 (3.429)	Data 0.000 (2.697)	Loss 0.0282 (0.0495)	Prec@1 100.000 (98.361)	Prec@5 100.000 (100.000)
Epoch: [30][80/94], lr: 0.00010	Time 0.718 (3.205)	Data 0.000 (2.477)	Loss 0.0754 (0.0523)	Prec@1 97.656 (98.351)	Prec@5 100.000 (100.000)
Epoch: [31][0/94], lr: 0.00010	Time 32.449 (32.449)	Data 31.678 (31.678)	Loss 0.0436 (0.0436)	Prec@1 99.219 (99.219)	Prec@5 100.000 (100.000)
Epoch: [31][20/94], lr: 0.00010	Time 0.733 (4.166)	Data 0.001 (3.434)	Loss 0.0406 (0.0489)	Prec@1 98.438 (98.512)	Prec@5 100.000 (100.000)
Epoch: [31][40/94], lr: 0.00010	Time 21.115 (3.961)	Data 20.397 (3.229)	Loss 0.0645 (0.0466)	Prec@1 97.656 (98.628)	Prec@5 100.000 (100.000)
Epoch: [31][60/94], lr: 0.00010	Time 0.735 (3.532)	Data 0.000 (2.808)	Loss 0.0258 (0.0449)	Prec@1 99.219 (98.694)	Prec@5 100.000 (100.000)
Epoch: [31][80/94], lr: 0.00010	Time 18.646 (3.542)	Data 18.036 (2.817)	Loss 0.0302 (0.0463)	Prec@1 99.219 (98.640)	Prec@5 100.000 (100.000)
Epoch: [32][0/94], lr: 0.00010	Time 32.837 (32.837)	Data 32.137 (32.137)	Loss 0.0292 (0.0292)	Prec@1 99.219 (99.219)	Prec@5 100.000 (100.000)
Epoch: [32][20/94], lr: 0.00010	Time 0.696 (4.137)	Data 0.000 (3.427)	Loss 0.0786 (0.0559)	Prec@1 98.438 (98.400)	Prec@5 100.000 (100.000)
Epoch: [32][40/94], lr: 0.00010	Time 20.982 (3.946)	Data 20.298 (3.232)	Loss 0.0423 (0.0524)	Prec@1 98.438 (98.457)	Prec@5 100.000 (100.000)
Epoch: [32][60/94], lr: 0.00010	Time 0.693 (3.536)	Data 0.000 (2.824)	Loss 0.0814 (0.0494)	Prec@1 96.875 (98.489)	Prec@5 100.000 (100.000)
Epoch: [32][80/94], lr: 0.00010	Time 15.641 (3.490)	Data 15.000 (2.779)	Loss 0.0657 (0.0488)	Prec@1 98.438 (98.515)	Prec@5 100.000 (100.000)
Epoch: [33][0/94], lr: 0.00010	Time 31.214 (31.214)	Data 30.475 (30.475)	Loss 0.0251 (0.0251)	Prec@1 100.000 (100.000)	Prec@5 100.000 (100.000)
Epoch: [33][20/94], lr: 0.00010	Time 0.647 (4.078)	Data 0.000 (3.336)	Loss 0.0273 (0.0441)	Prec@1 100.000 (98.847)	Prec@5 100.000 (100.000)
Epoch: [33][40/94], lr: 0.00010	Time 13.721 (3.742)	Data 12.975 (3.007)	Loss 0.0392 (0.0449)	Prec@1 100.000 (98.780)	Prec@5 100.000 (100.000)
Epoch: [33][60/94], lr: 0.00010	Time 0.764 (3.500)	Data 0.000 (2.761)	Loss 0.0300 (0.0471)	Prec@1 100.000 (98.591)	Prec@5 100.000 (100.000)
Epoch: [33][80/94], lr: 0.00010	Time 7.877 (3.359)	Data 7.206 (2.626)	Loss 0.0364 (0.0464)	Prec@1 99.219 (98.640)	Prec@5 100.000 (100.000)
Epoch: [34][0/94], lr: 0.00010	Time 31.995 (31.995)	Data 31.285 (31.285)	Loss 0.0379 (0.0379)	Prec@1 99.219 (99.219)	Prec@5 100.000 (100.000)
Epoch: [34][20/94], lr: 0.00010	Time 0.703 (4.003)	Data 0.000 (3.287)	Loss 0.0358 (0.0473)	Prec@1 98.438 (98.586)	Prec@5 100.000 (100.000)
Epoch: [34][40/94], lr: 0.00010	Time 10.520 (3.551)	Data 9.823 (2.846)	Loss 0.0561 (0.0493)	Prec@1 98.438 (98.399)	Prec@5 100.000 (100.000)
Epoch: [34][60/94], lr: 0.00010	Time 0.705 (3.369)	Data 0.000 (2.661)	Loss 0.0542 (0.0498)	Prec@1 97.656 (98.425)	Prec@5 100.000 (100.000)
Epoch: [34][80/94], lr: 0.00010	Time 8.523 (3.269)	Data 7.824 (2.558)	Loss 0.0365 (0.0542)	Prec@1 99.219 (98.264)	Prec@5 100.000 (100.000)
Test: [0/29]	Time 11.003 (11.003)	Loss 0.6547 (0.6547)	Prec@1 84.375 (84.375)	Prec@5 100.000 (100.000)
Test: [20/29]	Time 0.059 (1.061)	Loss 0.1764 (0.5581)	Prec@1 96.875 (86.012)	Prec@5 100.000 (100.000)
Testing Results: Prec@1 86.507 Prec@5 100.000 Loss 0.49091
best_prec1 87.05114245492564
Epoch: [35][0/94], lr: 0.00010	Time 31.284 (31.284)	Data 30.520 (30.520)	Loss 0.0188 (0.0188)	Prec@1 100.000 (100.000)	Prec@5 100.000 (100.000)
Epoch: [35][20/94], lr: 0.00010	Time 2.035 (4.008)	Data 1.282 (3.258)	Loss 0.0668 (0.0454)	Prec@1 98.438 (98.772)	Prec@5 100.000 (100.000)
Epoch: [35][40/94], lr: 0.00010	Time 16.274 (3.756)	Data 15.519 (3.013)	Loss 0.0506 (0.0467)	Prec@1 97.656 (98.647)	Prec@5 100.000 (100.000)
Epoch: [35][60/94], lr: 0.00010	Time 7.435 (3.476)	Data 6.698 (2.739)	Loss 0.0603 (0.0451)	Prec@1 99.219 (98.706)	Prec@5 100.000 (100.000)
Epoch: [35][80/94], lr: 0.00010	Time 9.417 (3.378)	Data 8.727 (2.647)	Loss 0.0415 (0.0441)	Prec@1 99.219 (98.708)	Prec@5 100.000 (100.000)
Epoch: [36][0/94], lr: 0.00010	Time 30.575 (30.575)	Data 29.777 (29.777)	Loss 0.0292 (0.0292)	Prec@1 99.219 (99.219)	Prec@5 100.000 (100.000)
Epoch: [36][20/94], lr: 0.00010	Time 0.703 (3.994)	Data 0.000 (3.246)	Loss 0.0174 (0.0427)	Prec@1 100.000 (98.624)	Prec@5 100.000 (100.000)
Epoch: [36][40/94], lr: 0.00010	Time 18.511 (3.748)	Data 17.770 (3.011)	Loss 0.0277 (0.0407)	Prec@1 100.000 (98.819)	Prec@5 100.000 (100.000)
Epoch: [36][60/94], lr: 0.00010	Time 0.697 (3.370)	Data 0.000 (2.636)	Loss 0.0614 (0.0440)	Prec@1 97.656 (98.719)	Prec@5 100.000 (100.000)
Epoch: [36][80/94], lr: 0.00010	Time 19.610 (3.390)	Data 19.008 (2.660)	Loss 0.0443 (0.0471)	Prec@1 98.438 (98.640)	Prec@5 100.000 (100.000)
Epoch: [37][0/94], lr: 0.00010	Time 29.416 (29.416)	Data 28.704 (28.704)	Loss 0.0277 (0.0277)	Prec@1 99.219 (99.219)	Prec@5 100.000 (100.000)
Epoch: [37][20/94], lr: 0.00010	Time 0.729 (3.834)	Data 0.000 (3.096)	Loss 0.0853 (0.0571)	Prec@1 96.094 (97.954)	Prec@5 100.000 (100.000)
Epoch: [37][40/94], lr: 0.00010	Time 17.206 (3.637)	Data 16.471 (2.904)	Loss 0.0458 (0.0524)	Prec@1 99.219 (98.190)	Prec@5 100.000 (100.000)
Epoch: [37][60/94], lr: 0.00010	Time 0.701 (3.269)	Data 0.000 (2.539)	Loss 0.0327 (0.0500)	Prec@1 99.219 (98.258)	Prec@5 100.000 (100.000)
Epoch: [37][80/94], lr: 0.00010	Time 17.342 (3.297)	Data 16.610 (2.560)	Loss 0.0510 (0.0487)	Prec@1 98.438 (98.293)	Prec@5 100.000 (100.000)
Epoch: [38][0/94], lr: 0.00010	Time 30.086 (30.086)	Data 29.370 (29.370)	Loss 0.0230 (0.0230)	Prec@1 99.219 (99.219)	Prec@5 100.000 (100.000)
Epoch: [38][20/94], lr: 0.00010	Time 0.725 (3.879)	Data 0.000 (3.126)	Loss 0.0383 (0.0462)	Prec@1 99.219 (98.289)	Prec@5 100.000 (100.000)
Epoch: [38][40/94], lr: 0.00010	Time 14.264 (3.625)	Data 13.499 (2.883)	Loss 0.0319 (0.0434)	Prec@1 99.219 (98.514)	Prec@5 100.000 (100.000)
Epoch: [38][60/94], lr: 0.00010	Time 0.703 (3.396)	Data 0.000 (2.661)	Loss 0.0253 (0.0454)	Prec@1 100.000 (98.450)	Prec@5 100.000 (100.000)
Epoch: [38][80/94], lr: 0.00010	Time 9.418 (3.302)	Data 8.639 (2.572)	Loss 0.0487 (0.0454)	Prec@1 97.656 (98.428)	Prec@5 100.000 (100.000)
Epoch: [39][0/94], lr: 0.00010	Time 30.405 (30.405)	Data 29.719 (29.719)	Loss 0.0210 (0.0210)	Prec@1 99.219 (99.219)	Prec@5 100.000 (100.000)
Epoch: [39][20/94], lr: 0.00010	Time 0.703 (4.015)	Data 0.000 (3.263)	Loss 0.0787 (0.0532)	Prec@1 96.875 (98.177)	Prec@5 100.000 (100.000)
Epoch: [39][40/94], lr: 0.00010	Time 18.373 (3.759)	Data 17.577 (3.018)	Loss 0.0162 (0.0478)	Prec@1 100.000 (98.399)	Prec@5 100.000 (100.000)
Epoch: [39][60/94], lr: 0.00010	Time 0.711 (3.367)	Data 0.000 (2.630)	Loss 0.0455 (0.0480)	Prec@1 98.438 (98.361)	Prec@5 100.000 (100.000)
Epoch: [39][80/94], lr: 0.00010	Time 17.775 (3.360)	Data 16.981 (2.628)	Loss 0.0326 (0.0449)	Prec@1 98.438 (98.495)	Prec@5 100.000 (100.000)
Test: [0/29]	Time 11.084 (11.084)	Loss 0.5879 (0.5879)	Prec@1 84.375 (84.375)	Prec@5 100.000 (100.000)
Test: [20/29]	Time 0.072 (1.087)	Loss 0.1915 (0.5624)	Prec@1 96.875 (86.161)	Prec@5 100.000 (100.000)
Testing Results: Prec@1 87.160 Prec@5 100.000 Loss 0.49514
best_prec1 87.15995652423979
Epoch: [40][0/94], lr: 0.00010	Time 31.380 (31.380)	Data 30.494 (30.494)	Loss 0.0531 (0.0531)	Prec@1 97.656 (97.656)	Prec@5 100.000 (100.000)
Epoch: [40][20/94], lr: 0.00010	Time 0.796 (4.057)	Data 0.000 (3.324)	Loss 0.0241 (0.0427)	Prec@1 100.000 (98.772)	Prec@5 100.000 (100.000)
Epoch: [40][40/94], lr: 0.00010	Time 22.066 (3.873)	Data 21.168 (3.137)	Loss 0.0794 (0.0495)	Prec@1 96.875 (98.457)	Prec@5 100.000 (100.000)
Epoch: [40][60/94], lr: 0.00010	Time 0.775 (3.510)	Data 0.000 (2.775)	Loss 0.0632 (0.0497)	Prec@1 97.656 (98.463)	Prec@5 100.000 (99.987)
Epoch: [40][80/94], lr: 0.00010	Time 16.941 (3.510)	Data 16.326 (2.784)	Loss 0.0436 (0.0499)	Prec@1 99.219 (98.418)	Prec@5 100.000 (99.990)
Epoch: [41][0/94], lr: 0.00010	Time 31.971 (31.971)	Data 31.197 (31.197)	Loss 0.0305 (0.0305)	Prec@1 100.000 (100.000)	Prec@5 100.000 (100.000)
Epoch: [41][20/94], lr: 0.00010	Time 0.776 (4.033)	Data 0.000 (3.286)	Loss 0.0499 (0.0420)	Prec@1 97.656 (98.772)	Prec@5 100.000 (100.000)
Epoch: [41][40/94], lr: 0.00010	Time 14.125 (3.713)	Data 13.362 (2.974)	Loss 0.0639 (0.0465)	Prec@1 96.094 (98.514)	Prec@5 100.000 (100.000)
Epoch: [41][60/94], lr: 0.00010	Time 0.715 (3.507)	Data 0.000 (2.773)	Loss 0.0807 (0.0462)	Prec@1 97.656 (98.502)	Prec@5 100.000 (100.000)
Epoch: [41][80/94], lr: 0.00010	Time 5.618 (3.365)	Data 4.806 (2.631)	Loss 0.0681 (0.0486)	Prec@1 96.875 (98.476)	Prec@5 100.000 (100.000)
Epoch: [42][0/94], lr: 0.00010	Time 30.832 (30.832)	Data 30.036 (30.036)	Loss 0.0655 (0.0655)	Prec@1 96.875 (96.875)	Prec@5 100.000 (100.000)
Epoch: [42][20/94], lr: 0.00010	Time 1.877 (4.039)	Data 1.112 (3.273)	Loss 0.0999 (0.0460)	Prec@1 95.312 (98.475)	Prec@5 100.000 (100.000)
Epoch: [42][40/94], lr: 0.00010	Time 15.301 (3.725)	Data 14.405 (2.973)	Loss 0.0456 (0.0414)	Prec@1 97.656 (98.704)	Prec@5 100.000 (100.000)
Epoch: [42][60/94], lr: 0.00010	Time 7.438 (3.476)	Data 6.700 (2.725)	Loss 0.0387 (0.0432)	Prec@1 98.438 (98.630)	Prec@5 100.000 (100.000)
Epoch: [42][80/94], lr: 0.00010	Time 15.122 (3.481)	Data 14.395 (2.714)	Loss 0.0302 (0.0426)	Prec@1 99.219 (98.669)	Prec@5 100.000 (100.000)
Epoch: [43][0/94], lr: 0.00010	Time 33.919 (33.919)	Data 33.080 (33.080)	Loss 0.0371 (0.0371)	Prec@1 99.219 (99.219)	Prec@5 100.000 (100.000)
Epoch: [43][20/94], lr: 0.00010	Time 0.732 (4.254)	Data 0.000 (3.462)	Loss 0.0330 (0.0352)	Prec@1 98.438 (99.070)	Prec@5 100.000 (100.000)
Epoch: [43][40/94], lr: 0.00010	Time 20.451 (4.020)	Data 19.650 (3.226)	Loss 0.0916 (0.0404)	Prec@1 96.094 (98.761)	Prec@5 100.000 (100.000)
Epoch: [43][60/94], lr: 0.00010	Time 0.795 (3.646)	Data 0.000 (2.855)	Loss 0.0299 (0.0409)	Prec@1 99.219 (98.655)	Prec@5 100.000 (100.000)
Epoch: [43][80/94], lr: 0.00010	Time 17.200 (3.663)	Data 16.325 (2.867)	Loss 0.0146 (0.0406)	Prec@1 100.000 (98.650)	Prec@5 100.000 (100.000)
Epoch: [44][0/94], lr: 0.00010	Time 32.789 (32.789)	Data 31.925 (31.925)	Loss 0.0959 (0.0959)	Prec@1 96.875 (96.875)	Prec@5 100.000 (100.000)
Epoch: [44][20/94], lr: 0.00010	Time 0.842 (4.290)	Data 0.000 (3.474)	Loss 0.0300 (0.0456)	Prec@1 99.219 (98.512)	Prec@5 100.000 (100.000)
Epoch: [44][40/94], lr: 0.00010	Time 20.995 (4.093)	Data 20.181 (3.283)	Loss 0.0373 (0.0432)	Prec@1 99.219 (98.666)	Prec@5 100.000 (100.000)
Epoch: [44][60/94], lr: 0.00010	Time 0.764 (3.693)	Data 0.000 (2.886)	Loss 0.0443 (0.0433)	Prec@1 98.438 (98.719)	Prec@5 100.000 (100.000)
Epoch: [44][80/94], lr: 0.00010	Time 19.491 (3.719)	Data 18.719 (2.912)	Loss 0.0422 (0.0438)	Prec@1 98.438 (98.698)	Prec@5 100.000 (100.000)
Test: [0/29]	Time 11.146 (11.146)	Loss 0.4798 (0.4798)	Prec@1 84.375 (84.375)	Prec@5 100.000 (100.000)
Test: [20/29]	Time 0.076 (1.131)	Loss 0.1908 (0.5472)	Prec@1 96.875 (86.458)	Prec@5 100.000 (100.000)
Testing Results: Prec@1 87.378 Prec@5 100.000 Loss 0.49112
best_prec1 87.3775843806054
Epoch: [45][0/94], lr: 0.00010	Time 32.675 (32.675)	Data 31.731 (31.731)	Loss 0.0304 (0.0304)	Prec@1 99.219 (99.219)	Prec@5 100.000 (100.000)
Epoch: [45][20/94], lr: 0.00010	Time 0.786 (4.250)	Data 0.001 (3.439)	Loss 0.0216 (0.0495)	Prec@1 99.219 (98.363)	Prec@5 100.000 (100.000)
Epoch: [45][40/94], lr: 0.00010	Time 19.114 (4.004)	Data 18.370 (3.198)	Loss 0.0974 (0.0524)	Prec@1 97.656 (98.399)	Prec@5 100.000 (100.000)
Epoch: [45][60/94], lr: 0.00010	Time 0.756 (3.634)	Data 0.014 (2.833)	Loss 0.0344 (0.0484)	Prec@1 98.438 (98.476)	Prec@5 100.000 (100.000)
Epoch: [45][80/94], lr: 0.00010	Time 16.696 (3.635)	Data 15.857 (2.832)	Loss 0.0194 (0.0494)	Prec@1 100.000 (98.399)	Prec@5 100.000 (100.000)
Epoch: [46][0/94], lr: 0.00010	Time 33.143 (33.143)	Data 32.337 (32.337)	Loss 0.0221 (0.0221)	Prec@1 99.219 (99.219)	Prec@5 100.000 (100.000)
Epoch: [46][20/94], lr: 0.00010	Time 0.802 (4.316)	Data 0.000 (3.528)	Loss 0.0084 (0.0409)	Prec@1 100.000 (98.847)	Prec@5 100.000 (100.000)
Epoch: [46][40/94], lr: 0.00010	Time 21.859 (4.093)	Data 20.860 (3.306)	Loss 0.0477 (0.0397)	Prec@1 98.438 (98.914)	Prec@5 100.000 (100.000)
Epoch: [46][60/94], lr: 0.00010	Time 0.777 (3.684)	Data 0.000 (2.897)	Loss 0.0080 (0.0399)	Prec@1 100.000 (98.899)	Prec@5 100.000 (100.000)
Epoch: [46][80/94], lr: 0.00010	Time 20.326 (3.709)	Data 19.512 (2.923)	Loss 0.0247 (0.0416)	Prec@1 98.438 (98.785)	Prec@5 100.000 (100.000)
Epoch: [47][0/94], lr: 0.00010	Time 31.394 (31.394)	Data 30.584 (30.584)	Loss 0.0285 (0.0285)	Prec@1 99.219 (99.219)	Prec@5 100.000 (100.000)
Epoch: [47][20/94], lr: 0.00010	Time 0.795 (4.214)	Data 0.000 (3.406)	Loss 0.0306 (0.0442)	Prec@1 98.438 (98.698)	Prec@5 100.000 (100.000)
Epoch: [47][40/94], lr: 0.00010	Time 19.137 (3.976)	Data 18.373 (3.170)	Loss 0.0530 (0.0459)	Prec@1 98.438 (98.590)	Prec@5 100.000 (100.000)
Epoch: [47][60/94], lr: 0.00010	Time 0.776 (3.663)	Data 0.000 (2.861)	Loss 0.0488 (0.0447)	Prec@1 97.656 (98.617)	Prec@5 100.000 (100.000)
Epoch: [47][80/94], lr: 0.00010	Time 18.314 (3.662)	Data 17.581 (2.863)	Loss 0.0502 (0.0457)	Prec@1 98.438 (98.601)	Prec@5 100.000 (100.000)
Epoch: [48][0/94], lr: 0.00010	Time 32.876 (32.876)	Data 32.002 (32.002)	Loss 0.0365 (0.0365)	Prec@1 99.219 (99.219)	Prec@5 100.000 (100.000)
Epoch: [48][20/94], lr: 0.00010	Time 0.810 (4.305)	Data 0.000 (3.488)	Loss 0.0546 (0.0454)	Prec@1 97.656 (98.549)	Prec@5 100.000 (100.000)
Epoch: [48][40/94], lr: 0.00010	Time 21.757 (4.091)	Data 20.920 (3.283)	Loss 0.0187 (0.0433)	Prec@1 100.000 (98.704)	Prec@5 100.000 (100.000)
Epoch: [48][60/94], lr: 0.00010	Time 0.793 (3.706)	Data 0.000 (2.895)	Loss 0.0427 (0.0445)	Prec@1 99.219 (98.591)	Prec@5 100.000 (100.000)
Epoch: [48][80/94], lr: 0.00010	Time 20.180 (3.728)	Data 19.289 (2.921)	Loss 0.0553 (0.0454)	Prec@1 97.656 (98.553)	Prec@5 100.000 (100.000)
Epoch: [49][0/94], lr: 0.00010	Time 33.357 (33.357)	Data 32.566 (32.566)	Loss 0.0327 (0.0327)	Prec@1 99.219 (99.219)	Prec@5 100.000 (100.000)
Epoch: [49][20/94], lr: 0.00010	Time 0.792 (4.217)	Data 0.000 (3.430)	Loss 0.0571 (0.0449)	Prec@1 97.656 (98.624)	Prec@5 100.000 (100.000)
Epoch: [49][40/94], lr: 0.00010	Time 20.410 (4.023)	Data 19.661 (3.223)	Loss 0.0333 (0.0455)	Prec@1 98.438 (98.533)	Prec@5 100.000 (100.000)
Epoch: [49][60/94], lr: 0.00010	Time 0.777 (3.626)	Data 0.000 (2.819)	Loss 0.0206 (0.0436)	Prec@1 100.000 (98.706)	Prec@5 100.000 (100.000)
Epoch: [49][80/94], lr: 0.00010	Time 19.331 (3.657)	Data 18.596 (2.852)	Loss 0.0817 (0.0451)	Prec@1 97.656 (98.659)	Prec@5 100.000 (100.000)
Test: [0/29]	Time 11.253 (11.253)	Loss 0.5782 (0.5782)	Prec@1 84.375 (84.375)	Prec@5 100.000 (100.000)
Test: [20/29]	Time 0.087 (1.132)	Loss 0.1847 (0.5541)	Prec@1 96.875 (86.012)	Prec@5 100.000 (100.000)
Testing Results: Prec@1 86.616 Prec@5 100.000 Loss 0.48689
best_prec1 87.3775843806054
Epoch: [50][0/94], lr: 0.00010	Time 32.921 (32.921)	Data 32.080 (32.080)	Loss 0.0596 (0.0596)	Prec@1 97.656 (97.656)	Prec@5 100.000 (100.000)
Epoch: [50][20/94], lr: 0.00010	Time 0.773 (4.281)	Data 0.000 (3.505)	Loss 0.0168 (0.0380)	Prec@1 100.000 (98.958)	Prec@5 100.000 (100.000)
Epoch: [50][40/94], lr: 0.00010	Time 18.572 (4.017)	Data 17.709 (3.233)	Loss 0.0661 (0.0412)	Prec@1 97.656 (98.800)	Prec@5 100.000 (100.000)
Epoch: [50][60/94], lr: 0.00010	Time 0.814 (3.704)	Data 0.000 (2.915)	Loss 0.0321 (0.0409)	Prec@1 99.219 (98.822)	Prec@5 100.000 (100.000)
Epoch: [50][80/94], lr: 0.00010	Time 11.891 (3.646)	Data 11.165 (2.856)	Loss 0.0737 (0.0409)	Prec@1 96.094 (98.756)	Prec@5 100.000 (100.000)
Epoch: [51][0/94], lr: 0.00010	Time 31.370 (31.370)	Data 30.565 (30.565)	Loss 0.0379 (0.0379)	Prec@1 99.219 (99.219)	Prec@5 100.000 (100.000)
Epoch: [51][20/94], lr: 0.00010	Time 0.782 (4.247)	Data 0.000 (3.458)	Loss 0.0696 (0.0457)	Prec@1 96.875 (98.661)	Prec@5 100.000 (100.000)
Epoch: [51][40/94], lr: 0.00010	Time 17.428 (3.959)	Data 16.634 (3.173)	Loss 0.0176 (0.0422)	Prec@1 100.000 (98.609)	Prec@5 100.000 (100.000)
Epoch: [51][60/94], lr: 0.00010	Time 0.740 (3.646)	Data 0.000 (2.864)	Loss 0.0505 (0.0425)	Prec@1 97.656 (98.668)	Prec@5 100.000 (100.000)
Epoch: [51][80/94], lr: 0.00010	Time 16.083 (3.616)	Data 15.308 (2.833)	Loss 0.0157 (0.0432)	Prec@1 100.000 (98.601)	Prec@5 100.000 (100.000)
Epoch: [52][0/94], lr: 0.00010	Time 32.852 (32.852)	Data 32.010 (32.010)	Loss 0.0497 (0.0497)	Prec@1 98.438 (98.438)	Prec@5 100.000 (100.000)
Epoch: [52][20/94], lr: 0.00010	Time 0.780 (4.259)	Data 0.000 (3.469)	Loss 0.0645 (0.0522)	Prec@1 96.875 (98.289)	Prec@5 100.000 (100.000)
Epoch: [52][40/94], lr: 0.00010	Time 22.087 (4.087)	Data 21.349 (3.307)	Loss 0.0852 (0.0505)	Prec@1 96.875 (98.342)	Prec@5 100.000 (100.000)
Epoch: [52][60/94], lr: 0.00010	Time 0.795 (3.673)	Data 0.000 (2.888)	Loss 0.0957 (0.0473)	Prec@1 97.656 (98.489)	Prec@5 100.000 (100.000)
Epoch: [52][80/94], lr: 0.00010	Time 20.302 (3.716)	Data 19.585 (2.932)	Loss 0.0592 (0.0477)	Prec@1 96.094 (98.466)	Prec@5 100.000 (100.000)
Epoch: [53][0/94], lr: 0.00010	Time 34.135 (34.135)	Data 33.292 (33.292)	Loss 0.0719 (0.0719)	Prec@1 96.094 (96.094)	Prec@5 100.000 (100.000)
Epoch: [53][20/94], lr: 0.00010	Time 0.790 (4.292)	Data 0.000 (3.488)	Loss 0.0389 (0.0461)	Prec@1 98.438 (98.586)	Prec@5 100.000 (100.000)
Epoch: [53][40/94], lr: 0.00010	Time 19.292 (4.045)	Data 18.386 (3.238)	Loss 0.0361 (0.0455)	Prec@1 99.219 (98.552)	Prec@5 100.000 (100.000)
Epoch: [53][60/94], lr: 0.00010	Time 1.009 (3.645)	Data 0.310 (2.841)	Loss 0.0355 (0.0473)	Prec@1 98.438 (98.438)	Prec@5 100.000 (100.000)
Epoch: [53][80/94], lr: 0.00010	Time 17.700 (3.670)	Data 16.886 (2.871)	Loss 0.0536 (0.0464)	Prec@1 98.438 (98.476)	Prec@5 100.000 (100.000)
Epoch: [54][0/94], lr: 0.00010	Time 32.210 (32.210)	Data 31.388 (31.388)	Loss 0.0318 (0.0318)	Prec@1 98.438 (98.438)	Prec@5 100.000 (100.000)
Epoch: [54][20/94], lr: 0.00010	Time 0.787 (4.210)	Data 0.001 (3.405)	Loss 0.0136 (0.0354)	Prec@1 100.000 (98.921)	Prec@5 100.000 (100.000)
Epoch: [54][40/94], lr: 0.00010	Time 19.204 (3.964)	Data 18.389 (3.156)	Loss 0.0603 (0.0407)	Prec@1 98.438 (98.800)	Prec@5 100.000 (100.000)
Epoch: [54][60/94], lr: 0.00010	Time 0.876 (3.631)	Data 0.000 (2.827)	Loss 0.0438 (0.0415)	Prec@1 99.219 (98.732)	Prec@5 100.000 (100.000)
Epoch: [54][80/94], lr: 0.00010	Time 17.435 (3.637)	Data 16.702 (2.835)	Loss 0.0474 (0.0432)	Prec@1 96.875 (98.669)	Prec@5 100.000 (100.000)
Test: [0/29]	Time 11.126 (11.126)	Loss 0.5571 (0.5571)	Prec@1 84.375 (84.375)	Prec@5 100.000 (100.000)
Test: [20/29]	Time 0.100 (1.134)	Loss 0.1861 (0.5581)	Prec@1 96.875 (85.565)	Prec@5 100.000 (100.000)
Testing Results: Prec@1 86.725 Prec@5 100.000 Loss 0.49679
best_prec1 87.3775843806054
Epoch: [55][0/94], lr: 0.00010	Time 33.821 (33.821)	Data 33.026 (33.026)	Loss 0.0367 (0.0367)	Prec@1 98.438 (98.438)	Prec@5 100.000 (100.000)
Epoch: [55][20/94], lr: 0.00010	Time 0.725 (4.332)	Data 0.000 (3.546)	Loss 0.0396 (0.0397)	Prec@1 97.656 (98.735)	Prec@5 100.000 (100.000)
Epoch: [55][40/94], lr: 0.00010	Time 22.023 (4.114)	Data 21.202 (3.327)	Loss 0.0256 (0.0424)	Prec@1 99.219 (98.761)	Prec@5 100.000 (100.000)
Epoch: [55][60/94], lr: 0.00010	Time 0.711 (3.681)	Data 0.000 (2.899)	Loss 0.0179 (0.0425)	Prec@1 99.219 (98.758)	Prec@5 100.000 (100.000)
Epoch: [55][80/94], lr: 0.00010	Time 20.610 (3.719)	Data 19.983 (2.939)	Loss 0.0216 (0.0434)	Prec@1 99.219 (98.650)	Prec@5 100.000 (100.000)
Epoch: [56][0/94], lr: 0.00010	Time 30.996 (30.996)	Data 30.174 (30.174)	Loss 0.0365 (0.0365)	Prec@1 97.656 (97.656)	Prec@5 100.000 (100.000)
Epoch: [56][20/94], lr: 0.00010	Time 0.799 (4.267)	Data 0.000 (3.465)	Loss 0.0310 (0.0393)	Prec@1 100.000 (98.884)	Prec@5 100.000 (100.000)
Epoch: [56][40/94], lr: 0.00010	Time 19.931 (3.995)	Data 19.147 (3.191)	Loss 0.0425 (0.0408)	Prec@1 98.438 (98.742)	Prec@5 100.000 (100.000)
Epoch: [56][60/94], lr: 0.00010	Time 0.779 (3.644)	Data 0.000 (2.845)	Loss 0.0220 (0.0429)	Prec@1 99.219 (98.630)	Prec@5 100.000 (100.000)
Epoch: [56][80/94], lr: 0.00010	Time 17.200 (3.641)	Data 16.424 (2.846)	Loss 0.1299 (0.0450)	Prec@1 96.094 (98.553)	Prec@5 100.000 (100.000)
Epoch: [57][0/94], lr: 0.00010	Time 31.290 (31.290)	Data 30.411 (30.411)	Loss 0.0578 (0.0578)	Prec@1 98.438 (98.438)	Prec@5 100.000 (100.000)
Epoch: [57][20/94], lr: 0.00010	Time 0.793 (4.285)	Data 0.000 (3.480)	Loss 0.0239 (0.0485)	Prec@1 99.219 (98.400)	Prec@5 100.000 (100.000)
Epoch: [57][40/94], lr: 0.00010	Time 21.387 (4.056)	Data 20.561 (3.260)	Loss 0.0574 (0.0483)	Prec@1 98.438 (98.476)	Prec@5 100.000 (100.000)
Epoch: [57][60/94], lr: 0.00010	Time 0.797 (3.649)	Data 0.000 (2.855)	Loss 0.0413 (0.0465)	Prec@1 98.438 (98.540)	Prec@5 100.000 (100.000)
Epoch: [57][80/94], lr: 0.00010	Time 19.960 (3.689)	Data 19.250 (2.902)	Loss 0.0459 (0.0465)	Prec@1 98.438 (98.573)	Prec@5 100.000 (100.000)
Epoch: [58][0/94], lr: 0.00010	Time 31.698 (31.698)	Data 30.992 (30.992)	Loss 0.0221 (0.0221)	Prec@1 99.219 (99.219)	Prec@5 100.000 (100.000)
Epoch: [58][20/94], lr: 0.00010	Time 0.798 (4.304)	Data 0.000 (3.524)	Loss 0.0329 (0.0379)	Prec@1 99.219 (98.884)	Prec@5 100.000 (100.000)
Epoch: [58][40/94], lr: 0.00010	Time 19.102 (4.054)	Data 18.283 (3.273)	Loss 0.0378 (0.0377)	Prec@1 99.219 (98.933)	Prec@5 100.000 (100.000)
Epoch: [58][60/94], lr: 0.00010	Time 0.787 (3.716)	Data 0.000 (2.932)	Loss 0.0548 (0.0423)	Prec@1 97.656 (98.655)	Prec@5 100.000 (100.000)
Epoch: [58][80/94], lr: 0.00010	Time 18.546 (3.730)	Data 17.836 (2.948)	Loss 0.0860 (0.0434)	Prec@1 96.875 (98.601)	Prec@5 100.000 (100.000)
Epoch: [59][0/94], lr: 0.00010	Time 31.791 (31.791)	Data 30.948 (30.948)	Loss 0.0192 (0.0192)	Prec@1 99.219 (99.219)	Prec@5 100.000 (100.000)
Epoch: [59][20/94], lr: 0.00010	Time 0.800 (4.250)	Data 0.000 (3.434)	Loss 0.0448 (0.0358)	Prec@1 99.219 (99.107)	Prec@5 100.000 (100.000)
Epoch: [59][40/94], lr: 0.00010	Time 19.966 (4.029)	Data 19.097 (3.215)	Loss 0.0438 (0.0409)	Prec@1 99.219 (98.819)	Prec@5 100.000 (100.000)
Epoch: [59][60/94], lr: 0.00010	Time 0.791 (3.645)	Data 0.000 (2.838)	Loss 0.0428 (0.0430)	Prec@1 97.656 (98.758)	Prec@5 100.000 (100.000)
Epoch: [59][80/94], lr: 0.00010	Time 20.460 (3.692)	Data 19.760 (2.890)	Loss 0.0235 (0.0424)	Prec@1 100.000 (98.794)	Prec@5 100.000 (100.000)
Test: [0/29]	Time 11.368 (11.368)	Loss 0.5496 (0.5496)	Prec@1 84.375 (84.375)	Prec@5 100.000 (100.000)
Test: [20/29]	Time 0.080 (1.131)	Loss 0.1974 (0.5559)	Prec@1 96.875 (87.351)	Prec@5 100.000 (100.000)
Testing Results: Prec@1 87.813 Prec@5 100.000 Loss 0.50013
best_prec1 87.8128399522053
Epoch: [60][0/94], lr: 0.00001	Time 31.541 (31.541)	Data 30.754 (30.754)	Loss 0.0382 (0.0382)	Prec@1 99.219 (99.219)	Prec@5 100.000 (100.000)
Epoch: [60][20/94], lr: 0.00001	Time 0.781 (4.249)	Data 0.000 (3.468)	Loss 0.0416 (0.0402)	Prec@1 98.438 (98.884)	Prec@5 100.000 (100.000)
Epoch: [60][40/94], lr: 0.00001	Time 18.298 (3.952)	Data 17.490 (3.170)	Loss 0.0452 (0.0417)	Prec@1 99.219 (98.819)	Prec@5 100.000 (100.000)
Epoch: [60][60/94], lr: 0.00001	Time 0.800 (3.637)	Data 0.000 (2.853)	Loss 0.0167 (0.0396)	Prec@1 100.000 (98.835)	Prec@5 100.000 (100.000)
Epoch: [60][80/94], lr: 0.00001	Time 16.387 (3.640)	Data 15.600 (2.857)	Loss 0.0769 (0.0410)	Prec@1 96.875 (98.708)	Prec@5 100.000 (100.000)
Epoch: [61][0/94], lr: 0.00001	Time 33.469 (33.469)	Data 32.776 (32.776)	Loss 0.0799 (0.0799)	Prec@1 98.438 (98.438)	Prec@5 100.000 (100.000)
Epoch: [61][20/94], lr: 0.00001	Time 0.815 (4.222)	Data 0.000 (3.439)	Loss 0.0260 (0.0376)	Prec@1 99.219 (98.847)	Prec@5 100.000 (100.000)
Epoch: [61][40/94], lr: 0.00001	Time 21.663 (4.079)	Data 20.808 (3.292)	Loss 0.0505 (0.0404)	Prec@1 99.219 (98.819)	Prec@5 100.000 (100.000)
Epoch: [61][60/94], lr: 0.00001	Time 0.800 (3.678)	Data 0.045 (2.890)	Loss 0.0056 (0.0404)	Prec@1 100.000 (98.783)	Prec@5 100.000 (100.000)
Epoch: [61][80/94], lr: 0.00001	Time 21.267 (3.726)	Data 20.492 (2.939)	Loss 0.0412 (0.0403)	Prec@1 97.656 (98.775)	Prec@5 100.000 (100.000)
Epoch: [62][0/94], lr: 0.00001	Time 33.525 (33.525)	Data 32.692 (32.692)	Loss 0.0123 (0.0123)	Prec@1 100.000 (100.000)	Prec@5 100.000 (100.000)
Epoch: [62][20/94], lr: 0.00001	Time 0.803 (4.301)	Data 0.000 (3.506)	Loss 0.0446 (0.0420)	Prec@1 97.656 (98.661)	Prec@5 100.000 (100.000)
Epoch: [62][40/94], lr: 0.00001	Time 20.901 (4.074)	Data 19.909 (3.272)	Loss 0.0408 (0.0410)	Prec@1 98.438 (98.666)	Prec@5 100.000 (100.000)
Epoch: [62][60/94], lr: 0.00001	Time 0.703 (3.663)	Data 0.000 (2.865)	Loss 0.0550 (0.0408)	Prec@1 97.656 (98.681)	Prec@5 100.000 (100.000)
Epoch: [62][80/94], lr: 0.00001	Time 20.832 (3.705)	Data 20.136 (2.908)	Loss 0.0451 (0.0395)	Prec@1 98.438 (98.775)	Prec@5 100.000 (100.000)
Epoch: [63][0/94], lr: 0.00001	Time 33.670 (33.670)	Data 32.779 (32.779)	Loss 0.0179 (0.0179)	Prec@1 100.000 (100.000)	Prec@5 100.000 (100.000)
Epoch: [63][20/94], lr: 0.00001	Time 0.778 (4.308)	Data 0.000 (3.520)	Loss 0.0182 (0.0437)	Prec@1 100.000 (98.661)	Prec@5 100.000 (100.000)
Epoch: [63][40/94], lr: 0.00001	Time 21.267 (4.065)	Data 20.487 (3.283)	Loss 0.0476 (0.0435)	Prec@1 98.438 (98.647)	Prec@5 100.000 (100.000)
Epoch: [63][60/94], lr: 0.00001	Time 0.789 (3.667)	Data 0.000 (2.884)	Loss 0.0325 (0.0429)	Prec@1 98.438 (98.630)	Prec@5 100.000 (100.000)
Epoch: [63][80/94], lr: 0.00001	Time 20.667 (3.714)	Data 19.981 (2.934)	Loss 0.0139 (0.0431)	Prec@1 100.000 (98.659)	Prec@5 100.000 (100.000)
Epoch: [64][0/94], lr: 0.00001	Time 33.412 (33.412)	Data 32.586 (32.586)	Loss 0.0420 (0.0420)	Prec@1 98.438 (98.438)	Prec@5 100.000 (100.000)
Epoch: [64][20/94], lr: 0.00001	Time 0.705 (4.253)	Data 0.000 (3.461)	Loss 0.0354 (0.0395)	Prec@1 99.219 (98.772)	Prec@5 100.000 (100.000)
Epoch: [64][40/94], lr: 0.00001	Time 20.606 (4.020)	Data 19.786 (3.220)	Loss 0.0255 (0.0431)	Prec@1 99.219 (98.666)	Prec@5 100.000 (100.000)
Epoch: [64][60/94], lr: 0.00001	Time 0.799 (3.644)	Data 0.000 (2.843)	Loss 0.0201 (0.0436)	Prec@1 99.219 (98.681)	Prec@5 100.000 (100.000)
Epoch: [64][80/94], lr: 0.00001	Time 16.231 (3.638)	Data 15.424 (2.837)	Loss 0.0259 (0.0427)	Prec@1 100.000 (98.679)	Prec@5 100.000 (100.000)
Test: [0/29]	Time 11.247 (11.247)	Loss 0.6118 (0.6118)	Prec@1 84.375 (84.375)	Prec@5 100.000 (100.000)
Test: [20/29]	Time 0.063 (1.142)	Loss 0.1567 (0.5645)	Prec@1 96.875 (85.565)	Prec@5 100.000 (100.000)
Testing Results: Prec@1 86.398 Prec@5 100.000 Loss 0.50718
best_prec1 87.8128399522053
Epoch: [65][0/94], lr: 0.00001	Time 32.313 (32.313)	Data 31.509 (31.509)	Loss 0.0430 (0.0430)	Prec@1 98.438 (98.438)	Prec@5 100.000 (100.000)
Epoch: [65][20/94], lr: 0.00001	Time 0.786 (4.234)	Data 0.000 (3.416)	Loss 0.0166 (0.0452)	Prec@1 100.000 (98.475)	Prec@5 100.000 (100.000)
Epoch: [65][40/94], lr: 0.00001	Time 16.270 (3.946)	Data 15.383 (3.135)	Loss 0.0455 (0.0413)	Prec@1 99.219 (98.609)	Prec@5 100.000 (100.000)
Epoch: [65][60/94], lr: 0.00001	Time 0.736 (3.687)	Data 0.000 (2.882)	Loss 0.0540 (0.0399)	Prec@1 97.656 (98.681)	Prec@5 100.000 (100.000)
Epoch: [65][80/94], lr: 0.00001	Time 9.274 (3.587)	Data 8.499 (2.786)	Loss 0.0481 (0.0388)	Prec@1 97.656 (98.727)	Prec@5 100.000 (100.000)
Epoch: [66][0/94], lr: 0.00001	Time 33.079 (33.079)	Data 32.192 (32.192)	Loss 0.0630 (0.0630)	Prec@1 98.438 (98.438)	Prec@5 100.000 (100.000)
Epoch: [66][20/94], lr: 0.00001	Time 0.704 (4.247)	Data 0.000 (3.442)	Loss 0.0177 (0.0390)	Prec@1 100.000 (98.958)	Prec@5 100.000 (100.000)
Epoch: [66][40/94], lr: 0.00001	Time 20.032 (4.015)	Data 19.188 (3.214)	Loss 0.0383 (0.0365)	Prec@1 99.219 (98.933)	Prec@5 100.000 (100.000)
Epoch: [66][60/94], lr: 0.00001	Time 0.775 (3.632)	Data 0.000 (2.821)	Loss 0.0124 (0.0402)	Prec@1 100.000 (98.758)	Prec@5 100.000 (100.000)
Epoch: [66][80/94], lr: 0.00001	Time 19.864 (3.675)	Data 19.115 (2.869)	Loss 0.1083 (0.0426)	Prec@1 96.094 (98.669)	Prec@5 100.000 (100.000)
Epoch: [67][0/94], lr: 0.00001	Time 33.039 (33.039)	Data 32.212 (32.212)	Loss 0.0955 (0.0955)	Prec@1 96.094 (96.094)	Prec@5 100.000 (100.000)
Epoch: [67][20/94], lr: 0.00001	Time 0.783 (4.262)	Data 0.000 (3.474)	Loss 0.0476 (0.0448)	Prec@1 99.219 (98.624)	Prec@5 100.000 (100.000)
Epoch: [67][40/94], lr: 0.00001	Time 21.607 (4.093)	Data 20.812 (3.313)	Loss 0.0304 (0.0423)	Prec@1 98.438 (98.609)	Prec@5 100.000 (100.000)
Epoch: [67][60/94], lr: 0.00001	Time 0.772 (3.697)	Data 0.000 (2.918)	Loss 0.0519 (0.0447)	Prec@1 99.219 (98.553)	Prec@5 100.000 (100.000)
Epoch: [67][80/94], lr: 0.00001	Time 20.032 (3.722)	Data 19.371 (2.947)	Loss 0.0203 (0.0436)	Prec@1 99.219 (98.582)	Prec@5 100.000 (100.000)
Epoch: [68][0/94], lr: 0.00001	Time 34.189 (34.189)	Data 33.462 (33.462)	Loss 0.0332 (0.0332)	Prec@1 98.438 (98.438)	Prec@5 100.000 (100.000)
Epoch: [68][20/94], lr: 0.00001	Time 0.695 (4.312)	Data 0.000 (3.534)	Loss 0.0968 (0.0407)	Prec@1 96.875 (98.772)	Prec@5 100.000 (100.000)
Epoch: [68][40/94], lr: 0.00001	Time 19.423 (4.027)	Data 18.490 (3.243)	Loss 0.0458 (0.0418)	Prec@1 98.438 (98.590)	Prec@5 100.000 (100.000)
Epoch: [68][60/94], lr: 0.00001	Time 0.822 (3.647)	Data 0.000 (2.863)	Loss 0.0204 (0.0419)	Prec@1 100.000 (98.604)	Prec@5 100.000 (100.000)
Epoch: [68][80/94], lr: 0.00001	Time 17.298 (3.668)	Data 16.415 (2.883)	Loss 0.0206 (0.0424)	Prec@1 100.000 (98.544)	Prec@5 100.000 (100.000)
Epoch: [69][0/94], lr: 0.00001	Time 33.814 (33.814)	Data 32.992 (32.992)	Loss 0.0367 (0.0367)	Prec@1 98.438 (98.438)	Prec@5 100.000 (100.000)
Epoch: [69][20/94], lr: 0.00001	Time 0.801 (4.229)	Data 0.081 (3.422)	Loss 0.0487 (0.0382)	Prec@1 98.438 (98.772)	Prec@5 100.000 (100.000)
Epoch: [69][40/94], lr: 0.00001	Time 19.538 (4.013)	Data 18.778 (3.214)	Loss 0.0246 (0.0356)	Prec@1 100.000 (98.838)	Prec@5 100.000 (100.000)
Epoch: [69][60/94], lr: 0.00001	Time 0.790 (3.639)	Data 0.000 (2.842)	Loss 0.0397 (0.0356)	Prec@1 99.219 (98.796)	Prec@5 100.000 (100.000)
Epoch: [69][80/94], lr: 0.00001	Time 19.157 (3.658)	Data 18.312 (2.862)	Loss 0.0778 (0.0388)	Prec@1 97.656 (98.756)	Prec@5 100.000 (100.000)
Test: [0/29]	Time 11.431 (11.431)	Loss 0.5883 (0.5883)	Prec@1 84.375 (84.375)	Prec@5 100.000 (100.000)
Test: [20/29]	Time 0.060 (1.132)	Loss 0.1581 (0.5541)	Prec@1 96.875 (86.310)	Prec@5 100.000 (100.000)
Testing Results: Prec@1 86.616 Prec@5 100.000 Loss 0.49724
best_prec1 87.8128399522053
Epoch: [70][0/94], lr: 0.00001	Time 32.694 (32.694)	Data 31.867 (31.867)	Loss 0.0588 (0.0588)	Prec@1 98.438 (98.438)	Prec@5 100.000 (100.000)
Epoch: [70][20/94], lr: 0.00001	Time 0.786 (4.276)	Data 0.000 (3.479)	Loss 0.0616 (0.0383)	Prec@1 98.438 (98.810)	Prec@5 100.000 (100.000)
Epoch: [70][40/94], lr: 0.00001	Time 20.294 (4.034)	Data 19.501 (3.232)	Loss 0.0307 (0.0402)	Prec@1 99.219 (98.685)	Prec@5 100.000 (100.000)
Epoch: [70][60/94], lr: 0.00001	Time 0.790 (3.657)	Data 0.000 (2.854)	Loss 0.0211 (0.0414)	Prec@1 99.219 (98.694)	Prec@5 100.000 (100.000)
Epoch: [70][80/94], lr: 0.00001	Time 18.897 (3.665)	Data 18.009 (2.866)	Loss 0.0261 (0.0422)	Prec@1 99.219 (98.601)	Prec@5 100.000 (100.000)
Epoch: [71][0/94], lr: 0.00001	Time 31.536 (31.536)	Data 30.694 (30.694)	Loss 0.0283 (0.0283)	Prec@1 98.438 (98.438)	Prec@5 100.000 (100.000)
Epoch: [71][20/94], lr: 0.00001	Time 0.887 (4.249)	Data 0.000 (3.433)	Loss 0.0676 (0.0377)	Prec@1 96.875 (98.772)	Prec@5 100.000 (100.000)
Epoch: [71][40/94], lr: 0.00001	Time 20.964 (4.031)	Data 19.908 (3.218)	Loss 0.1033 (0.0393)	Prec@1 96.094 (98.666)	Prec@5 100.000 (100.000)
Epoch: [71][60/94], lr: 0.00001	Time 0.811 (3.642)	Data 0.000 (2.834)	Loss 0.0290 (0.0402)	Prec@1 99.219 (98.668)	Prec@5 100.000 (100.000)
Epoch: [71][80/94], lr: 0.00001	Time 20.619 (3.701)	Data 19.918 (2.900)	Loss 0.0547 (0.0414)	Prec@1 98.438 (98.621)	Prec@5 100.000 (100.000)
Epoch: [72][0/94], lr: 0.00001	Time 31.759 (31.759)	Data 30.949 (30.949)	Loss 0.0326 (0.0326)	Prec@1 99.219 (99.219)	Prec@5 100.000 (100.000)
Epoch: [72][20/94], lr: 0.00001	Time 0.812 (4.226)	Data 0.000 (3.431)	Loss 0.0331 (0.0423)	Prec@1 99.219 (98.661)	Prec@5 100.000 (100.000)
Epoch: [72][40/94], lr: 0.00001	Time 21.112 (4.048)	Data 20.291 (3.258)	Loss 0.0433 (0.0380)	Prec@1 98.438 (98.838)	Prec@5 100.000 (100.000)
Epoch: [72][60/94], lr: 0.00001	Time 0.791 (3.661)	Data 0.000 (2.880)	Loss 0.0985 (0.0406)	Prec@1 96.875 (98.745)	Prec@5 100.000 (100.000)
Epoch: [72][80/94], lr: 0.00001	Time 20.095 (3.693)	Data 19.394 (2.913)	Loss 0.0573 (0.0409)	Prec@1 99.219 (98.765)	Prec@5 100.000 (100.000)
Epoch: [73][0/94], lr: 0.00001	Time 33.051 (33.051)	Data 32.216 (32.216)	Loss 0.0227 (0.0227)	Prec@1 100.000 (100.000)	Prec@5 100.000 (100.000)
Epoch: [73][20/94], lr: 0.00001	Time 0.758 (4.263)	Data 0.000 (3.472)	Loss 0.0375 (0.0383)	Prec@1 98.438 (98.772)	Prec@5 100.000 (100.000)
Epoch: [73][40/94], lr: 0.00001	Time 21.380 (4.055)	Data 20.572 (3.271)	Loss 0.0192 (0.0370)	Prec@1 100.000 (98.971)	Prec@5 100.000 (100.000)
Epoch: [73][60/94], lr: 0.00001	Time 0.783 (3.659)	Data 0.000 (2.878)	Loss 0.0212 (0.0358)	Prec@1 100.000 (99.027)	Prec@5 100.000 (100.000)
Epoch: [73][80/94], lr: 0.00001	Time 19.703 (3.698)	Data 18.925 (2.916)	Loss 0.0281 (0.0376)	Prec@1 98.438 (98.949)	Prec@5 100.000 (100.000)
Epoch: [74][0/94], lr: 0.00001	Time 31.723 (31.723)	Data 30.899 (30.899)	Loss 0.0755 (0.0755)	Prec@1 96.094 (96.094)	Prec@5 100.000 (100.000)
Epoch: [74][20/94], lr: 0.00001	Time 0.774 (4.232)	Data 0.000 (3.430)	Loss 0.0751 (0.0438)	Prec@1 97.656 (98.475)	Prec@5 100.000 (100.000)
Epoch: [74][40/94], lr: 0.00001	Time 19.498 (3.998)	Data 18.601 (3.197)	Loss 0.0480 (0.0399)	Prec@1 97.656 (98.685)	Prec@5 100.000 (100.000)
Epoch: [74][60/94], lr: 0.00001	Time 0.791 (3.659)	Data 0.000 (2.861)	Loss 0.0450 (0.0399)	Prec@1 98.438 (98.732)	Prec@5 100.000 (100.000)
Epoch: [74][80/94], lr: 0.00001	Time 16.452 (3.642)	Data 15.748 (2.847)	Loss 0.0715 (0.0403)	Prec@1 98.438 (98.727)	Prec@5 100.000 (100.000)
Test: [0/29]	Time 11.063 (11.063)	Loss 0.5706 (0.5706)	Prec@1 84.375 (84.375)	Prec@5 100.000 (100.000)
Test: [20/29]	Time 0.086 (1.133)	Loss 0.1872 (0.5533)	Prec@1 96.875 (86.310)	Prec@5 100.000 (100.000)
Testing Results: Prec@1 86.834 Prec@5 100.000 Loss 0.49456
best_prec1 87.8128399522053
Epoch: [75][0/94], lr: 0.00001	Time 32.809 (32.809)	Data 31.989 (31.989)	Loss 0.0430 (0.0430)	Prec@1 99.219 (99.219)	Prec@5 100.000 (100.000)
Epoch: [75][20/94], lr: 0.00001	Time 0.799 (4.248)	Data 0.000 (3.467)	Loss 0.0484 (0.0367)	Prec@1 97.656 (99.107)	Prec@5 100.000 (100.000)
Epoch: [75][40/94], lr: 0.00001	Time 21.392 (4.051)	Data 20.491 (3.265)	Loss 0.0483 (0.0408)	Prec@1 98.438 (98.800)	Prec@5 100.000 (100.000)
Epoch: [75][60/94], lr: 0.00001	Time 0.765 (3.654)	Data 0.000 (2.873)	Loss 0.0321 (0.0403)	Prec@1 99.219 (98.873)	Prec@5 100.000 (100.000)
Epoch: [75][80/94], lr: 0.00001	Time 20.079 (3.686)	Data 19.325 (2.905)	Loss 0.0125 (0.0404)	Prec@1 100.000 (98.804)	Prec@5 100.000 (100.000)
Epoch: [76][0/94], lr: 0.00001	Time 33.088 (33.088)	Data 32.211 (32.211)	Loss 0.0273 (0.0273)	Prec@1 99.219 (99.219)	Prec@5 100.000 (100.000)
Epoch: [76][20/94], lr: 0.00001	Time 0.725 (4.248)	Data 0.000 (3.469)	Loss 0.0848 (0.0450)	Prec@1 96.875 (98.772)	Prec@5 100.000 (100.000)
Epoch: [76][40/94], lr: 0.00001	Time 21.908 (4.058)	Data 21.115 (3.281)	Loss 0.0171 (0.0434)	Prec@1 99.219 (98.647)	Prec@5 100.000 (100.000)
Epoch: [76][60/94], lr: 0.00001	Time 0.763 (3.649)	Data 0.000 (2.869)	Loss 0.0207 (0.0440)	Prec@1 99.219 (98.706)	Prec@5 100.000 (100.000)
Epoch: [76][80/94], lr: 0.00001	Time 20.615 (3.694)	Data 19.872 (2.914)	Loss 0.0297 (0.0454)	Prec@1 99.219 (98.621)	Prec@5 100.000 (100.000)
Epoch: [77][0/94], lr: 0.00001	Time 33.333 (33.333)	Data 32.519 (32.519)	Loss 0.0647 (0.0647)	Prec@1 97.656 (97.656)	Prec@5 100.000 (100.000)
Epoch: [77][20/94], lr: 0.00001	Time 0.786 (4.278)	Data 0.000 (3.479)	Loss 0.0624 (0.0473)	Prec@1 97.656 (98.624)	Prec@5 100.000 (100.000)
Epoch: [77][40/94], lr: 0.00001	Time 20.404 (4.035)	Data 19.616 (3.241)	Loss 0.0415 (0.0428)	Prec@1 98.438 (98.761)	Prec@5 100.000 (100.000)
Epoch: [77][60/94], lr: 0.00001	Time 0.804 (3.651)	Data 0.000 (2.851)	Loss 0.0235 (0.0412)	Prec@1 98.438 (98.835)	Prec@5 100.000 (100.000)
Epoch: [77][80/94], lr: 0.00001	Time 20.288 (3.682)	Data 19.507 (2.882)	Loss 0.0079 (0.0428)	Prec@1 100.000 (98.775)	Prec@5 100.000 (100.000)
Epoch: [78][0/94], lr: 0.00001	Time 30.535 (30.535)	Data 29.653 (29.653)	Loss 0.0563 (0.0563)	Prec@1 98.438 (98.438)	Prec@5 100.000 (100.000)
Epoch: [78][20/94], lr: 0.00001	Time 0.804 (4.226)	Data 0.000 (3.414)	Loss 0.0495 (0.0354)	Prec@1 97.656 (98.698)	Prec@5 100.000 (100.000)
Epoch: [78][40/94], lr: 0.00001	Time 13.887 (3.876)	Data 13.102 (3.082)	Loss 0.0333 (0.0331)	Prec@1 100.000 (98.933)	Prec@5 100.000 (100.000)
Epoch: [78][60/94], lr: 0.00001	Time 0.756 (3.667)	Data 0.000 (2.874)	Loss 0.0411 (0.0341)	Prec@1 99.219 (98.963)	Prec@5 100.000 (100.000)
Epoch: [78][80/94], lr: 0.00001	Time 9.800 (3.571)	Data 9.063 (2.780)	Loss 0.0138 (0.0359)	Prec@1 100.000 (98.939)	Prec@5 100.000 (100.000)
Epoch: [79][0/94], lr: 0.00001	Time 33.338 (33.338)	Data 32.500 (32.500)	Loss 0.0455 (0.0455)	Prec@1 97.656 (97.656)	Prec@5 100.000 (100.000)
Epoch: [79][20/94], lr: 0.00001	Time 0.802 (4.230)	Data 0.000 (3.423)	Loss 0.0308 (0.0424)	Prec@1 100.000 (98.735)	Prec@5 100.000 (100.000)
Epoch: [79][40/94], lr: 0.00001	Time 20.610 (4.023)	Data 19.896 (3.222)	Loss 0.0663 (0.0415)	Prec@1 97.656 (98.628)	Prec@5 100.000 (100.000)
Epoch: [79][60/94], lr: 0.00001	Time 0.789 (3.649)	Data 0.000 (2.850)	Loss 0.0293 (0.0412)	Prec@1 99.219 (98.706)	Prec@5 100.000 (100.000)
Epoch: [79][80/94], lr: 0.00001	Time 18.878 (3.672)	Data 18.130 (2.877)	Loss 0.0231 (0.0419)	Prec@1 100.000 (98.679)	Prec@5 100.000 (100.000)
Test: [0/29]	Time 11.403 (11.403)	Loss 0.6370 (0.6370)	Prec@1 81.250 (81.250)	Prec@5 100.000 (100.000)
Test: [20/29]	Time 0.075 (1.136)	Loss 0.1660 (0.5742)	Prec@1 96.875 (86.012)	Prec@5 100.000 (100.000)
Testing Results: Prec@1 86.616 Prec@5 100.000 Loss 0.51578
best_prec1 87.8128399522053
