
Initializing TSN with base model: resnet50.
TSN Configurations:
    input_modality:     RGB
    num_segments:       3
    new_length:         1
    consensus_module:   avg
    dropout_ratio:      0.8
    use_partial_bn:     False
    use_group_norm:     False
        
/workspace/mnt/group/algorithm/kanghaidong/video_project/Alg-VideoAlgorithm-dev/video-classification/tsn-pytorch/models.py:97: UserWarning: nn.init.normal is now deprecated in favor of nn.init.normal_.
  normal(self.new_fc.weight, 0, std)
/workspace/mnt/group/algorithm/kanghaidong/video_project/Alg-VideoAlgorithm-dev/video-classification/tsn-pytorch/models.py:98: UserWarning: nn.init.constant is now deprecated in favor of nn.init.constant_.
  constant(self.new_fc.bias, 0)
/usr/local/lib/python3.5/dist-packages/torchvision/transforms/transforms.py:208: UserWarning: The use of the transforms.Scale transform is deprecated, please use transforms.Resize instead.
  "please use transforms.Resize instead.")
the length of list_file 118
the length of video_list 12294
the length of list_file 104
the length of video_list 959
group: first_conv_weight has 1 params, lr_mult: 1, decay_mult: 1
group: first_conv_bias has 0 params, lr_mult: 2, decay_mult: 0
group: normal_weight has 53 params, lr_mult: 1, decay_mult: 1
group: normal_bias has 1 params, lr_mult: 2, decay_mult: 0
group: BN scale/shift has 106 params, lr_mult: 1, decay_mult: 0
[mov,mp4,m4a,3gp,3g2,mj2 @ 0x3589a00] moov atom not found
VIDIOC_REQBUFS: Inappropriate ioctl for device
[mov,mp4,m4a,3gp,3g2,mj2 @ 0x2e4ed40] moov atom not found
VIDIOC_REQBUFS: Inappropriate ioctl for device
[mov,mp4,m4a,3gp,3g2,mj2 @ 0x2eb23c0] moov atom not found
VIDIOC_REQBUFS: Inappropriate ioctl for device
[mov,mp4,m4a,3gp,3g2,mj2 @ 0x2b5f900] moov atom not found
VIDIOC_REQBUFS: Inappropriate ioctl for device
[mov,mp4,m4a,3gp,3g2,mj2 @ 0x3a20940] moov atom not found
VIDIOC_REQBUFS: Inappropriate ioctl for device
[mov,mp4,m4a,3gp,3g2,mj2 @ 0x2b5f900] moov atom not found
VIDIOC_REQBUFS: Inappropriate ioctl for device
[mov,mp4,m4a,3gp,3g2,mj2 @ 0x32b4800] moov atom not found
VIDIOC_REQBUFS: Inappropriate ioctl for device
[mov,mp4,m4a,3gp,3g2,mj2 @ 0x2ebcc40] moov atom not found
VIDIOC_REQBUFS: Inappropriate ioctl for device
[mov,mp4,m4a,3gp,3g2,mj2 @ 0x2b5d000] moov atom not found
VIDIOC_REQBUFS: Inappropriate ioctl for device
main.py:273: UserWarning: torch.nn.utils.clip_grad_norm is now deprecated in favor of torch.nn.utils.clip_grad_norm_.
  total_norm = clip_grad_norm(model.parameters(), args.clip_gradient)
Epoch: [0][0/97], lr: 0.00100	Time 66.456 (66.456)	Data 32.001 (32.001)	Loss 1.7977 (1.7977)	Prec@1 14.062 (14.062)	Prec@5 75.781 (75.781)
[mov,mp4,m4a,3gp,3g2,mj2 @ 0x2e4ed40] moov atom not found
VIDIOC_REQBUFS: Inappropriate ioctl for device
[mov,mp4,m4a,3gp,3g2,mj2 @ 0x2b5d000] moov atom not found
VIDIOC_REQBUFS: Inappropriate ioctl for device
[mov,mp4,m4a,3gp,3g2,mj2 @ 0x2b5f900] moov atom not found
VIDIOC_REQBUFS: Inappropriate ioctl for device
[mov,mp4,m4a,3gp,3g2,mj2 @ 0x3a98880] moov atom not found
VIDIOC_REQBUFS: Inappropriate ioctl for device
[mov,mp4,m4a,3gp,3g2,mj2 @ 0x2b5f900] moov atom not found
VIDIOC_REQBUFS: Inappropriate ioctl for device
[mov,mp4,m4a,3gp,3g2,mj2 @ 0x2b5f900] moov atom not found
VIDIOC_REQBUFS: Inappropriate ioctl for device
[mov,mp4,m4a,3gp,3g2,mj2 @ 0x3404500] moov atom not found
VIDIOC_REQBUFS: Inappropriate ioctl for device
[mov,mp4,m4a,3gp,3g2,mj2 @ 0x3af6380] moov atom not found
VIDIOC_REQBUFS: Inappropriate ioctl for device
Epoch: [0][20/97], lr: 0.00100	Time 0.579 (4.752)	Data 0.000 (2.444)	Loss 1.6132 (1.7113)	Prec@1 37.500 (31.957)	Prec@5 95.312 (91.406)
[mov,mp4,m4a,3gp,3g2,mj2 @ 0x2e4ed40] moov atom not found
VIDIOC_REQBUFS: Inappropriate ioctl for device
[mov,mp4,m4a,3gp,3g2,mj2 @ 0x2eb23c0] moov atom not found
VIDIOC_REQBUFS: Inappropriate ioctl for device
[mov,mp4,m4a,3gp,3g2,mj2 @ 0x3a59e40] moov atom not found
VIDIOC_REQBUFS: Inappropriate ioctl for device
[mov,mp4,m4a,3gp,3g2,mj2 @ 0x33c32c0] moov atom not found
VIDIOC_REQBUFS: Inappropriate ioctl for device
[mov,mp4,m4a,3gp,3g2,mj2 @ 0x3117e40] moov atom not found
VIDIOC_REQBUFS: Inappropriate ioctl for device
[mov,mp4,m4a,3gp,3g2,mj2 @ 0x2b5d000] moov atom not found
VIDIOC_REQBUFS: Inappropriate ioctl for device
[mov,mp4,m4a,3gp,3g2,mj2 @ 0x3757c80] moov atom not found
VIDIOC_REQBUFS: Inappropriate ioctl for device
[mov,mp4,m4a,3gp,3g2,mj2 @ 0x32862c0] moov atom not found
VIDIOC_REQBUFS: Inappropriate ioctl for device
[mov,mp4,m4a,3gp,3g2,mj2 @ 0x3316940] moov atom not found
VIDIOC_REQBUFS: Inappropriate ioctl for device
Traceback (most recent call last):
  File "/usr/lib/python3.5/multiprocessing/forkserver.py", line 178, in main
    _serve_one(s, listener, alive_r, handler)
  File "/usr/lib/python3.5/multiprocessing/forkserver.py", line 215, in _serve_one
    write_unsigned(child_w, code)
  File "/usr/lib/python3.5/multiprocessing/forkserver.py", line 234, in write_unsigned
    nbytes = os.write(fd, msg)
BrokenPipeError: [Errno 32] Broken pipe
Traceback (most recent call last):
  File "/usr/lib/python3.5/multiprocessing/forkserver.py", line 178, in main
    _serve_one(s, listener, alive_r, handler)
  File "/usr/lib/python3.5/multiprocessing/forkserver.py", line 215, in _serve_one
    write_unsigned(child_w, code)
  File "/usr/lib/python3.5/multiprocessing/forkserver.py", line 234, in write_unsigned
    nbytes = os.write(fd, msg)
BrokenPipeError: [Errno 32] Broken pipe
Traceback (most recent call last):
  File "/usr/lib/python3.5/multiprocessing/forkserver.py", line 178, in main
    _serve_one(s, listener, alive_r, handler)
  File "/usr/lib/python3.5/multiprocessing/forkserver.py", line 215, in _serve_one
    write_unsigned(child_w, code)
  File "/usr/lib/python3.5/multiprocessing/forkserver.py", line 234, in write_unsigned
    nbytes = os.write(fd, msg)
BrokenPipeError: [Errno 32] Broken pipe
Traceback (most recent call last):
  File "/usr/lib/python3.5/multiprocessing/forkserver.py", line 178, in main
    _serve_one(s, listener, alive_r, handler)
  File "/usr/lib/python3.5/multiprocessing/forkserver.py", line 215, in _serve_one
    write_unsigned(child_w, code)
  File "/usr/lib/python3.5/multiprocessing/forkserver.py", line 234, in write_unsigned
    nbytes = os.write(fd, msg)
BrokenPipeError: [Errno 32] Broken pipe
Traceback (most recent call last):
  File "/usr/lib/python3.5/multiprocessing/forkserver.py", line 178, in main
    _serve_one(s, listener, alive_r, handler)
  File "/usr/lib/python3.5/multiprocessing/forkserver.py", line 215, in _serve_one
    write_unsigned(child_w, code)
  File "/usr/lib/python3.5/multiprocessing/forkserver.py", line 234, in write_unsigned
    nbytes = os.write(fd, msg)
BrokenPipeError: [Errno 32] Broken pipe
Traceback (most recent call last):
  File "/usr/lib/python3.5/multiprocessing/forkserver.py", line 178, in main
    _serve_one(s, listener, alive_r, handler)
  File "/usr/lib/python3.5/multiprocessing/forkserver.py", line 215, in _serve_one
    write_unsigned(child_w, code)
  File "/usr/lib/python3.5/multiprocessing/forkserver.py", line 234, in write_unsigned
    nbytes = os.write(fd, msg)
BrokenPipeError: [Errno 32] Broken pipe
Traceback (most recent call last):
  File "/usr/lib/python3.5/multiprocessing/forkserver.py", line 178, in main
    _serve_one(s, listener, alive_r, handler)
  File "/usr/lib/python3.5/multiprocessing/forkserver.py", line 215, in _serve_one
    write_unsigned(child_w, code)
  File "/usr/lib/python3.5/multiprocessing/forkserver.py", line 234, in write_unsigned
    nbytes = os.write(fd, msg)
BrokenPipeError: [Errno 32] Broken pipe
Traceback (most recent call last):
  File "/usr/lib/python3.5/multiprocessing/forkserver.py", line 178, in main
    _serve_one(s, listener, alive_r, handler)
  File "/usr/lib/python3.5/multiprocessing/forkserver.py", line 215, in _serve_one
    write_unsigned(child_w, code)
  File "/usr/lib/python3.5/multiprocessing/forkserver.py", line 234, in write_unsigned
    nbytes = os.write(fd, msg)
BrokenPipeError: [Errno 32] Broken pipe
/usr/lib/python3.5/multiprocessing/semaphore_tracker.py:129: UserWarning: semaphore_tracker: There appear to be 32 leaked semaphores to clean up at shutdown
  len(cache))
