
Initializing TSN with base model: resnet50.
TSN Configurations:
    input_modality:     RGB
    num_segments:       3
    new_length:         1
    consensus_module:   avg
    dropout_ratio:      0.8
    use_partial_bn:     False
    use_group_norm:     False
        
/workspace/mnt/group/algorithm/kanghaidong/video_project/Alg-VideoAlgorithm-dev/video-classification/tsn-pytorch/models.py:97: UserWarning: nn.init.normal is now deprecated in favor of nn.init.normal_.
  normal(self.new_fc.weight, 0, std)
/workspace/mnt/group/algorithm/kanghaidong/video_project/Alg-VideoAlgorithm-dev/video-classification/tsn-pytorch/models.py:98: UserWarning: nn.init.constant is now deprecated in favor of nn.init.constant_.
  constant(self.new_fc.bias, 0)
=> loading checkpoint '/workspace/mnt/group/algorithm/kanghaidong/video_project/Alg-VideoAlgorithm-dev/video-classification/tsn-pytorch/resnet50_80e_69.98p.pth.tar'
=> loaded checkpoint '/workspace/mnt/group/algorithm/kanghaidong/video_project/Alg-VideoAlgorithm-dev/video-classification/tsn-pytorch/resnet50_80e_69.98p.pth.tar' (epoch 80)
/usr/local/lib/python3.5/dist-packages/torchvision/transforms/transforms.py:208: UserWarning: The use of the transforms.Scale transform is deprecated, please use transforms.Resize instead.
  "please use transforms.Resize instead.")
the length of list_file 118
the length of video_list 12294
the length of list_file 104
the length of video_list 959
group: first_conv_weight has 1 params, lr_mult: 1, decay_mult: 1
group: first_conv_bias has 0 params, lr_mult: 2, decay_mult: 0
group: normal_weight has 53 params, lr_mult: 1, decay_mult: 1
group: normal_bias has 1 params, lr_mult: 2, decay_mult: 0
group: BN scale/shift has 106 params, lr_mult: 1, decay_mult: 0
[mov,mp4,m4a,3gp,3g2,mj2 @ 0x37e3200] moov atom not found
VIDIOC_REQBUFS: Inappropriate ioctl for device
[mov,mp4,m4a,3gp,3g2,mj2 @ 0x3635840] moov atom not found
VIDIOC_REQBUFS: Inappropriate ioctl for device
[mov,mp4,m4a,3gp,3g2,mj2 @ 0x3faee00] moov atom not found
VIDIOC_REQBUFS: Inappropriate ioctl for device
[mov,mp4,m4a,3gp,3g2,mj2 @ 0x3fe4e40] moov atom not found
VIDIOC_REQBUFS: Inappropriate ioctl for device
[mov,mp4,m4a,3gp,3g2,mj2 @ 0x42e5240] moov atom not found
VIDIOC_REQBUFS: Inappropriate ioctl for device
[mov,mp4,m4a,3gp,3g2,mj2 @ 0x4268bc0] moov atom not found
VIDIOC_REQBUFS: Inappropriate ioctl for device
[mov,mp4,m4a,3gp,3g2,mj2 @ 0x446b1c0] moov atom not found
VIDIOC_REQBUFS: Inappropriate ioctl for device
[mov,mp4,m4a,3gp,3g2,mj2 @ 0x3ea5b40] moov atom not found
VIDIOC_REQBUFS: Inappropriate ioctl for device
[mov,mp4,m4a,3gp,3g2,mj2 @ 0x36ae840] moov atom not found
VIDIOC_REQBUFS: Inappropriate ioctl for device
main.py:273: UserWarning: torch.nn.utils.clip_grad_norm is now deprecated in favor of torch.nn.utils.clip_grad_norm_.
  total_norm = clip_grad_norm(model.parameters(), args.clip_gradient)
Epoch: [0][0/97], lr: 0.01000	Time 71.090 (71.090)	Data 32.732 (32.732)	Loss 1.7918 (1.7918)	Prec@1 13.281 (13.281)	Prec@5 90.625 (90.625)
[mov,mp4,m4a,3gp,3g2,mj2 @ 0x333d380] moov atom not found
VIDIOC_REQBUFS: Inappropriate ioctl for device
[mov,mp4,m4a,3gp,3g2,mj2 @ 0x3716780] moov atom not found
VIDIOC_REQBUFS: Inappropriate ioctl for device
[mov,mp4,m4a,3gp,3g2,mj2 @ 0x37f0f40] moov atom not found
VIDIOC_REQBUFS: Inappropriate ioctl for device
[mov,mp4,m4a,3gp,3g2,mj2 @ 0x41e7d80] moov atom not found
VIDIOC_REQBUFS: Inappropriate ioctl for device
[mov,mp4,m4a,3gp,3g2,mj2 @ 0x42ad740] moov atom not found
VIDIOC_REQBUFS: Inappropriate ioctl for device
[mov,mp4,m4a,3gp,3g2,mj2 @ 0x381ef00] moov atom not found
VIDIOC_REQBUFS: Inappropriate ioctl for device
[mov,mp4,m4a,3gp,3g2,mj2 @ 0x333e2c0] moov atom not found
VIDIOC_REQBUFS: Inappropriate ioctl for device
Epoch: [0][20/97], lr: 0.01000	Time 0.877 (4.959)	Data 0.091 (2.398)	Loss 0.8927 (1.3635)	Prec@1 71.094 (44.420)	Prec@5 100.000 (95.350)
[mov,mp4,m4a,3gp,3g2,mj2 @ 0x3342240] moov atom not found
VIDIOC_REQBUFS: Inappropriate ioctl for device
[mov,mp4,m4a,3gp,3g2,mj2 @ 0x3dbbcc0] moov atom not found
VIDIOC_REQBUFS: Inappropriate ioctl for device
[mov,mp4,m4a,3gp,3g2,mj2 @ 0x3635840] moov atom not found
VIDIOC_REQBUFS: Inappropriate ioctl for device
[mov,mp4,m4a,3gp,3g2,mj2 @ 0x3858680] moov atom not found
VIDIOC_REQBUFS: Inappropriate ioctl for device
[mov,mp4,m4a,3gp,3g2,mj2 @ 0x3858680] moov atom not found
VIDIOC_REQBUFS: Inappropriate ioctl for device
[mov,mp4,m4a,3gp,3g2,mj2 @ 0x41c3840] moov atom not found
VIDIOC_REQBUFS: Inappropriate ioctl for device
[mov,mp4,m4a,3gp,3g2,mj2 @ 0x3340540] moov atom not found
VIDIOC_REQBUFS: Inappropriate ioctl for device
[mov,mp4,m4a,3gp,3g2,mj2 @ 0x3f83ac0] moov atom not found
VIDIOC_REQBUFS: Inappropriate ioctl for device
Epoch: [0][40/97], lr: 0.01000	Time 0.794 (4.060)	Data 0.000 (2.361)	Loss 0.5946 (1.0285)	Prec@1 78.906 (59.356)	Prec@5 100.000 (97.599)
[mov,mp4,m4a,3gp,3g2,mj2 @ 0x4268bc0] moov atom not found
VIDIOC_REQBUFS: Inappropriate ioctl for device
[mov,mp4,m4a,3gp,3g2,mj2 @ 0x409e940] moov atom not found
VIDIOC_REQBUFS: Inappropriate ioctl for device
[mov,mp4,m4a,3gp,3g2,mj2 @ 0x3feebc0] moov atom not found
VIDIOC_REQBUFS: Inappropriate ioctl for device
[mov,mp4,m4a,3gp,3g2,mj2 @ 0x333dd80] moov atom not found
VIDIOC_REQBUFS: Inappropriate ioctl for device
[mov,mp4,m4a,3gp,3g2,mj2 @ 0x37f0800] moov atom not found
VIDIOC_REQBUFS: Inappropriate ioctl for device
[mov,mp4,m4a,3gp,3g2,mj2 @ 0x403de40] moov atom not found
VIDIOC_REQBUFS: Inappropriate ioctl for device
[mov,mp4,m4a,3gp,3g2,mj2 @ 0x3635840] moov atom not found
VIDIOC_REQBUFS: Inappropriate ioctl for device
[mov,mp4,m4a,3gp,3g2,mj2 @ 0x399b780] moov atom not found
VIDIOC_REQBUFS: Inappropriate ioctl for device
[mov,mp4,m4a,3gp,3g2,mj2 @ 0x37f0800] moov atom not found
VIDIOC_REQBUFS: Inappropriate ioctl for device
[mov,mp4,m4a,3gp,3g2,mj2 @ 0x41e7d80] moov atom not found
VIDIOC_REQBUFS: Inappropriate ioctl for device
[mov,mp4,m4a,3gp,3g2,mj2 @ 0x40d0a00] moov atom not found
VIDIOC_REQBUFS: Inappropriate ioctl for device
[mov,mp4,m4a,3gp,3g2,mj2 @ 0x43fa480] moov atom not found
VIDIOC_REQBUFS: Inappropriate ioctl for device
[mov,mp4,m4a,3gp,3g2,mj2 @ 0x41c3840] moov atom not found
VIDIOC_REQBUFS: Inappropriate ioctl for device
[mov,mp4,m4a,3gp,3g2,mj2 @ 0x43fa480] moov atom not found
VIDIOC_REQBUFS: Inappropriate ioctl for device
[mov,mp4,m4a,3gp,3g2,mj2 @ 0x398a9c0] moov atom not found
VIDIOC_REQBUFS: Inappropriate ioctl for device
Epoch: [0][60/97], lr: 0.01000	Time 6.585 (4.078)	Data 5.812 (2.671)	Loss 0.4691 (0.8823)	Prec@1 82.031 (65.766)	Prec@5 100.000 (98.348)
[mov,mp4,m4a,3gp,3g2,mj2 @ 0x4125040] moov atom not found
VIDIOC_REQBUFS: Inappropriate ioctl for device
[mov,mp4,m4a,3gp,3g2,mj2 @ 0x333e2c0] moov atom not found
VIDIOC_REQBUFS: Inappropriate ioctl for device
[mov,mp4,m4a,3gp,3g2,mj2 @ 0x3635840] moov atom not found
VIDIOC_REQBUFS: Inappropriate ioctl for device
[mov,mp4,m4a,3gp,3g2,mj2 @ 0x42b8440] moov atom not found
VIDIOC_REQBUFS: Inappropriate ioctl for device
[mov,mp4,m4a,3gp,3g2,mj2 @ 0x3858680] moov atom not found
VIDIOC_REQBUFS: Inappropriate ioctl for device
[mov,mp4,m4a,3gp,3g2,mj2 @ 0x3f83ac0] moov atom not found
VIDIOC_REQBUFS: Inappropriate ioctl for device
[mov,mp4,m4a,3gp,3g2,mj2 @ 0x36a6a00] moov atom not found
VIDIOC_REQBUFS: Inappropriate ioctl for device
[mov,mp4,m4a,3gp,3g2,mj2 @ 0x3342240] moov atom not found
VIDIOC_REQBUFS: Inappropriate ioctl for device
[mov,mp4,m4a,3gp,3g2,mj2 @ 0x3342240] moov atom not found
VIDIOC_REQBUFS: Inappropriate ioctl for device
[mov,mp4,m4a,3gp,3g2,mj2 @ 0x3342240] moov atom not found
VIDIOC_REQBUFS: Inappropriate ioctl for device
[mov,mp4,m4a,3gp,3g2,mj2 @ 0x3c9c1c0] moov atom not found
VIDIOC_REQBUFS: Inappropriate ioctl for device
[mov,mp4,m4a,3gp,3g2,mj2 @ 0x3635840] moov atom not found
VIDIOC_REQBUFS: Inappropriate ioctl for device
[mov,mp4,m4a,3gp,3g2,mj2 @ 0x4266300] moov atom not found
VIDIOC_REQBUFS: Inappropriate ioctl for device
Epoch: [0][80/97], lr: 0.01000	Time 0.715 (3.843)	Data 0.001 (2.587)	Loss 0.5105 (0.7848)	Prec@1 89.062 (69.917)	Prec@5 99.219 (98.746)
[mov,mp4,m4a,3gp,3g2,mj2 @ 0x3f83ac0] moov atom not found
VIDIOC_REQBUFS: Inappropriate ioctl for device
[mov,mp4,m4a,3gp,3g2,mj2 @ 0x3dc9a00] moov atom not found
VIDIOC_REQBUFS: Inappropriate ioctl for device
[mov,mp4,m4a,3gp,3g2,mj2 @ 0x3635840] moov atom not found
VIDIOC_REQBUFS: Inappropriate ioctl for device
[mov,mp4,m4a,3gp,3g2,mj2 @ 0x3635840] moov atom not found
VIDIOC_REQBUFS: Inappropriate ioctl for device
clipping gradient: 25.525712622551808 with coef 0.7835236686920202
[mov,mp4,m4a,3gp,3g2,mj2 @ 0x3ed18c0] moov atom not found
VIDIOC_REQBUFS: Inappropriate ioctl for device
[mov,mp4,m4a,3gp,3g2,mj2 @ 0x3bf7a80] moov atom not found
VIDIOC_REQBUFS: Inappropriate ioctl for device
[mov,mp4,m4a,3gp,3g2,mj2 @ 0x3633dc0] moov atom not found
VIDIOC_REQBUFS: Inappropriate ioctl for device
[mov,mp4,m4a,3gp,3g2,mj2 @ 0x362f980] moov atom not found
VIDIOC_REQBUFS: Inappropriate ioctl for device
Epoch: [1][0/97], lr: 0.01000	Time 33.833 (33.833)	Data 31.308 (31.308)	Loss 0.4927 (0.4927)	Prec@1 79.688 (79.688)	Prec@5 100.000 (100.000)
[mov,mp4,m4a,3gp,3g2,mj2 @ 0x3bf7a80] moov atom not found
VIDIOC_REQBUFS: Inappropriate ioctl for device
[mov,mp4,m4a,3gp,3g2,mj2 @ 0x37e95c0] moov atom not found
VIDIOC_REQBUFS: Inappropriate ioctl for device
[mov,mp4,m4a,3gp,3g2,mj2 @ 0x19a9c40] moov atom not found
VIDIOC_REQBUFS: Inappropriate ioctl for device
[mov,mp4,m4a,3gp,3g2,mj2 @ 0x3ed6000] moov atom not found
VIDIOC_REQBUFS: Inappropriate ioctl for device
[mov,mp4,m4a,3gp,3g2,mj2 @ 0x3e67c80] moov atom not found
VIDIOC_REQBUFS: Inappropriate ioctl for device
[mov,mp4,m4a,3gp,3g2,mj2 @ 0x41a1000] moov atom not found
VIDIOC_REQBUFS: Inappropriate ioctl for device
[mov,mp4,m4a,3gp,3g2,mj2 @ 0x3bf7a80] moov atom not found
VIDIOC_REQBUFS: Inappropriate ioctl for device
[mov,mp4,m4a,3gp,3g2,mj2 @ 0x3dcd500] moov atom not found
VIDIOC_REQBUFS: Inappropriate ioctl for device
Epoch: [1][20/97], lr: 0.01000	Time 0.780 (4.302)	Data 0.000 (3.440)	Loss 0.4015 (0.4454)	Prec@1 86.719 (84.189)	Prec@5 100.000 (99.963)
[mov,mp4,m4a,3gp,3g2,mj2 @ 0x3856380] moov atom not found
VIDIOC_REQBUFS: Inappropriate ioctl for device
[mov,mp4,m4a,3gp,3g2,mj2 @ 0x3ed6000] moov atom not found
VIDIOC_REQBUFS: Inappropriate ioctl for device
[mov,mp4,m4a,3gp,3g2,mj2 @ 0x41a1000] moov atom not found
VIDIOC_REQBUFS: Inappropriate ioctl for device
[mov,mp4,m4a,3gp,3g2,mj2 @ 0x19a9c40] moov atom not found
VIDIOC_REQBUFS: Inappropriate ioctl for device
[mov,mp4,m4a,3gp,3g2,mj2 @ 0x3ca7f40] moov atom not found
VIDIOC_REQBUFS: Inappropriate ioctl for device
[mov,mp4,m4a,3gp,3g2,mj2 @ 0x3630800] moov atom not found
VIDIOC_REQBUFS: Inappropriate ioctl for device
[mov,mp4,m4a,3gp,3g2,mj2 @ 0x41a1000] moov atom not found
VIDIOC_REQBUFS: Inappropriate ioctl for device
[mov,mp4,m4a,3gp,3g2,mj2 @ 0x3631500] moov atom not found
VIDIOC_REQBUFS: Inappropriate ioctl for device
[mov,mp4,m4a,3gp,3g2,mj2 @ 0x4320340] moov atom not found
VIDIOC_REQBUFS: Inappropriate ioctl for device
[mov,mp4,m4a,3gp,3g2,mj2 @ 0x3ba3b00] moov atom not found
VIDIOC_REQBUFS: Inappropriate ioctl for device
[mov,mp4,m4a,3gp,3g2,mj2 @ 0x3342240] moov atom not found
VIDIOC_REQBUFS: Inappropriate ioctl for device
[mov,mp4,m4a,3gp,3g2,mj2 @ 0x416fac0] moov atom not found
VIDIOC_REQBUFS: Inappropriate ioctl for device
[mov,mp4,m4a,3gp,3g2,mj2 @ 0x4057300] moov atom not found
VIDIOC_REQBUFS: Inappropriate ioctl for device
Epoch: [1][40/97], lr: 0.01000	Time 13.683 (3.897)	Data 13.092 (3.105)	Loss 0.4029 (0.4073)	Prec@1 87.500 (85.747)	Prec@5 100.000 (99.943)
[mov,mp4,m4a,3gp,3g2,mj2 @ 0x3647140] moov atom not found
VIDIOC_REQBUFS: Inappropriate ioctl for device
[mov,mp4,m4a,3gp,3g2,mj2 @ 0x41a1000] moov atom not found
VIDIOC_REQBUFS: Inappropriate ioctl for device
[mov,mp4,m4a,3gp,3g2,mj2 @ 0x426a440] moov atom not found
VIDIOC_REQBUFS: Inappropriate ioctl for device
[mov,mp4,m4a,3gp,3g2,mj2 @ 0x4057300] moov atom not found
VIDIOC_REQBUFS: Inappropriate ioctl for device
[mov,mp4,m4a,3gp,3g2,mj2 @ 0x3d07980] moov atom not found
VIDIOC_REQBUFS: Inappropriate ioctl for device
[mov,mp4,m4a,3gp,3g2,mj2 @ 0x41a1000] moov atom not found
VIDIOC_REQBUFS: Inappropriate ioctl for device
[mov,mp4,m4a,3gp,3g2,mj2 @ 0x3646440] moov atom not found
VIDIOC_REQBUFS: Inappropriate ioctl for device
[mov,mp4,m4a,3gp,3g2,mj2 @ 0x19a9c40] moov atom not found
VIDIOC_REQBUFS: Inappropriate ioctl for device
[mov,mp4,m4a,3gp,3g2,mj2 @ 0x3e67c80] moov atom not found
VIDIOC_REQBUFS: Inappropriate ioctl for device
[mov,mp4,m4a,3gp,3g2,mj2 @ 0x3ca7f40] moov atom not found
VIDIOC_REQBUFS: Inappropriate ioctl for device
[mov,mp4,m4a,3gp,3g2,mj2 @ 0x41bb700] moov atom not found
VIDIOC_REQBUFS: Inappropriate ioctl for device
[mov,mp4,m4a,3gp,3g2,mj2 @ 0x4057300] moov atom not found
VIDIOC_REQBUFS: Inappropriate ioctl for device
[mov,mp4,m4a,3gp,3g2,mj2 @ 0x3f66bc0] moov atom not found
VIDIOC_REQBUFS: Inappropriate ioctl for device
[mov,mp4,m4a,3gp,3g2,mj2 @ 0x3f66bc0] moov atom not found
VIDIOC_REQBUFS: Inappropriate ioctl for device
[mov,mp4,m4a,3gp,3g2,mj2 @ 0x3645340] moov atom not found
VIDIOC_REQBUFS: Inappropriate ioctl for device
[mov,mp4,m4a,3gp,3g2,mj2 @ 0x3342240] moov atom not found
VIDIOC_REQBUFS: Inappropriate ioctl for device
[mov,mp4,m4a,3gp,3g2,mj2 @ 0x19a9c40] moov atom not found
VIDIOC_REQBUFS: Inappropriate ioctl for device
[mov,mp4,m4a,3gp,3g2,mj2 @ 0x19a9c40] moov atom not found
VIDIOC_REQBUFS: Inappropriate ioctl for device
Epoch: [1][60/97], lr: 0.01000	Time 0.783 (3.676)	Data 0.004 (2.902)	Loss 0.3283 (0.3872)	Prec@1 89.062 (86.373)	Prec@5 100.000 (99.962)
[mov,mp4,m4a,3gp,3g2,mj2 @ 0x3bf6600] moov atom not found
VIDIOC_REQBUFS: Inappropriate ioctl for device
[mov,mp4,m4a,3gp,3g2,mj2 @ 0x42ef6c0] moov atom not found
VIDIOC_REQBUFS: Inappropriate ioctl for device
[mov,mp4,m4a,3gp,3g2,mj2 @ 0x3945700] moov atom not found
VIDIOC_REQBUFS: Inappropriate ioctl for device
[mov,mp4,m4a,3gp,3g2,mj2 @ 0x41a1000] moov atom not found
VIDIOC_REQBUFS: Inappropriate ioctl for device
[mov,mp4,m4a,3gp,3g2,mj2 @ 0x42139c0] moov atom not found
VIDIOC_REQBUFS: Inappropriate ioctl for device
[mov,mp4,m4a,3gp,3g2,mj2 @ 0x3ab8680] moov atom not found
VIDIOC_REQBUFS: Inappropriate ioctl for device
[mov,mp4,m4a,3gp,3g2,mj2 @ 0x3646440] moov atom not found
VIDIOC_REQBUFS: Inappropriate ioctl for device
[mov,mp4,m4a,3gp,3g2,mj2 @ 0x33421c0] moov atom not found
VIDIOC_REQBUFS: Inappropriate ioctl for device
[mov,mp4,m4a,3gp,3g2,mj2 @ 0x333dd80] moov atom not found
VIDIOC_REQBUFS: Inappropriate ioctl for device
[mov,mp4,m4a,3gp,3g2,mj2 @ 0x3bf6600] moov atom not found
VIDIOC_REQBUFS: Inappropriate ioctl for device
Epoch: [1][80/97], lr: 0.01000	Time 10.485 (3.595)	Data 9.667 (2.827)	Loss 0.3568 (0.3672)	Prec@1 88.281 (86.960)	Prec@5 100.000 (99.971)
[mov,mp4,m4a,3gp,3g2,mj2 @ 0x37e95c0] moov atom not found
VIDIOC_REQBUFS: Inappropriate ioctl for device
[mov,mp4,m4a,3gp,3g2,mj2 @ 0x416fac0] moov atom not found
VIDIOC_REQBUFS: Inappropriate ioctl for device
[mov,mp4,m4a,3gp,3g2,mj2 @ 0x19a9c40] moov atom not found
VIDIOC_REQBUFS: Inappropriate ioctl for device
clipping gradient: 38.90183353184641 with coef 0.5141145849495062
[mov,mp4,m4a,3gp,3g2,mj2 @ 0x333fb80] moov atom not found
VIDIOC_REQBUFS: Inappropriate ioctl for device
[mov,mp4,m4a,3gp,3g2,mj2 @ 0x3342240] moov atom not found
VIDIOC_REQBUFS: Inappropriate ioctl for device
[mov,mp4,m4a,3gp,3g2,mj2 @ 0x3ebf800] moov atom not found
VIDIOC_REQBUFS: Inappropriate ioctl for device
[mov,mp4,m4a,3gp,3g2,mj2 @ 0x3f81fc0] moov atom not found
VIDIOC_REQBUFS: Inappropriate ioctl for device
Epoch: [2][0/97], lr: 0.01000	Time 33.819 (33.819)	Data 33.071 (33.071)	Loss 0.2230 (0.2230)	Prec@1 89.844 (89.844)	Prec@5 100.000 (100.000)
[mov,mp4,m4a,3gp,3g2,mj2 @ 0x3698e00] moov atom not found
VIDIOC_REQBUFS: Inappropriate ioctl for device
[mov,mp4,m4a,3gp,3g2,mj2 @ 0x19aa300] moov atom not found
VIDIOC_REQBUFS: Inappropriate ioctl for device
[mov,mp4,m4a,3gp,3g2,mj2 @ 0x415e680] moov atom not found
VIDIOC_REQBUFS: Inappropriate ioctl for device
[mov,mp4,m4a,3gp,3g2,mj2 @ 0x3fc2b40] moov atom not found
VIDIOC_REQBUFS: Inappropriate ioctl for device
[mov,mp4,m4a,3gp,3g2,mj2 @ 0x3682980] moov atom not found
VIDIOC_REQBUFS: Inappropriate ioctl for device
[mov,mp4,m4a,3gp,3g2,mj2 @ 0x3674980] moov atom not found
VIDIOC_REQBUFS: Inappropriate ioctl for device
[mov,mp4,m4a,3gp,3g2,mj2 @ 0x3dbb900] moov atom not found
VIDIOC_REQBUFS: Inappropriate ioctl for device
[mov,mp4,m4a,3gp,3g2,mj2 @ 0x402cd00] moov atom not found
VIDIOC_REQBUFS: Inappropriate ioctl for device
[mov,mp4,m4a,3gp,3g2,mj2 @ 0x3dbb900] moov atom not found
VIDIOC_REQBUFS: Inappropriate ioctl for device
[mov,mp4,m4a,3gp,3g2,mj2 @ 0x36994c0] moov atom not found
VIDIOC_REQBUFS: Inappropriate ioctl for device
Epoch: [2][20/97], lr: 0.01000	Time 0.822 (4.443)	Data 0.000 (3.645)	Loss 0.1885 (0.3837)	Prec@1 92.969 (86.496)	Prec@5 100.000 (99.963)
[mov,mp4,m4a,3gp,3g2,mj2 @ 0x36ae740] moov atom not found
VIDIOC_REQBUFS: Inappropriate ioctl for device
[mov,mp4,m4a,3gp,3g2,mj2 @ 0x42b0a00] moov atom not found
VIDIOC_REQBUFS: Inappropriate ioctl for device
[mov,mp4,m4a,3gp,3g2,mj2 @ 0x3675180] moov atom not found
VIDIOC_REQBUFS: Inappropriate ioctl for device
[mov,mp4,m4a,3gp,3g2,mj2 @ 0x3a4cb80] moov atom not found
VIDIOC_REQBUFS: Inappropriate ioctl for device
[mov,mp4,m4a,3gp,3g2,mj2 @ 0x4591e80] moov atom not found
VIDIOC_REQBUFS: Inappropriate ioctl for device
[mov,mp4,m4a,3gp,3g2,mj2 @ 0x36ae740] moov atom not found
VIDIOC_REQBUFS: Inappropriate ioctl for device
[mov,mp4,m4a,3gp,3g2,mj2 @ 0x3342200] moov atom not found
VIDIOC_REQBUFS: Inappropriate ioctl for device
[mov,mp4,m4a,3gp,3g2,mj2 @ 0x36ae740] moov atom not found
VIDIOC_REQBUFS: Inappropriate ioctl for device
[mov,mp4,m4a,3gp,3g2,mj2 @ 0x3aa0f80] moov atom not found
VIDIOC_REQBUFS: Inappropriate ioctl for device
[mov,mp4,m4a,3gp,3g2,mj2 @ 0x3bfe580] moov atom not found
VIDIOC_REQBUFS: Inappropriate ioctl for device
[mov,mp4,m4a,3gp,3g2,mj2 @ 0x36acfc0] moov atom not found
VIDIOC_REQBUFS: Inappropriate ioctl for device
[mov,mp4,m4a,3gp,3g2,mj2 @ 0x41e0380] moov atom not found
VIDIOC_REQBUFS: Inappropriate ioctl for device
[mov,mp4,m4a,3gp,3g2,mj2 @ 0x3342240] moov atom not found
VIDIOC_REQBUFS: Inappropriate ioctl for device
[mov,mp4,m4a,3gp,3g2,mj2 @ 0x36ae740] moov atom not found
VIDIOC_REQBUFS: Inappropriate ioctl for device
[mov,mp4,m4a,3gp,3g2,mj2 @ 0x4ac08c0] moov atom not found
VIDIOC_REQBUFS: Inappropriate ioctl for device
[mov,mp4,m4a,3gp,3g2,mj2 @ 0x3eb98c0] moov atom not found
VIDIOC_REQBUFS: Inappropriate ioctl for device
[mov,mp4,m4a,3gp,3g2,mj2 @ 0x4388580] moov atom not found
VIDIOC_REQBUFS: Inappropriate ioctl for device
[mov,mp4,m4a,3gp,3g2,mj2 @ 0x3eb98c0] moov atom not found
VIDIOC_REQBUFS: Inappropriate ioctl for device
[mov,mp4,m4a,3gp,3g2,mj2 @ 0x3ed0940] moov atom not found
VIDIOC_REQBUFS: Inappropriate ioctl for device
Epoch: [2][40/97], lr: 0.01000	Time 23.123 (4.274)	Data 22.216 (3.481)	Loss 0.2792 (0.3366)	Prec@1 91.406 (87.957)	Prec@5 100.000 (99.981)
[mov,mp4,m4a,3gp,3g2,mj2 @ 0x3342240] moov atom not found
VIDIOC_REQBUFS: Inappropriate ioctl for device
[mov,mp4,m4a,3gp,3g2,mj2 @ 0x38a4040] moov atom not found
VIDIOC_REQBUFS: Inappropriate ioctl for device
[mov,mp4,m4a,3gp,3g2,mj2 @ 0x3341fc0] moov atom not found
VIDIOC_REQBUFS: Inappropriate ioctl for device
[mov,mp4,m4a,3gp,3g2,mj2 @ 0x3e44400] moov atom not found
VIDIOC_REQBUFS: Inappropriate ioctl for device
[mov,mp4,m4a,3gp,3g2,mj2 @ 0x3633dc0] moov atom not found
VIDIOC_REQBUFS: Inappropriate ioctl for device
[mov,mp4,m4a,3gp,3g2,mj2 @ 0x38eb300] moov atom not found
VIDIOC_REQBUFS: Inappropriate ioctl for device
[mov,mp4,m4a,3gp,3g2,mj2 @ 0x4358480] moov atom not found
VIDIOC_REQBUFS: Inappropriate ioctl for device
[mov,mp4,m4a,3gp,3g2,mj2 @ 0x3e73540] moov atom not found
VIDIOC_REQBUFS: Inappropriate ioctl for device
[mov,mp4,m4a,3gp,3g2,mj2 @ 0x3a32ec0] moov atom not found
VIDIOC_REQBUFS: Inappropriate ioctl for device
Epoch: [2][60/97], lr: 0.01000	Time 0.708 (3.854)	Data 0.000 (3.072)	Loss 0.2481 (0.3088)	Prec@1 91.406 (88.973)	Prec@5 100.000 (99.987)
[mov,mp4,m4a,3gp,3g2,mj2 @ 0x36994c0] moov atom not found
VIDIOC_REQBUFS: Inappropriate ioctl for device
[mov,mp4,m4a,3gp,3g2,mj2 @ 0x41e58c0] moov atom not found
VIDIOC_REQBUFS: Inappropriate ioctl for device
[mov,mp4,m4a,3gp,3g2,mj2 @ 0x36ae740] moov atom not found
VIDIOC_REQBUFS: Inappropriate ioctl for device
[mov,mp4,m4a,3gp,3g2,mj2 @ 0x3a32ec0] moov atom not found
VIDIOC_REQBUFS: Inappropriate ioctl for device
[mov,mp4,m4a,3gp,3g2,mj2 @ 0x4082d80] moov atom not found
VIDIOC_REQBUFS: Inappropriate ioctl for device
[mov,mp4,m4a,3gp,3g2,mj2 @ 0x4ac08c0] moov atom not found
VIDIOC_REQBUFS: Inappropriate ioctl for device
[mov,mp4,m4a,3gp,3g2,mj2 @ 0x19aa300] moov atom not found
VIDIOC_REQBUFS: Inappropriate ioctl for device
[mov,mp4,m4a,3gp,3g2,mj2 @ 0x3698e00] moov atom not found
VIDIOC_REQBUFS: Inappropriate ioctl for device
[mov,mp4,m4a,3gp,3g2,mj2 @ 0x3698e00] moov atom not found
VIDIOC_REQBUFS: Inappropriate ioctl for device
[mov,mp4,m4a,3gp,3g2,mj2 @ 0x3342240] moov atom not found
VIDIOC_REQBUFS: Inappropriate ioctl for device
[mov,mp4,m4a,3gp,3g2,mj2 @ 0x3f2fb80] moov atom not found
VIDIOC_REQBUFS: Inappropriate ioctl for device
Epoch: [2][80/97], lr: 0.01000	Time 17.577 (3.870)	Data 16.613 (3.084)	Loss 0.2224 (0.2954)	Prec@1 94.531 (89.535)	Prec@5 100.000 (99.981)
[mov,mp4,m4a,3gp,3g2,mj2 @ 0x3c334c0] moov atom not found
VIDIOC_REQBUFS: Inappropriate ioctl for device
[mov,mp4,m4a,3gp,3g2,mj2 @ 0x3342240] moov atom not found
VIDIOC_REQBUFS: Inappropriate ioctl for device
[mov,mp4,m4a,3gp,3g2,mj2 @ 0x4342400] moov atom not found
VIDIOC_REQBUFS: Inappropriate ioctl for device
clipping gradient: 26.410122890227615 with coef 0.7572853819396835
[mov,mp4,m4a,3gp,3g2,mj2 @ 0x19a9c40] moov atom not found
VIDIOC_REQBUFS: Inappropriate ioctl for device
[mov,mp4,m4a,3gp,3g2,mj2 @ 0x41be940] moov atom not found
VIDIOC_REQBUFS: Inappropriate ioctl for device
[mov,mp4,m4a,3gp,3g2,mj2 @ 0x3b75a00] moov atom not found
VIDIOC_REQBUFS: Inappropriate ioctl for device
[mov,mp4,m4a,3gp,3g2,mj2 @ 0x3633dc0] moov atom not found
VIDIOC_REQBUFS: Inappropriate ioctl for device
[mov,mp4,m4a,3gp,3g2,mj2 @ 0x3afbe00] moov atom not found
VIDIOC_REQBUFS: Inappropriate ioctl for device
[mov,mp4,m4a,3gp,3g2,mj2 @ 0x3dbe440] moov atom not found
VIDIOC_REQBUFS: Inappropriate ioctl for device
[mov,mp4,m4a,3gp,3g2,mj2 @ 0x37de880] moov atom not found
VIDIOC_REQBUFS: Inappropriate ioctl for device
Epoch: [3][0/97], lr: 0.01000	Time 32.460 (32.460)	Data 31.778 (31.778)	Loss 0.2189 (0.2189)	Prec@1 93.750 (93.750)	Prec@5 100.000 (100.000)
[mov,mp4,m4a,3gp,3g2,mj2 @ 0x3c68a40] moov atom not found
VIDIOC_REQBUFS: Inappropriate ioctl for device
[mov,mp4,m4a,3gp,3g2,mj2 @ 0x362fc00] moov atom not found
VIDIOC_REQBUFS: Inappropriate ioctl for device
[mov,mp4,m4a,3gp,3g2,mj2 @ 0x3dbe440] moov atom not found
VIDIOC_REQBUFS: Inappropriate ioctl for device
[mov,mp4,m4a,3gp,3g2,mj2 @ 0x4039d00] moov atom not found
VIDIOC_REQBUFS: Inappropriate ioctl for device
[mov,mp4,m4a,3gp,3g2,mj2 @ 0x3ddce80] moov atom not found
VIDIOC_REQBUFS: Inappropriate ioctl for device
[mov,mp4,m4a,3gp,3g2,mj2 @ 0x4398c80] moov atom not found
VIDIOC_REQBUFS: Inappropriate ioctl for device
[mov,mp4,m4a,3gp,3g2,mj2 @ 0x4382980] moov atom not found
VIDIOC_REQBUFS: Inappropriate ioctl for device
[mov,mp4,m4a,3gp,3g2,mj2 @ 0x4382980] moov atom not found
VIDIOC_REQBUFS: Inappropriate ioctl for device
[mov,mp4,m4a,3gp,3g2,mj2 @ 0x3994200] moov atom not found
VIDIOC_REQBUFS: Inappropriate ioctl for device
[mov,mp4,m4a,3gp,3g2,mj2 @ 0x42a79c0] moov atom not found
VIDIOC_REQBUFS: Inappropriate ioctl for device
Epoch: [3][20/97], lr: 0.01000	Time 1.812 (4.498)	Data 1.066 (3.697)	Loss 0.2742 (0.2775)	Prec@1 89.062 (90.179)	Prec@5 100.000 (100.000)
[mov,mp4,m4a,3gp,3g2,mj2 @ 0x3c68a40] moov atom not found
VIDIOC_REQBUFS: Inappropriate ioctl for device
[mov,mp4,m4a,3gp,3g2,mj2 @ 0x3c68a40] moov atom not found
VIDIOC_REQBUFS: Inappropriate ioctl for device
[mov,mp4,m4a,3gp,3g2,mj2 @ 0x4844400] moov atom not found
VIDIOC_REQBUFS: Inappropriate ioctl for device
[mov,mp4,m4a,3gp,3g2,mj2 @ 0x36ae840] moov atom not found
VIDIOC_REQBUFS: Inappropriate ioctl for device
[mov,mp4,m4a,3gp,3g2,mj2 @ 0x3dbe440] moov atom not found
VIDIOC_REQBUFS: Inappropriate ioctl for device
[mov,mp4,m4a,3gp,3g2,mj2 @ 0x37ddb80] moov atom not found
VIDIOC_REQBUFS: Inappropriate ioctl for device
[mov,mp4,m4a,3gp,3g2,mj2 @ 0x3633dc0] moov atom not found
VIDIOC_REQBUFS: Inappropriate ioctl for device
[mov,mp4,m4a,3gp,3g2,mj2 @ 0x3633dc0] moov atom not found
VIDIOC_REQBUFS: Inappropriate ioctl for device
[mov,mp4,m4a,3gp,3g2,mj2 @ 0x37ddb80] moov atom not found
VIDIOC_REQBUFS: Inappropriate ioctl for device
[mov,mp4,m4a,3gp,3g2,mj2 @ 0x3ee44c0] moov atom not found
VIDIOC_REQBUFS: Inappropriate ioctl for device
[mov,mp4,m4a,3gp,3g2,mj2 @ 0x3ee44c0] moov atom not found
VIDIOC_REQBUFS: Inappropriate ioctl for device
[mov,mp4,m4a,3gp,3g2,mj2 @ 0x3fe4f80] moov atom not found
VIDIOC_REQBUFS: Inappropriate ioctl for device
[mov,mp4,m4a,3gp,3g2,mj2 @ 0x3ddce80] moov atom not found
VIDIOC_REQBUFS: Inappropriate ioctl for device
[mov,mp4,m4a,3gp,3g2,mj2 @ 0x3dbe180] moov atom not found
VIDIOC_REQBUFS: Inappropriate ioctl for device
[mov,mp4,m4a,3gp,3g2,mj2 @ 0x3dbe440] moov atom not found
VIDIOC_REQBUFS: Inappropriate ioctl for device
[mov,mp4,m4a,3gp,3g2,mj2 @ 0x3fe4f80] moov atom not found
VIDIOC_REQBUFS: Inappropriate ioctl for device
Epoch: [3][40/97], lr: 0.01000	Time 21.380 (4.282)	Data 20.603 (3.507)	Loss 0.2068 (0.2643)	Prec@1 92.188 (90.701)	Prec@5 99.219 (99.981)
[mov,mp4,m4a,3gp,3g2,mj2 @ 0x41be940] moov atom not found
VIDIOC_REQBUFS: Inappropriate ioctl for device
[mov,mp4,m4a,3gp,3g2,mj2 @ 0x41be940] moov atom not found
VIDIOC_REQBUFS: Inappropriate ioctl for device
[mov,mp4,m4a,3gp,3g2,mj2 @ 0x41f2d00] moov atom not found
VIDIOC_REQBUFS: Inappropriate ioctl for device
[mov,mp4,m4a,3gp,3g2,mj2 @ 0x410cac0] moov atom not found
VIDIOC_REQBUFS: Inappropriate ioctl for device
[mov,mp4,m4a,3gp,3g2,mj2 @ 0x3c68a40] moov atom not found
VIDIOC_REQBUFS: Inappropriate ioctl for device
Epoch: [3][60/97], lr: 0.01000	Time 1.790 (3.797)	Data 0.932 (3.045)	Loss 0.2618 (0.2626)	Prec@1 92.188 (90.715)	Prec@5 100.000 (99.974)
[mov,mp4,m4a,3gp,3g2,mj2 @ 0x41be940] moov atom not found
VIDIOC_REQBUFS: Inappropriate ioctl for device
[mov,mp4,m4a,3gp,3g2,mj2 @ 0x3dbe440] moov atom not found
VIDIOC_REQBUFS: Inappropriate ioctl for device
[mov,mp4,m4a,3gp,3g2,mj2 @ 0x3bbe940] moov atom not found
VIDIOC_REQBUFS: Inappropriate ioctl for device
[mov,mp4,m4a,3gp,3g2,mj2 @ 0x3a31a00] moov atom not found
VIDIOC_REQBUFS: Inappropriate ioctl for device
[mov,mp4,m4a,3gp,3g2,mj2 @ 0x3c68a40] moov atom not found
VIDIOC_REQBUFS: Inappropriate ioctl for device
[mov,mp4,m4a,3gp,3g2,mj2 @ 0x42207c0] moov atom not found
VIDIOC_REQBUFS: Inappropriate ioctl for device
[mov,mp4,m4a,3gp,3g2,mj2 @ 0x3924440] moov atom not found
VIDIOC_REQBUFS: Inappropriate ioctl for device
[mov,mp4,m4a,3gp,3g2,mj2 @ 0x36ae840] moov atom not found
VIDIOC_REQBUFS: Inappropriate ioctl for device
[mov,mp4,m4a,3gp,3g2,mj2 @ 0x3ddce80] moov atom not found
VIDIOC_REQBUFS: Inappropriate ioctl for device
[mov,mp4,m4a,3gp,3g2,mj2 @ 0x4151a00] moov atom not found
VIDIOC_REQBUFS: Inappropriate ioctl for device
[mov,mp4,m4a,3gp,3g2,mj2 @ 0x4294780] moov atom not found
VIDIOC_REQBUFS: Inappropriate ioctl for device
[mov,mp4,m4a,3gp,3g2,mj2 @ 0x4200d00] moov atom not found
VIDIOC_REQBUFS: Inappropriate ioctl for device
[mov,mp4,m4a,3gp,3g2,mj2 @ 0x3c68a40] moov atom not found
VIDIOC_REQBUFS: Inappropriate ioctl for device
[mov,mp4,m4a,3gp,3g2,mj2 @ 0x396d900] moov atom not found
VIDIOC_REQBUFS: Inappropriate ioctl for device
[mov,mp4,m4a,3gp,3g2,mj2 @ 0x3ddce80] moov atom not found
VIDIOC_REQBUFS: Inappropriate ioctl for device
[mov,mp4,m4a,3gp,3g2,mj2 @ 0x3fe3400] moov atom not found
VIDIOC_REQBUFS: Inappropriate ioctl for device
[mov,mp4,m4a,3gp,3g2,mj2 @ 0x435ee80] moov atom not found
VIDIOC_REQBUFS: Inappropriate ioctl for device
Epoch: [3][80/97], lr: 0.01000	Time 20.184 (3.781)	Data 19.457 (3.026)	Loss 0.2967 (0.2553)	Prec@1 89.062 (90.992)	Prec@5 100.000 (99.981)
[mov,mp4,m4a,3gp,3g2,mj2 @ 0x3b32040] moov atom not found
VIDIOC_REQBUFS: Inappropriate ioctl for device
[mov,mp4,m4a,3gp,3g2,mj2 @ 0x3800140] moov atom not found
VIDIOC_REQBUFS: Inappropriate ioctl for device
[mov,mp4,m4a,3gp,3g2,mj2 @ 0x3fe4f80] moov atom not found
VIDIOC_REQBUFS: Inappropriate ioctl for device
clipping gradient: 35.115245694245 with coef 0.5695531842249869
[mov,mp4,m4a,3gp,3g2,mj2 @ 0x3640ac0] moov atom not found
VIDIOC_REQBUFS: Inappropriate ioctl for device
[mov,mp4,m4a,3gp,3g2,mj2 @ 0x362fb80] moov atom not found
VIDIOC_REQBUFS: Inappropriate ioctl for device
[mov,mp4,m4a,3gp,3g2,mj2 @ 0x333d380] moov atom not found
VIDIOC_REQBUFS: Inappropriate ioctl for device
Epoch: [4][0/97], lr: 0.01000	Time 33.889 (33.889)	Data 33.091 (33.091)	Loss 0.2047 (0.2047)	Prec@1 93.750 (93.750)	Prec@5 100.000 (100.000)
[mov,mp4,m4a,3gp,3g2,mj2 @ 0x404b300] moov atom not found
VIDIOC_REQBUFS: Inappropriate ioctl for device
[mov,mp4,m4a,3gp,3g2,mj2 @ 0x37e7980] moov atom not found
VIDIOC_REQBUFS: Inappropriate ioctl for device
[mov,mp4,m4a,3gp,3g2,mj2 @ 0x3ad8fc0] moov atom not found
VIDIOC_REQBUFS: Inappropriate ioctl for device
[mov,mp4,m4a,3gp,3g2,mj2 @ 0x3f53240] moov atom not found
VIDIOC_REQBUFS: Inappropriate ioctl for device
[mov,mp4,m4a,3gp,3g2,mj2 @ 0x3df9a00] moov atom not found
VIDIOC_REQBUFS: Inappropriate ioctl for device
[mov,mp4,m4a,3gp,3g2,mj2 @ 0x3f63a00] moov atom not found
VIDIOC_REQBUFS: Inappropriate ioctl for device
[mov,mp4,m4a,3gp,3g2,mj2 @ 0x33421c0] moov atom not found
VIDIOC_REQBUFS: Inappropriate ioctl for device
[mov,mp4,m4a,3gp,3g2,mj2 @ 0x4126580] moov atom not found
VIDIOC_REQBUFS: Inappropriate ioctl for device
[mov,mp4,m4a,3gp,3g2,mj2 @ 0x4126580] moov atom not found
VIDIOC_REQBUFS: Inappropriate ioctl for device
[mov,mp4,m4a,3gp,3g2,mj2 @ 0x19a9c40] moov atom not found
VIDIOC_REQBUFS: Inappropriate ioctl for device
[mov,mp4,m4a,3gp,3g2,mj2 @ 0x42f0700] moov atom not found
VIDIOC_REQBUFS: Inappropriate ioctl for device
Epoch: [4][20/97], lr: 0.01000	Time 0.720 (4.583)	Data 0.000 (3.802)	Loss 0.2643 (0.2474)	Prec@1 88.281 (90.997)	Prec@5 100.000 (99.963)
[mov,mp4,m4a,3gp,3g2,mj2 @ 0x4043340] moov atom not found
VIDIOC_REQBUFS: Inappropriate ioctl for device
[mov,mp4,m4a,3gp,3g2,mj2 @ 0x3673800] moov atom not found
VIDIOC_REQBUFS: Inappropriate ioctl for device
[mov,mp4,m4a,3gp,3g2,mj2 @ 0x3f63a00] moov atom not found
VIDIOC_REQBUFS: Inappropriate ioctl for device
[mov,mp4,m4a,3gp,3g2,mj2 @ 0x3633c40] moov atom not found
VIDIOC_REQBUFS: Inappropriate ioctl for device
[mov,mp4,m4a,3gp,3g2,mj2 @ 0x42aa6c0] moov atom not found
VIDIOC_REQBUFS: Inappropriate ioctl for device
[mov,mp4,m4a,3gp,3g2,mj2 @ 0x362fb80] moov atom not found
VIDIOC_REQBUFS: Inappropriate ioctl for device
[mov,mp4,m4a,3gp,3g2,mj2 @ 0x36737c0] moov atom not found
VIDIOC_REQBUFS: Inappropriate ioctl for device
[mov,mp4,m4a,3gp,3g2,mj2 @ 0x33421c0] moov atom not found
VIDIOC_REQBUFS: Inappropriate ioctl for device
[mov,mp4,m4a,3gp,3g2,mj2 @ 0x37e7980] moov atom not found
VIDIOC_REQBUFS: Inappropriate ioctl for device
[mov,mp4,m4a,3gp,3g2,mj2 @ 0x406e640] moov atom not found
VIDIOC_REQBUFS: Inappropriate ioctl for device
[mov,mp4,m4a,3gp,3g2,mj2 @ 0x3b758c0] moov atom not found
VIDIOC_REQBUFS: Inappropriate ioctl for device
[mov,mp4,m4a,3gp,3g2,mj2 @ 0x3e39040] moov atom not found
VIDIOC_REQBUFS: Inappropriate ioctl for device
[mov,mp4,m4a,3gp,3g2,mj2 @ 0x3f53240] moov atom not found
VIDIOC_REQBUFS: Inappropriate ioctl for device
[mov,mp4,m4a,3gp,3g2,mj2 @ 0x3e71880] moov atom not found
VIDIOC_REQBUFS: Inappropriate ioctl for device
[mov,mp4,m4a,3gp,3g2,mj2 @ 0x42e0b40] moov atom not found
VIDIOC_REQBUFS: Inappropriate ioctl for device
[mov,mp4,m4a,3gp,3g2,mj2 @ 0x3e71880] moov atom not found
VIDIOC_REQBUFS: Inappropriate ioctl for device
[mov,mp4,m4a,3gp,3g2,mj2 @ 0x41a1c40] moov atom not found
VIDIOC_REQBUFS: Inappropriate ioctl for device
[mov,mp4,m4a,3gp,3g2,mj2 @ 0x42aa6c0] moov atom not found
VIDIOC_REQBUFS: Inappropriate ioctl for device
Epoch: [4][40/97], lr: 0.01000	Time 21.181 (4.356)	Data 20.366 (3.578)	Loss 0.2409 (0.2334)	Prec@1 90.625 (91.482)	Prec@5 100.000 (99.981)
[mov,mp4,m4a,3gp,3g2,mj2 @ 0x3f63a00] moov atom not found
VIDIOC_REQBUFS: Inappropriate ioctl for device
[mov,mp4,m4a,3gp,3g2,mj2 @ 0x3f53240] moov atom not found
VIDIOC_REQBUFS: Inappropriate ioctl for device
[mov,mp4,m4a,3gp,3g2,mj2 @ 0x3342240] moov atom not found
VIDIOC_REQBUFS: Inappropriate ioctl for device
[mov,mp4,m4a,3gp,3g2,mj2 @ 0x421bd80] moov atom not found
VIDIOC_REQBUFS: Inappropriate ioctl for device
[mov,mp4,m4a,3gp,3g2,mj2 @ 0x42f0700] moov atom not found
VIDIOC_REQBUFS: Inappropriate ioctl for device
[mov,mp4,m4a,3gp,3g2,mj2 @ 0x3b31980] moov atom not found
VIDIOC_REQBUFS: Inappropriate ioctl for device
[mov,mp4,m4a,3gp,3g2,mj2 @ 0x4156000] moov atom not found
VIDIOC_REQBUFS: Inappropriate ioctl for device
[mov,mp4,m4a,3gp,3g2,mj2 @ 0x3b31980] moov atom not found
VIDIOC_REQBUFS: Inappropriate ioctl for device
[mov,mp4,m4a,3gp,3g2,mj2 @ 0x3b31980] moov atom not found
VIDIOC_REQBUFS: Inappropriate ioctl for device
[mov,mp4,m4a,3gp,3g2,mj2 @ 0x42f0700] moov atom not found
VIDIOC_REQBUFS: Inappropriate ioctl for device
Epoch: [4][60/97], lr: 0.01000	Time 0.771 (3.977)	Data 0.000 (3.193)	Loss 0.2071 (0.2209)	Prec@1 92.188 (92.008)	Prec@5 100.000 (99.974)
[mov,mp4,m4a,3gp,3g2,mj2 @ 0x3b31980] moov atom not found
VIDIOC_REQBUFS: Inappropriate ioctl for device
[mov,mp4,m4a,3gp,3g2,mj2 @ 0x3b31980] moov atom not found
VIDIOC_REQBUFS: Inappropriate ioctl for device
[mov,mp4,m4a,3gp,3g2,mj2 @ 0x4040b00] moov atom not found
VIDIOC_REQBUFS: Inappropriate ioctl for device
[mov,mp4,m4a,3gp,3g2,mj2 @ 0x36a68c0] moov atom not found
VIDIOC_REQBUFS: Inappropriate ioctl for device
[mov,mp4,m4a,3gp,3g2,mj2 @ 0x37e7980] moov atom not found
VIDIOC_REQBUFS: Inappropriate ioctl for device
[mov,mp4,m4a,3gp,3g2,mj2 @ 0x3644940] moov atom not found
VIDIOC_REQBUFS: Inappropriate ioctl for device
[mov,mp4,m4a,3gp,3g2,mj2 @ 0x367d840] moov atom not found
VIDIOC_REQBUFS: Inappropriate ioctl for device
[mov,mp4,m4a,3gp,3g2,mj2 @ 0x367d840] moov atom not found
VIDIOC_REQBUFS: Inappropriate ioctl for device
[mov,mp4,m4a,3gp,3g2,mj2 @ 0x3feb140] moov atom not found
VIDIOC_REQBUFS: Inappropriate ioctl for device
[mov,mp4,m4a,3gp,3g2,mj2 @ 0x3342240] moov atom not found
VIDIOC_REQBUFS: Inappropriate ioctl for device
Epoch: [4][80/97], lr: 0.01000	Time 21.981 (3.990)	Data 21.210 (3.210)	Loss 0.1722 (0.2151)	Prec@1 95.312 (92.207)	Prec@5 100.000 (99.961)
[mov,mp4,m4a,3gp,3g2,mj2 @ 0x41187c0] moov atom not found
VIDIOC_REQBUFS: Inappropriate ioctl for device
[mov,mp4,m4a,3gp,3g2,mj2 @ 0x40313c0] moov atom not found
VIDIOC_REQBUFS: Inappropriate ioctl for device
[mov,mp4,m4a,3gp,3g2,mj2 @ 0x3bacd80] moov atom not found
VIDIOC_REQBUFS: Inappropriate ioctl for device
[mov,mp4,m4a,3gp,3g2,mj2 @ 0x369adc0] moov atom not found
VIDIOC_REQBUFS: Inappropriate ioctl for device
clipping gradient: 27.013438759581792 with coef 0.7403722339091652
[mov,mp4,m4a,3gp,3g2,mj2 @ 0x359cc80] moov atom not found
VIDIOC_REQBUFS: Inappropriate ioctl for device
[mov,mp4,m4a,3gp,3g2,mj2 @ 0x35158c0] moov atom not found
VIDIOC_REQBUFS: Inappropriate ioctl for device
main.py:307: UserWarning: volatile was removed and now has no effect. Use `with torch.no_grad():` instead.
  input_var = torch.autograd.Variable(input, volatile=True)
main.py:308: UserWarning: volatile was removed and now has no effect. Use `with torch.no_grad():` instead.
  target_var = torch.autograd.Variable(target, volatile=True)
[mov,mp4,m4a,3gp,3g2,mj2 @ 0x3a0f200] moov atom not found
VIDIOC_REQBUFS: Inappropriate ioctl for device
[mov,mp4,m4a,3gp,3g2,mj2 @ 0x3564300] moov atom not found
VIDIOC_REQBUFS: Inappropriate ioctl for device
Test: [0/30]	Time 16.204 (16.204)	Loss 0.7770 (0.7770)	Prec@1 81.250 (81.250)	Prec@5 100.000 (100.000)
[mov,mp4,m4a,3gp,3g2,mj2 @ 0x3cae900] moov atom not found
VIDIOC_REQBUFS: Inappropriate ioctl for device
[mov,mp4,m4a,3gp,3g2,mj2 @ 0x33908c0] moov atom not found
VIDIOC_REQBUFS: Inappropriate ioctl for device
Test: [20/30]	Time 1.181 (1.295)	Loss 0.2593 (0.6354)	Prec@1 84.375 (82.440)	Prec@5 100.000 (100.000)
[mov,mp4,m4a,3gp,3g2,mj2 @ 0x3a0f200] moov atom not found
VIDIOC_REQBUFS: Inappropriate ioctl for device
Testing Results: Prec@1 81.960 Prec@5 99.896 Loss 0.65210
best_prec1 81.96037549445478
[mov,mp4,m4a,3gp,3g2,mj2 @ 0x333fbc0] moov atom not found
VIDIOC_REQBUFS: Inappropriate ioctl for device
[mov,mp4,m4a,3gp,3g2,mj2 @ 0x333fbc0] moov atom not found
VIDIOC_REQBUFS: Inappropriate ioctl for device
[mov,mp4,m4a,3gp,3g2,mj2 @ 0x333fbc0] moov atom not found
VIDIOC_REQBUFS: Inappropriate ioctl for device
[mov,mp4,m4a,3gp,3g2,mj2 @ 0x333fbc0] moov atom not found
VIDIOC_REQBUFS: Inappropriate ioctl for device
[mov,mp4,m4a,3gp,3g2,mj2 @ 0x333fbc0] moov atom not found
VIDIOC_REQBUFS: Inappropriate ioctl for device
[mov,mp4,m4a,3gp,3g2,mj2 @ 0x333fbc0] moov atom not found
VIDIOC_REQBUFS: Inappropriate ioctl for device
[mov,mp4,m4a,3gp,3g2,mj2 @ 0x333fbc0] moov atom not found
VIDIOC_REQBUFS: Inappropriate ioctl for device
[mov,mp4,m4a,3gp,3g2,mj2 @ 0x333fbc0] moov atom not found
VIDIOC_REQBUFS: Inappropriate ioctl for device
[mov,mp4,m4a,3gp,3g2,mj2 @ 0x333fbc0] moov atom not found
VIDIOC_REQBUFS: Inappropriate ioctl for device
Epoch: [5][0/97], lr: 0.01000	Time 34.044 (34.044)	Data 32.465 (32.465)	Loss 0.2193 (0.2193)	Prec@1 92.969 (92.969)	Prec@5 100.000 (100.000)
[mov,mp4,m4a,3gp,3g2,mj2 @ 0x333fbc0] moov atom not found
VIDIOC_REQBUFS: Inappropriate ioctl for device
[mov,mp4,m4a,3gp,3g2,mj2 @ 0x333fbc0] moov atom not found
VIDIOC_REQBUFS: Inappropriate ioctl for device
[mov,mp4,m4a,3gp,3g2,mj2 @ 0x333fbc0] moov atom not found
VIDIOC_REQBUFS: Inappropriate ioctl for device
[mov,mp4,m4a,3gp,3g2,mj2 @ 0x333fbc0] moov atom not found
VIDIOC_REQBUFS: Inappropriate ioctl for device
[mov,mp4,m4a,3gp,3g2,mj2 @ 0x333fbc0] moov atom not found
VIDIOC_REQBUFS: Inappropriate ioctl for device
[mov,mp4,m4a,3gp,3g2,mj2 @ 0x333fbc0] moov atom not found
VIDIOC_REQBUFS: Inappropriate ioctl for device
[mov,mp4,m4a,3gp,3g2,mj2 @ 0x333fbc0] moov atom not found
VIDIOC_REQBUFS: Inappropriate ioctl for device
[mov,mp4,m4a,3gp,3g2,mj2 @ 0x333fbc0] moov atom not found
VIDIOC_REQBUFS: Inappropriate ioctl for device
[mov,mp4,m4a,3gp,3g2,mj2 @ 0x19aa180] moov atom not found
VIDIOC_REQBUFS: Inappropriate ioctl for device
[mov,mp4,m4a,3gp,3g2,mj2 @ 0x333fbc0] moov atom not found
VIDIOC_REQBUFS: Inappropriate ioctl for device
[mov,mp4,m4a,3gp,3g2,mj2 @ 0x333fbc0] moov atom not found
VIDIOC_REQBUFS: Inappropriate ioctl for device
[mov,mp4,m4a,3gp,3g2,mj2 @ 0x333fbc0] moov atom not found
VIDIOC_REQBUFS: Inappropriate ioctl for device
[mov,mp4,m4a,3gp,3g2,mj2 @ 0x333fbc0] moov atom not found
VIDIOC_REQBUFS: Inappropriate ioctl for device
Epoch: [5][20/97], lr: 0.01000	Time 0.715 (4.451)	Data 0.000 (3.636)	Loss 0.1545 (0.2168)	Prec@1 95.312 (92.969)	Prec@5 100.000 (100.000)
[mov,mp4,m4a,3gp,3g2,mj2 @ 0x333fbc0] moov atom not found
VIDIOC_REQBUFS: Inappropriate ioctl for device
[mov,mp4,m4a,3gp,3g2,mj2 @ 0x333fbc0] moov atom not found
VIDIOC_REQBUFS: Inappropriate ioctl for device
[mov,mp4,m4a,3gp,3g2,mj2 @ 0x333fbc0] moov atom not found
VIDIOC_REQBUFS: Inappropriate ioctl for device
[mov,mp4,m4a,3gp,3g2,mj2 @ 0x333fbc0] moov atom not found
VIDIOC_REQBUFS: Inappropriate ioctl for device
[mov,mp4,m4a,3gp,3g2,mj2 @ 0x333fbc0] moov atom not found
VIDIOC_REQBUFS: Inappropriate ioctl for device
[mov,mp4,m4a,3gp,3g2,mj2 @ 0x333fbc0] moov atom not found
VIDIOC_REQBUFS: Inappropriate ioctl for device
[mov,mp4,m4a,3gp,3g2,mj2 @ 0x333fbc0] moov atom not found
VIDIOC_REQBUFS: Inappropriate ioctl for device
[mov,mp4,m4a,3gp,3g2,mj2 @ 0x333fbc0] moov atom not found
VIDIOC_REQBUFS: Inappropriate ioctl for device
[mov,mp4,m4a,3gp,3g2,mj2 @ 0x333fbc0] moov atom not found
VIDIOC_REQBUFS: Inappropriate ioctl for device
[mov,mp4,m4a,3gp,3g2,mj2 @ 0x369da00] moov atom not found
VIDIOC_REQBUFS: Inappropriate ioctl for device
[mov,mp4,m4a,3gp,3g2,mj2 @ 0x333fbc0] moov atom not found
VIDIOC_REQBUFS: Inappropriate ioctl for device
[mov,mp4,m4a,3gp,3g2,mj2 @ 0x333fbc0] moov atom not found
VIDIOC_REQBUFS: Inappropriate ioctl for device
[mov,mp4,m4a,3gp,3g2,mj2 @ 0x333fbc0] moov atom not found
VIDIOC_REQBUFS: Inappropriate ioctl for device
[mov,mp4,m4a,3gp,3g2,mj2 @ 0x333fbc0] moov atom not found
VIDIOC_REQBUFS: Inappropriate ioctl for device
Epoch: [5][40/97], lr: 0.01000	Time 16.423 (4.060)	Data 15.644 (3.274)	Loss 0.2420 (0.2189)	Prec@1 91.406 (92.645)	Prec@5 100.000 (99.962)
[mov,mp4,m4a,3gp,3g2,mj2 @ 0x333fbc0] moov atom not found
VIDIOC_REQBUFS: Inappropriate ioctl for device
[mov,mp4,m4a,3gp,3g2,mj2 @ 0x333fbc0] moov atom not found
VIDIOC_REQBUFS: Inappropriate ioctl for device
[mov,mp4,m4a,3gp,3g2,mj2 @ 0x333fbc0] moov atom not found
VIDIOC_REQBUFS: Inappropriate ioctl for device
[mov,mp4,m4a,3gp,3g2,mj2 @ 0x333fbc0] moov atom not found
VIDIOC_REQBUFS: Inappropriate ioctl for device
[mov,mp4,m4a,3gp,3g2,mj2 @ 0x333fbc0] moov atom not found
VIDIOC_REQBUFS: Inappropriate ioctl for device
[mov,mp4,m4a,3gp,3g2,mj2 @ 0x333fbc0] moov atom not found
VIDIOC_REQBUFS: Inappropriate ioctl for device
[mov,mp4,m4a,3gp,3g2,mj2 @ 0x333fbc0] moov atom not found
VIDIOC_REQBUFS: Inappropriate ioctl for device
[mov,mp4,m4a,3gp,3g2,mj2 @ 0x333fbc0] moov atom not found
VIDIOC_REQBUFS: Inappropriate ioctl for device
[mov,mp4,m4a,3gp,3g2,mj2 @ 0x333fbc0] moov atom not found
VIDIOC_REQBUFS: Inappropriate ioctl for device
[mov,mp4,m4a,3gp,3g2,mj2 @ 0x333fbc0] moov atom not found
VIDIOC_REQBUFS: Inappropriate ioctl for device
Epoch: [5][60/97], lr: 0.01000	Time 2.129 (3.666)	Data 1.448 (2.902)	Loss 0.1142 (0.2073)	Prec@1 97.656 (92.738)	Prec@5 100.000 (99.974)
[mov,mp4,m4a,3gp,3g2,mj2 @ 0x333fbc0] moov atom not found
VIDIOC_REQBUFS: Inappropriate ioctl for device
[mov,mp4,m4a,3gp,3g2,mj2 @ 0x333fbc0] moov atom not found
VIDIOC_REQBUFS: Inappropriate ioctl for device
[mov,mp4,m4a,3gp,3g2,mj2 @ 0x333fbc0] moov atom not found
VIDIOC_REQBUFS: Inappropriate ioctl for device
[mov,mp4,m4a,3gp,3g2,mj2 @ 0x333fbc0] moov atom not found
VIDIOC_REQBUFS: Inappropriate ioctl for device
[mov,mp4,m4a,3gp,3g2,mj2 @ 0x333fbc0] moov atom not found
VIDIOC_REQBUFS: Inappropriate ioctl for device
[mov,mp4,m4a,3gp,3g2,mj2 @ 0x333fbc0] moov atom not found
VIDIOC_REQBUFS: Inappropriate ioctl for device
[mov,mp4,m4a,3gp,3g2,mj2 @ 0x333fbc0] moov atom not found
VIDIOC_REQBUFS: Inappropriate ioctl for device
Epoch: [5][80/97], lr: 0.01000	Time 17.119 (3.623)	Data 16.404 (2.872)	Loss 0.1409 (0.1971)	Prec@1 96.094 (93.065)	Prec@5 100.000 (99.981)
[mov,mp4,m4a,3gp,3g2,mj2 @ 0x333fbc0] moov atom not found
VIDIOC_REQBUFS: Inappropriate ioctl for device
[mov,mp4,m4a,3gp,3g2,mj2 @ 0x333fbc0] moov atom not found
VIDIOC_REQBUFS: Inappropriate ioctl for device
[mov,mp4,m4a,3gp,3g2,mj2 @ 0x333fbc0] moov atom not found
VIDIOC_REQBUFS: Inappropriate ioctl for device
clipping gradient: 39.81176504816332 with coef 0.502364061874787
[mov,mp4,m4a,3gp,3g2,mj2 @ 0x333fbc0] moov atom not found
VIDIOC_REQBUFS: Inappropriate ioctl for device
[mov,mp4,m4a,3gp,3g2,mj2 @ 0x333fbc0] moov atom not found
VIDIOC_REQBUFS: Inappropriate ioctl for device
[mov,mp4,m4a,3gp,3g2,mj2 @ 0x333fbc0] moov atom not found
VIDIOC_REQBUFS: Inappropriate ioctl for device
[mov,mp4,m4a,3gp,3g2,mj2 @ 0x333fbc0] moov atom not found
VIDIOC_REQBUFS: Inappropriate ioctl for device
[mov,mp4,m4a,3gp,3g2,mj2 @ 0x333fbc0] moov atom not found
VIDIOC_REQBUFS: Inappropriate ioctl for device
[mov,mp4,m4a,3gp,3g2,mj2 @ 0x333fbc0] moov atom not found
VIDIOC_REQBUFS: Inappropriate ioctl for device
Epoch: [6][0/97], lr: 0.01000	Time 33.552 (33.552)	Data 32.747 (32.747)	Loss 0.2266 (0.2266)	Prec@1 93.750 (93.750)	Prec@5 100.000 (100.000)
[mov,mp4,m4a,3gp,3g2,mj2 @ 0x333fbc0] moov atom not found
VIDIOC_REQBUFS: Inappropriate ioctl for device
[mov,mp4,m4a,3gp,3g2,mj2 @ 0x333fbc0] moov atom not found
VIDIOC_REQBUFS: Inappropriate ioctl for device
[mov,mp4,m4a,3gp,3g2,mj2 @ 0x3f51740] moov atom not found
VIDIOC_REQBUFS: Inappropriate ioctl for device
[mov,mp4,m4a,3gp,3g2,mj2 @ 0x333fbc0] moov atom not found
VIDIOC_REQBUFS: Inappropriate ioctl for device
[mov,mp4,m4a,3gp,3g2,mj2 @ 0x4412980] moov atom not found
VIDIOC_REQBUFS: Inappropriate ioctl for device
[mov,mp4,m4a,3gp,3g2,mj2 @ 0x333fbc0] moov atom not found
VIDIOC_REQBUFS: Inappropriate ioctl for device
[mov,mp4,m4a,3gp,3g2,mj2 @ 0x333fbc0] moov atom not found
VIDIOC_REQBUFS: Inappropriate ioctl for device
[mov,mp4,m4a,3gp,3g2,mj2 @ 0x333fbc0] moov atom not found
VIDIOC_REQBUFS: Inappropriate ioctl for device
[mov,mp4,m4a,3gp,3g2,mj2 @ 0x333fbc0] moov atom not found
VIDIOC_REQBUFS: Inappropriate ioctl for device
[mov,mp4,m4a,3gp,3g2,mj2 @ 0x333fbc0] moov atom not found
VIDIOC_REQBUFS: Inappropriate ioctl for device
[mov,mp4,m4a,3gp,3g2,mj2 @ 0x333fbc0] moov atom not found
VIDIOC_REQBUFS: Inappropriate ioctl for device
[mov,mp4,m4a,3gp,3g2,mj2 @ 0x3699e40] moov atom not found
VIDIOC_REQBUFS: Inappropriate ioctl for device
[mov,mp4,m4a,3gp,3g2,mj2 @ 0x333fbc0] moov atom not found
VIDIOC_REQBUFS: Inappropriate ioctl for device
[mov,mp4,m4a,3gp,3g2,mj2 @ 0x333fbc0] moov atom not found
VIDIOC_REQBUFS: Inappropriate ioctl for device
Epoch: [6][20/97], lr: 0.01000	Time 0.720 (4.537)	Data 0.000 (3.738)	Loss 0.3050 (0.2396)	Prec@1 89.062 (92.225)	Prec@5 100.000 (100.000)
[mov,mp4,m4a,3gp,3g2,mj2 @ 0x36a5200] moov atom not found
VIDIOC_REQBUFS: Inappropriate ioctl for device
[mov,mp4,m4a,3gp,3g2,mj2 @ 0x333fbc0] moov atom not found
VIDIOC_REQBUFS: Inappropriate ioctl for device
[mov,mp4,m4a,3gp,3g2,mj2 @ 0x333fbc0] moov atom not found
VIDIOC_REQBUFS: Inappropriate ioctl for device
[mov,mp4,m4a,3gp,3g2,mj2 @ 0x333fbc0] moov atom not found
VIDIOC_REQBUFS: Inappropriate ioctl for device
[mov,mp4,m4a,3gp,3g2,mj2 @ 0x333fbc0] moov atom not found
VIDIOC_REQBUFS: Inappropriate ioctl for device
[mov,mp4,m4a,3gp,3g2,mj2 @ 0x3bc6a00] moov atom not found
VIDIOC_REQBUFS: Inappropriate ioctl for device
[mov,mp4,m4a,3gp,3g2,mj2 @ 0x333fbc0] moov atom not found
VIDIOC_REQBUFS: Inappropriate ioctl for device
[mov,mp4,m4a,3gp,3g2,mj2 @ 0x333fbc0] moov atom not found
VIDIOC_REQBUFS: Inappropriate ioctl for device
[mov,mp4,m4a,3gp,3g2,mj2 @ 0x333fbc0] moov atom not found
VIDIOC_REQBUFS: Inappropriate ioctl for device
[mov,mp4,m4a,3gp,3g2,mj2 @ 0x42fed80] moov atom not found
VIDIOC_REQBUFS: Inappropriate ioctl for device
[mov,mp4,m4a,3gp,3g2,mj2 @ 0x3b33900] moov atom not found
VIDIOC_REQBUFS: Inappropriate ioctl for device
Epoch: [6][40/97], lr: 0.01000	Time 21.699 (4.336)	Data 20.905 (3.540)	Loss 0.1599 (0.2252)	Prec@1 95.312 (92.340)	Prec@5 100.000 (100.000)
[mov,mp4,m4a,3gp,3g2,mj2 @ 0x19aa240] moov atom not found
VIDIOC_REQBUFS: Inappropriate ioctl for device
[mov,mp4,m4a,3gp,3g2,mj2 @ 0x333fbc0] moov atom not found
VIDIOC_REQBUFS: Inappropriate ioctl for device
[mov,mp4,m4a,3gp,3g2,mj2 @ 0x333fbc0] moov atom not found
VIDIOC_REQBUFS: Inappropriate ioctl for device
[mov,mp4,m4a,3gp,3g2,mj2 @ 0x333fbc0] moov atom not found
VIDIOC_REQBUFS: Inappropriate ioctl for device
[mov,mp4,m4a,3gp,3g2,mj2 @ 0x333fbc0] moov atom not found
VIDIOC_REQBUFS: Inappropriate ioctl for device
[mov,mp4,m4a,3gp,3g2,mj2 @ 0x333fbc0] moov atom not found
VIDIOC_REQBUFS: Inappropriate ioctl for device
[mov,mp4,m4a,3gp,3g2,mj2 @ 0x333fbc0] moov atom not found
VIDIOC_REQBUFS: Inappropriate ioctl for device
[mov,mp4,m4a,3gp,3g2,mj2 @ 0x333fbc0] moov atom not found
VIDIOC_REQBUFS: Inappropriate ioctl for device
[mov,mp4,m4a,3gp,3g2,mj2 @ 0x333fbc0] moov atom not found
VIDIOC_REQBUFS: Inappropriate ioctl for device
[mov,mp4,m4a,3gp,3g2,mj2 @ 0x333fbc0] moov atom not found
VIDIOC_REQBUFS: Inappropriate ioctl for device
[mov,mp4,m4a,3gp,3g2,mj2 @ 0x333fbc0] moov atom not found
VIDIOC_REQBUFS: Inappropriate ioctl for device
[mov,mp4,m4a,3gp,3g2,mj2 @ 0x333fbc0] moov atom not found
VIDIOC_REQBUFS: Inappropriate ioctl for device
[mov,mp4,m4a,3gp,3g2,mj2 @ 0x333fbc0] moov atom not found
VIDIOC_REQBUFS: Inappropriate ioctl for device
Epoch: [6][60/97], lr: 0.01000	Time 0.788 (3.924)	Data 0.000 (3.134)	Loss 0.2251 (0.2165)	Prec@1 91.406 (92.687)	Prec@5 100.000 (100.000)
[mov,mp4,m4a,3gp,3g2,mj2 @ 0x333fbc0] moov atom not found
VIDIOC_REQBUFS: Inappropriate ioctl for device
[mov,mp4,m4a,3gp,3g2,mj2 @ 0x333fbc0] moov atom not found
VIDIOC_REQBUFS: Inappropriate ioctl for device
[mov,mp4,m4a,3gp,3g2,mj2 @ 0x333fbc0] moov atom not found
VIDIOC_REQBUFS: Inappropriate ioctl for device
[mov,mp4,m4a,3gp,3g2,mj2 @ 0x333fbc0] moov atom not found
VIDIOC_REQBUFS: Inappropriate ioctl for device
[mov,mp4,m4a,3gp,3g2,mj2 @ 0x3dd0480] moov atom not found
VIDIOC_REQBUFS: Inappropriate ioctl for device
[mov,mp4,m4a,3gp,3g2,mj2 @ 0x3644b80] moov atom not found
VIDIOC_REQBUFS: Inappropriate ioctl for device
[mov,mp4,m4a,3gp,3g2,mj2 @ 0x333fbc0] moov atom not found
VIDIOC_REQBUFS: Inappropriate ioctl for device
[mov,mp4,m4a,3gp,3g2,mj2 @ 0x333fbc0] moov atom not found
VIDIOC_REQBUFS: Inappropriate ioctl for device
[mov,mp4,m4a,3gp,3g2,mj2 @ 0x333fbc0] moov atom not found
VIDIOC_REQBUFS: Inappropriate ioctl for device
[mov,mp4,m4a,3gp,3g2,mj2 @ 0x333fbc0] moov atom not found
VIDIOC_REQBUFS: Inappropriate ioctl for device
[mov,mp4,m4a,3gp,3g2,mj2 @ 0x333fbc0] moov atom not found
VIDIOC_REQBUFS: Inappropriate ioctl for device
Epoch: [6][80/97], lr: 0.01000	Time 23.696 (3.970)	Data 22.824 (3.182)	Loss 0.2129 (0.2060)	Prec@1 93.750 (93.065)	Prec@5 100.000 (100.000)
[mov,mp4,m4a,3gp,3g2,mj2 @ 0x333fbc0] moov atom not found
VIDIOC_REQBUFS: Inappropriate ioctl for device
clipping gradient: 29.836217632477354 with coef 0.6703262540299202
[mov,mp4,m4a,3gp,3g2,mj2 @ 0x333fbc0] moov atom not found
VIDIOC_REQBUFS: Inappropriate ioctl for device
[mov,mp4,m4a,3gp,3g2,mj2 @ 0x333fbc0] moov atom not found
VIDIOC_REQBUFS: Inappropriate ioctl for device
[mov,mp4,m4a,3gp,3g2,mj2 @ 0x442c9c0] moov atom not found
VIDIOC_REQBUFS: Inappropriate ioctl for device
[mov,mp4,m4a,3gp,3g2,mj2 @ 0x333fbc0] moov atom not found
VIDIOC_REQBUFS: Inappropriate ioctl for device
[mov,mp4,m4a,3gp,3g2,mj2 @ 0x333fbc0] moov atom not found
VIDIOC_REQBUFS: Inappropriate ioctl for device
[mov,mp4,m4a,3gp,3g2,mj2 @ 0x333fbc0] moov atom not found
VIDIOC_REQBUFS: Inappropriate ioctl for device
Epoch: [7][0/97], lr: 0.01000	Time 34.885 (34.885)	Data 34.090 (34.090)	Loss 0.1119 (0.1119)	Prec@1 95.312 (95.312)	Prec@5 100.000 (100.000)
[mov,mp4,m4a,3gp,3g2,mj2 @ 0x333fbc0] moov atom not found
VIDIOC_REQBUFS: Inappropriate ioctl for device
[mov,mp4,m4a,3gp,3g2,mj2 @ 0x333fbc0] moov atom not found
VIDIOC_REQBUFS: Inappropriate ioctl for device
[mov,mp4,m4a,3gp,3g2,mj2 @ 0x333fbc0] moov atom not found
VIDIOC_REQBUFS: Inappropriate ioctl for device
[mov,mp4,m4a,3gp,3g2,mj2 @ 0x333fbc0] moov atom not found
VIDIOC_REQBUFS: Inappropriate ioctl for device
[mov,mp4,m4a,3gp,3g2,mj2 @ 0x333fbc0] moov atom not found
VIDIOC_REQBUFS: Inappropriate ioctl for device
[mov,mp4,m4a,3gp,3g2,mj2 @ 0x333fbc0] moov atom not found
VIDIOC_REQBUFS: Inappropriate ioctl for device
[mov,mp4,m4a,3gp,3g2,mj2 @ 0x333fbc0] moov atom not found
VIDIOC_REQBUFS: Inappropriate ioctl for device
[mov,mp4,m4a,3gp,3g2,mj2 @ 0x333fbc0] moov atom not found
VIDIOC_REQBUFS: Inappropriate ioctl for device
[mov,mp4,m4a,3gp,3g2,mj2 @ 0x333fbc0] moov atom not found
VIDIOC_REQBUFS: Inappropriate ioctl for device
[mov,mp4,m4a,3gp,3g2,mj2 @ 0x333fbc0] moov atom not found
VIDIOC_REQBUFS: Inappropriate ioctl for device
Epoch: [7][20/97], lr: 0.01000	Time 0.784 (4.695)	Data 0.000 (3.901)	Loss 0.2091 (0.2238)	Prec@1 92.188 (92.411)	Prec@5 100.000 (100.000)
[mov,mp4,m4a,3gp,3g2,mj2 @ 0x333fbc0] moov atom not found
VIDIOC_REQBUFS: Inappropriate ioctl for device
[mov,mp4,m4a,3gp,3g2,mj2 @ 0x333fbc0] moov atom not found
VIDIOC_REQBUFS: Inappropriate ioctl for device
[mov,mp4,m4a,3gp,3g2,mj2 @ 0x333fbc0] moov atom not found
VIDIOC_REQBUFS: Inappropriate ioctl for device
[mov,mp4,m4a,3gp,3g2,mj2 @ 0x43ee800] moov atom not found
VIDIOC_REQBUFS: Inappropriate ioctl for device
[mov,mp4,m4a,3gp,3g2,mj2 @ 0x333fbc0] moov atom not found
VIDIOC_REQBUFS: Inappropriate ioctl for device
[mov,mp4,m4a,3gp,3g2,mj2 @ 0x333fbc0] moov atom not found
VIDIOC_REQBUFS: Inappropriate ioctl for device
[mov,mp4,m4a,3gp,3g2,mj2 @ 0x333fbc0] moov atom not found
VIDIOC_REQBUFS: Inappropriate ioctl for device
[mov,mp4,m4a,3gp,3g2,mj2 @ 0x333fbc0] moov atom not found
VIDIOC_REQBUFS: Inappropriate ioctl for device
Epoch: [7][40/97], lr: 0.01000	Time 23.583 (4.441)	Data 22.790 (3.643)	Loss 0.0531 (0.2062)	Prec@1 99.219 (93.178)	Prec@5 100.000 (100.000)
[mov,mp4,m4a,3gp,3g2,mj2 @ 0x333fbc0] moov atom not found
VIDIOC_REQBUFS: Inappropriate ioctl for device
[mov,mp4,m4a,3gp,3g2,mj2 @ 0x333fbc0] moov atom not found
VIDIOC_REQBUFS: Inappropriate ioctl for device
[mov,mp4,m4a,3gp,3g2,mj2 @ 0x333fbc0] moov atom not found
VIDIOC_REQBUFS: Inappropriate ioctl for device
[mov,mp4,m4a,3gp,3g2,mj2 @ 0x333fbc0] moov atom not found
VIDIOC_REQBUFS: Inappropriate ioctl for device
[mov,mp4,m4a,3gp,3g2,mj2 @ 0x333fbc0] moov atom not found
VIDIOC_REQBUFS: Inappropriate ioctl for device
[mov,mp4,m4a,3gp,3g2,mj2 @ 0x333fbc0] moov atom not found
VIDIOC_REQBUFS: Inappropriate ioctl for device
[mov,mp4,m4a,3gp,3g2,mj2 @ 0x333fbc0] moov atom not found
VIDIOC_REQBUFS: Inappropriate ioctl for device
[mov,mp4,m4a,3gp,3g2,mj2 @ 0x333fbc0] moov atom not found
VIDIOC_REQBUFS: Inappropriate ioctl for device
[mov,mp4,m4a,3gp,3g2,mj2 @ 0x333fbc0] moov atom not found
VIDIOC_REQBUFS: Inappropriate ioctl for device
[mov,mp4,m4a,3gp,3g2,mj2 @ 0x333fbc0] moov atom not found
VIDIOC_REQBUFS: Inappropriate ioctl for device
[mov,mp4,m4a,3gp,3g2,mj2 @ 0x333fbc0] moov atom not found
VIDIOC_REQBUFS: Inappropriate ioctl for device
[mov,mp4,m4a,3gp,3g2,mj2 @ 0x333fbc0] moov atom not found
VIDIOC_REQBUFS: Inappropriate ioctl for device
[mov,mp4,m4a,3gp,3g2,mj2 @ 0x333fbc0] moov atom not found
VIDIOC_REQBUFS: Inappropriate ioctl for device
[mov,mp4,m4a,3gp,3g2,mj2 @ 0x333fbc0] moov atom not found
VIDIOC_REQBUFS: Inappropriate ioctl for device
[mov,mp4,m4a,3gp,3g2,mj2 @ 0x333fbc0] moov atom not found
VIDIOC_REQBUFS: Inappropriate ioctl for device
Epoch: [7][60/97], lr: 0.01000	Time 0.713 (3.936)	Data 0.000 (3.157)	Loss 0.0890 (0.1940)	Prec@1 96.094 (93.584)	Prec@5 100.000 (100.000)
[mov,mp4,m4a,3gp,3g2,mj2 @ 0x333fbc0] moov atom not found
VIDIOC_REQBUFS: Inappropriate ioctl for device
[mov,mp4,m4a,3gp,3g2,mj2 @ 0x333fbc0] moov atom not found
VIDIOC_REQBUFS: Inappropriate ioctl for device
[mov,mp4,m4a,3gp,3g2,mj2 @ 0x333fbc0] moov atom not found
VIDIOC_REQBUFS: Inappropriate ioctl for device
[mov,mp4,m4a,3gp,3g2,mj2 @ 0x333fbc0] moov atom not found
VIDIOC_REQBUFS: Inappropriate ioctl for device
[mov,mp4,m4a,3gp,3g2,mj2 @ 0x368f540] moov atom not found
VIDIOC_REQBUFS: Inappropriate ioctl for device
[mov,mp4,m4a,3gp,3g2,mj2 @ 0x333fbc0] moov atom not found
VIDIOC_REQBUFS: Inappropriate ioctl for device
[mov,mp4,m4a,3gp,3g2,mj2 @ 0x333fbc0] moov atom not found
VIDIOC_REQBUFS: Inappropriate ioctl for device
[mov,mp4,m4a,3gp,3g2,mj2 @ 0x333fbc0] moov atom not found
VIDIOC_REQBUFS: Inappropriate ioctl for device
[mov,mp4,m4a,3gp,3g2,mj2 @ 0x333fbc0] moov atom not found
VIDIOC_REQBUFS: Inappropriate ioctl for device
[mov,mp4,m4a,3gp,3g2,mj2 @ 0x333fbc0] moov atom not found
VIDIOC_REQBUFS: Inappropriate ioctl for device
[mov,mp4,m4a,3gp,3g2,mj2 @ 0x333fbc0] moov atom not found
VIDIOC_REQBUFS: Inappropriate ioctl for device
[mov,mp4,m4a,3gp,3g2,mj2 @ 0x442a580] moov atom not found
VIDIOC_REQBUFS: Inappropriate ioctl for device
[mov,mp4,m4a,3gp,3g2,mj2 @ 0x333fbc0] moov atom not found
VIDIOC_REQBUFS: Inappropriate ioctl for device
[mov,mp4,m4a,3gp,3g2,mj2 @ 0x333fbc0] moov atom not found
VIDIOC_REQBUFS: Inappropriate ioctl for device
[mov,mp4,m4a,3gp,3g2,mj2 @ 0x333fbc0] moov atom not found
VIDIOC_REQBUFS: Inappropriate ioctl for device
Epoch: [7][80/97], lr: 0.01000	Time 16.394 (3.875)	Data 15.695 (3.114)	Loss 0.0824 (0.1811)	Prec@1 98.438 (93.866)	Prec@5 100.000 (100.000)
[mov,mp4,m4a,3gp,3g2,mj2 @ 0x333fbc0] moov atom not found
VIDIOC_REQBUFS: Inappropriate ioctl for device
[mov,mp4,m4a,3gp,3g2,mj2 @ 0x333fbc0] moov atom not found
VIDIOC_REQBUFS: Inappropriate ioctl for device
[mov,mp4,m4a,3gp,3g2,mj2 @ 0x333fbc0] moov atom not found
VIDIOC_REQBUFS: Inappropriate ioctl for device
clipping gradient: 40.96334748628549 with coef 0.4882413481148236
[mov,mp4,m4a,3gp,3g2,mj2 @ 0x333fbc0] moov atom not found
VIDIOC_REQBUFS: Inappropriate ioctl for device
[mov,mp4,m4a,3gp,3g2,mj2 @ 0x333fbc0] moov atom not found
VIDIOC_REQBUFS: Inappropriate ioctl for device
[mov,mp4,m4a,3gp,3g2,mj2 @ 0x333fbc0] moov atom not found
VIDIOC_REQBUFS: Inappropriate ioctl for device
[mov,mp4,m4a,3gp,3g2,mj2 @ 0x333fbc0] moov atom not found
VIDIOC_REQBUFS: Inappropriate ioctl for device
[mov,mp4,m4a,3gp,3g2,mj2 @ 0x333fbc0] moov atom not found
VIDIOC_REQBUFS: Inappropriate ioctl for device
[mov,mp4,m4a,3gp,3g2,mj2 @ 0x333fbc0] moov atom not found
VIDIOC_REQBUFS: Inappropriate ioctl for device
Epoch: [8][0/97], lr: 0.01000	Time 33.851 (33.851)	Data 32.957 (32.957)	Loss 0.1089 (0.1089)	Prec@1 94.531 (94.531)	Prec@5 100.000 (100.000)
[mov,mp4,m4a,3gp,3g2,mj2 @ 0x333fbc0] moov atom not found
VIDIOC_REQBUFS: Inappropriate ioctl for device
[mov,mp4,m4a,3gp,3g2,mj2 @ 0x333fbc0] moov atom not found
VIDIOC_REQBUFS: Inappropriate ioctl for device
[mov,mp4,m4a,3gp,3g2,mj2 @ 0x333fbc0] moov atom not found
VIDIOC_REQBUFS: Inappropriate ioctl for device
[mov,mp4,m4a,3gp,3g2,mj2 @ 0x333fbc0] moov atom not found
VIDIOC_REQBUFS: Inappropriate ioctl for device
[mov,mp4,m4a,3gp,3g2,mj2 @ 0x333fbc0] moov atom not found
VIDIOC_REQBUFS: Inappropriate ioctl for device
[mov,mp4,m4a,3gp,3g2,mj2 @ 0x333fbc0] moov atom not found
VIDIOC_REQBUFS: Inappropriate ioctl for device
[mov,mp4,m4a,3gp,3g2,mj2 @ 0x333fbc0] moov atom not found
VIDIOC_REQBUFS: Inappropriate ioctl for device
[mov,mp4,m4a,3gp,3g2,mj2 @ 0x333fbc0] moov atom not found
VIDIOC_REQBUFS: Inappropriate ioctl for device
[mov,mp4,m4a,3gp,3g2,mj2 @ 0x333fbc0] moov atom not found
VIDIOC_REQBUFS: Inappropriate ioctl for device
[mov,mp4,m4a,3gp,3g2,mj2 @ 0x333fbc0] moov atom not found
VIDIOC_REQBUFS: Inappropriate ioctl for device
[mov,mp4,m4a,3gp,3g2,mj2 @ 0x333fbc0] moov atom not found
VIDIOC_REQBUFS: Inappropriate ioctl for device
Epoch: [8][20/97], lr: 0.01000	Time 0.595 (4.349)	Data 0.000 (3.574)	Loss 0.1703 (0.1848)	Prec@1 92.188 (92.894)	Prec@5 100.000 (100.000)
[mov,mp4,m4a,3gp,3g2,mj2 @ 0x333fbc0] moov atom not found
VIDIOC_REQBUFS: Inappropriate ioctl for device
[mov,mp4,m4a,3gp,3g2,mj2 @ 0x333fbc0] moov atom not found
VIDIOC_REQBUFS: Inappropriate ioctl for device
[mov,mp4,m4a,3gp,3g2,mj2 @ 0x333fbc0] moov atom not found
VIDIOC_REQBUFS: Inappropriate ioctl for device
[mov,mp4,m4a,3gp,3g2,mj2 @ 0x333fbc0] moov atom not found
VIDIOC_REQBUFS: Inappropriate ioctl for device
[mov,mp4,m4a,3gp,3g2,mj2 @ 0x333fbc0] moov atom not found
VIDIOC_REQBUFS: Inappropriate ioctl for device
[mov,mp4,m4a,3gp,3g2,mj2 @ 0x333fbc0] moov atom not found
VIDIOC_REQBUFS: Inappropriate ioctl for device
[mov,mp4,m4a,3gp,3g2,mj2 @ 0x333fbc0] moov atom not found
VIDIOC_REQBUFS: Inappropriate ioctl for device
[mov,mp4,m4a,3gp,3g2,mj2 @ 0x333fbc0] moov atom not found
VIDIOC_REQBUFS: Inappropriate ioctl for device
Epoch: [8][40/97], lr: 0.01000	Time 23.885 (4.259)	Data 22.996 (3.484)	Loss 0.1320 (0.1744)	Prec@1 96.875 (93.502)	Prec@5 100.000 (100.000)
[mov,mp4,m4a,3gp,3g2,mj2 @ 0x333fbc0] moov atom not found
VIDIOC_REQBUFS: Inappropriate ioctl for device
VIDIOC_REQBUFS: Inappropriate ioctl for device
VIDIOC_REQBUFS: Inappropriate ioctl for device
VIDIOC_REQBUFS: Inappropriate ioctl for device
VIDIOC_REQBUFS: Inappropriate ioctl for device
VIDIOC_REQBUFS: Inappropriate ioctl for device
VIDIOC_REQBUFS: Inappropriate ioctl for device
VIDIOC_REQBUFS: Inappropriate ioctl for device
[mov,mp4,m4a,3gp,3g2,mj2 @ 0x333fbc0] moov atom not found
VIDIOC_REQBUFS: Inappropriate ioctl for device
[mov,mp4,m4a,3gp,3g2,mj2 @ 0x333fbc0] moov atom not found
VIDIOC_REQBUFS: Inappropriate ioctl for device
[mov,mp4,m4a,3gp,3g2,mj2 @ 0x333fbc0] moov atom not found
VIDIOC_REQBUFS: Inappropriate ioctl for device
[mov,mp4,m4a,3gp,3g2,mj2 @ 0x333fbc0] moov atom not found
VIDIOC_REQBUFS: Inappropriate ioctl for device
[mov,mp4,m4a,3gp,3g2,mj2 @ 0x333fbc0] moov atom not found
VIDIOC_REQBUFS: Inappropriate ioctl for device
[mov,mp4,m4a,3gp,3g2,mj2 @ 0x333fbc0] moov atom not found
VIDIOC_REQBUFS: Inappropriate ioctl for device
[mov,mp4,m4a,3gp,3g2,mj2 @ 0x333fbc0] moov atom not found
VIDIOC_REQBUFS: Inappropriate ioctl for device
[mov,mp4,m4a,3gp,3g2,mj2 @ 0x333fbc0] moov atom not found
VIDIOC_REQBUFS: Inappropriate ioctl for device
[mov,mp4,m4a,3gp,3g2,mj2 @ 0x333fbc0] moov atom not found
VIDIOC_REQBUFS: Inappropriate ioctl for device
Epoch: [8][60/97], lr: 0.01000	Time 0.793 (6.812)	Data 0.000 (6.029)	Loss 0.0924 (0.1612)	Prec@1 96.875 (94.109)	Prec@5 100.000 (100.000)
[mov,mp4,m4a,3gp,3g2,mj2 @ 0x333fbc0] moov atom not found
VIDIOC_REQBUFS: Inappropriate ioctl for device
[mov,mp4,m4a,3gp,3g2,mj2 @ 0x333fbc0] moov atom not found
VIDIOC_REQBUFS: Inappropriate ioctl for device
[mov,mp4,m4a,3gp,3g2,mj2 @ 0x333fbc0] moov atom not found
VIDIOC_REQBUFS: Inappropriate ioctl for device
[mov,mp4,m4a,3gp,3g2,mj2 @ 0x333fbc0] moov atom not found
VIDIOC_REQBUFS: Inappropriate ioctl for device
[mov,mp4,m4a,3gp,3g2,mj2 @ 0x333fbc0] moov atom not found
VIDIOC_REQBUFS: Inappropriate ioctl for device
[mov,mp4,m4a,3gp,3g2,mj2 @ 0x333fbc0] moov atom not found
VIDIOC_REQBUFS: Inappropriate ioctl for device
[mov,mp4,m4a,3gp,3g2,mj2 @ 0x333fbc0] moov atom not found
VIDIOC_REQBUFS: Inappropriate ioctl for device
[mov,mp4,m4a,3gp,3g2,mj2 @ 0x333fbc0] moov atom not found
VIDIOC_REQBUFS: Inappropriate ioctl for device
[mov,mp4,m4a,3gp,3g2,mj2 @ 0x333fbc0] moov atom not found
VIDIOC_REQBUFS: Inappropriate ioctl for device
[mov,mp4,m4a,3gp,3g2,mj2 @ 0x333fbc0] moov atom not found
VIDIOC_REQBUFS: Inappropriate ioctl for device
[mov,mp4,m4a,3gp,3g2,mj2 @ 0x333fbc0] moov atom not found
VIDIOC_REQBUFS: Inappropriate ioctl for device
[mov,mp4,m4a,3gp,3g2,mj2 @ 0x333fbc0] moov atom not found
VIDIOC_REQBUFS: Inappropriate ioctl for device
[mov,mp4,m4a,3gp,3g2,mj2 @ 0x333fbc0] moov atom not found
VIDIOC_REQBUFS: Inappropriate ioctl for device
[mov,mp4,m4a,3gp,3g2,mj2 @ 0x333fbc0] moov atom not found
VIDIOC_REQBUFS: Inappropriate ioctl for device
[mov,mp4,m4a,3gp,3g2,mj2 @ 0x333fbc0] moov atom not found
VIDIOC_REQBUFS: Inappropriate ioctl for device
[mov,mp4,m4a,3gp,3g2,mj2 @ 0x333fbc0] moov atom not found
VIDIOC_REQBUFS: Inappropriate ioctl for device
Epoch: [8][80/97], lr: 0.01000	Time 23.088 (6.146)	Data 22.259 (5.356)	Loss 0.1575 (0.1526)	Prec@1 96.094 (94.435)	Prec@5 100.000 (100.000)
[mov,mp4,m4a,3gp,3g2,mj2 @ 0x333fbc0] moov atom not found
VIDIOC_REQBUFS: Inappropriate ioctl for device
[mov,mp4,m4a,3gp,3g2,mj2 @ 0x333fbc0] moov atom not found
VIDIOC_REQBUFS: Inappropriate ioctl for device
[mov,mp4,m4a,3gp,3g2,mj2 @ 0x333fbc0] moov atom not found
VIDIOC_REQBUFS: Inappropriate ioctl for device
clipping gradient: 36.53015749619478 with coef 0.5474928489449663
[mov,mp4,m4a,3gp,3g2,mj2 @ 0x333fbc0] moov atom not found
VIDIOC_REQBUFS: Inappropriate ioctl for device
[mov,mp4,m4a,3gp,3g2,mj2 @ 0x333fbc0] moov atom not found
VIDIOC_REQBUFS: Inappropriate ioctl for device
[mov,mp4,m4a,3gp,3g2,mj2 @ 0x333fbc0] moov atom not found
VIDIOC_REQBUFS: Inappropriate ioctl for device
[mov,mp4,m4a,3gp,3g2,mj2 @ 0x333fbc0] moov atom not found
VIDIOC_REQBUFS: Inappropriate ioctl for device
[mov,mp4,m4a,3gp,3g2,mj2 @ 0x333fbc0] moov atom not found
VIDIOC_REQBUFS: Inappropriate ioctl for device
[mov,mp4,m4a,3gp,3g2,mj2 @ 0x3c62700] moov atom not found
VIDIOC_REQBUFS: Inappropriate ioctl for device
Epoch: [9][0/97], lr: 0.01000	Time 32.414 (32.414)	Data 31.602 (31.602)	Loss 0.1100 (0.1100)	Prec@1 96.875 (96.875)	Prec@5 100.000 (100.000)
[mov,mp4,m4a,3gp,3g2,mj2 @ 0x333fbc0] moov atom not found
VIDIOC_REQBUFS: Inappropriate ioctl for device
[mov,mp4,m4a,3gp,3g2,mj2 @ 0x333fbc0] moov atom not found
VIDIOC_REQBUFS: Inappropriate ioctl for device
[mov,mp4,m4a,3gp,3g2,mj2 @ 0x333fbc0] moov atom not found
VIDIOC_REQBUFS: Inappropriate ioctl for device
[mov,mp4,m4a,3gp,3g2,mj2 @ 0x333fbc0] moov atom not found
VIDIOC_REQBUFS: Inappropriate ioctl for device
[mov,mp4,m4a,3gp,3g2,mj2 @ 0x333fbc0] moov atom not found
VIDIOC_REQBUFS: Inappropriate ioctl for device
[mov,mp4,m4a,3gp,3g2,mj2 @ 0x42e7d40] moov atom not found
VIDIOC_REQBUFS: Inappropriate ioctl for device
[mov,mp4,m4a,3gp,3g2,mj2 @ 0x333fbc0] moov atom not found
VIDIOC_REQBUFS: Inappropriate ioctl for device
Epoch: [9][20/97], lr: 0.01000	Time 0.789 (4.390)	Data 0.000 (3.555)	Loss 0.2174 (0.1906)	Prec@1 92.969 (93.527)	Prec@5 100.000 (100.000)
[mov,mp4,m4a,3gp,3g2,mj2 @ 0x333fbc0] moov atom not found
VIDIOC_REQBUFS: Inappropriate ioctl for device
[mov,mp4,m4a,3gp,3g2,mj2 @ 0x333fbc0] moov atom not found
VIDIOC_REQBUFS: Inappropriate ioctl for device
[mov,mp4,m4a,3gp,3g2,mj2 @ 0x333fbc0] moov atom not found
VIDIOC_REQBUFS: Inappropriate ioctl for device
[mov,mp4,m4a,3gp,3g2,mj2 @ 0x333fbc0] moov atom not found
VIDIOC_REQBUFS: Inappropriate ioctl for device
[mov,mp4,m4a,3gp,3g2,mj2 @ 0x333fbc0] moov atom not found
VIDIOC_REQBUFS: Inappropriate ioctl for device
[mov,mp4,m4a,3gp,3g2,mj2 @ 0x333fbc0] moov atom not found
VIDIOC_REQBUFS: Inappropriate ioctl for device
[mov,mp4,m4a,3gp,3g2,mj2 @ 0x333fbc0] moov atom not found
VIDIOC_REQBUFS: Inappropriate ioctl for device
[mov,mp4,m4a,3gp,3g2,mj2 @ 0x333fbc0] moov atom not found
VIDIOC_REQBUFS: Inappropriate ioctl for device
[mov,mp4,m4a,3gp,3g2,mj2 @ 0x333fbc0] moov atom not found
VIDIOC_REQBUFS: Inappropriate ioctl for device
[mov,mp4,m4a,3gp,3g2,mj2 @ 0x333fbc0] moov atom not found
VIDIOC_REQBUFS: Inappropriate ioctl for device
[mov,mp4,m4a,3gp,3g2,mj2 @ 0x333fbc0] moov atom not found
VIDIOC_REQBUFS: Inappropriate ioctl for device
[mov,mp4,m4a,3gp,3g2,mj2 @ 0x333fbc0] moov atom not found
VIDIOC_REQBUFS: Inappropriate ioctl for device
[mov,mp4,m4a,3gp,3g2,mj2 @ 0x333fbc0] moov atom not found
VIDIOC_REQBUFS: Inappropriate ioctl for device
Epoch: [9][40/97], lr: 0.01000	Time 22.753 (4.252)	Data 21.913 (3.425)	Loss 0.1156 (0.1775)	Prec@1 95.312 (93.979)	Prec@5 100.000 (99.981)
[mov,mp4,m4a,3gp,3g2,mj2 @ 0x3bc4880] moov atom not found
VIDIOC_REQBUFS: Inappropriate ioctl for device
[mov,mp4,m4a,3gp,3g2,mj2 @ 0x333fbc0] moov atom not found
VIDIOC_REQBUFS: Inappropriate ioctl for device
[mov,mp4,m4a,3gp,3g2,mj2 @ 0x333fbc0] moov atom not found
VIDIOC_REQBUFS: Inappropriate ioctl for device
[mov,mp4,m4a,3gp,3g2,mj2 @ 0x333fbc0] moov atom not found
VIDIOC_REQBUFS: Inappropriate ioctl for device
[mov,mp4,m4a,3gp,3g2,mj2 @ 0x333fbc0] moov atom not found
VIDIOC_REQBUFS: Inappropriate ioctl for device
[mov,mp4,m4a,3gp,3g2,mj2 @ 0x333fbc0] moov atom not found
VIDIOC_REQBUFS: Inappropriate ioctl for device
[mov,mp4,m4a,3gp,3g2,mj2 @ 0x333fbc0] moov atom not found
VIDIOC_REQBUFS: Inappropriate ioctl for device
[mov,mp4,m4a,3gp,3g2,mj2 @ 0x333fbc0] moov atom not found
VIDIOC_REQBUFS: Inappropriate ioctl for device
[mov,mp4,m4a,3gp,3g2,mj2 @ 0x333fbc0] moov atom not found
VIDIOC_REQBUFS: Inappropriate ioctl for device
[mov,mp4,m4a,3gp,3g2,mj2 @ 0x333fbc0] moov atom not found
VIDIOC_REQBUFS: Inappropriate ioctl for device
Epoch: [9][60/97], lr: 0.01000	Time 0.791 (3.854)	Data 0.000 (3.038)	Loss 0.1129 (0.1542)	Prec@1 94.531 (94.647)	Prec@5 100.000 (99.987)
[mov,mp4,m4a,3gp,3g2,mj2 @ 0x333fbc0] moov atom not found
VIDIOC_REQBUFS: Inappropriate ioctl for device
[mov,mp4,m4a,3gp,3g2,mj2 @ 0x333fbc0] moov atom not found
VIDIOC_REQBUFS: Inappropriate ioctl for device
[mov,mp4,m4a,3gp,3g2,mj2 @ 0x333fbc0] moov atom not found
VIDIOC_REQBUFS: Inappropriate ioctl for device
[mov,mp4,m4a,3gp,3g2,mj2 @ 0x333fbc0] moov atom not found
VIDIOC_REQBUFS: Inappropriate ioctl for device
[mov,mp4,m4a,3gp,3g2,mj2 @ 0x333fbc0] moov atom not found
VIDIOC_REQBUFS: Inappropriate ioctl for device
[mov,mp4,m4a,3gp,3g2,mj2 @ 0x333fbc0] moov atom not found
VIDIOC_REQBUFS: Inappropriate ioctl for device
[mov,mp4,m4a,3gp,3g2,mj2 @ 0x333fbc0] moov atom not found
VIDIOC_REQBUFS: Inappropriate ioctl for device
[mov,mp4,m4a,3gp,3g2,mj2 @ 0x333fbc0] moov atom not found
VIDIOC_REQBUFS: Inappropriate ioctl for device
[mov,mp4,m4a,3gp,3g2,mj2 @ 0x333fbc0] moov atom not found
VIDIOC_REQBUFS: Inappropriate ioctl for device
[mov,mp4,m4a,3gp,3g2,mj2 @ 0x333fbc0] moov atom not found
VIDIOC_REQBUFS: Inappropriate ioctl for device
[mov,mp4,m4a,3gp,3g2,mj2 @ 0x333fbc0] moov atom not found
VIDIOC_REQBUFS: Inappropriate ioctl for device
[mov,mp4,m4a,3gp,3g2,mj2 @ 0x333fbc0] moov atom not found
VIDIOC_REQBUFS: Inappropriate ioctl for device
[mov,mp4,m4a,3gp,3g2,mj2 @ 0x333fbc0] moov atom not found
VIDIOC_REQBUFS: Inappropriate ioctl for device
[mov,mp4,m4a,3gp,3g2,mj2 @ 0x333fbc0] moov atom not found
VIDIOC_REQBUFS: Inappropriate ioctl for device
[mov,mp4,m4a,3gp,3g2,mj2 @ 0x333fbc0] moov atom not found
VIDIOC_REQBUFS: Inappropriate ioctl for device
[mov,mp4,m4a,3gp,3g2,mj2 @ 0x333fbc0] moov atom not found
VIDIOC_REQBUFS: Inappropriate ioctl for device
[mov,mp4,m4a,3gp,3g2,mj2 @ 0x333fbc0] moov atom not found
VIDIOC_REQBUFS: Inappropriate ioctl for device
[mov,mp4,m4a,3gp,3g2,mj2 @ 0x333fbc0] moov atom not found
VIDIOC_REQBUFS: Inappropriate ioctl for device
[mov,mp4,m4a,3gp,3g2,mj2 @ 0x333fbc0] moov atom not found
VIDIOC_REQBUFS: Inappropriate ioctl for device
Epoch: [9][80/97], lr: 0.01000	Time 21.958 (3.894)	Data 21.146 (3.079)	Loss 0.2725 (0.1491)	Prec@1 91.406 (94.840)	Prec@5 100.000 (99.990)
[mov,mp4,m4a,3gp,3g2,mj2 @ 0x333fbc0] moov atom not found
VIDIOC_REQBUFS: Inappropriate ioctl for device
clipping gradient: 42.68618247690536 with coef 0.4685356909304472
[mov,mp4,m4a,3gp,3g2,mj2 @ 0x352b8c0] moov atom not found
VIDIOC_REQBUFS: Inappropriate ioctl for device
[mov,mp4,m4a,3gp,3g2,mj2 @ 0x356a9c0] moov atom not found
VIDIOC_REQBUFS: Inappropriate ioctl for device
Test: [0/30]	Time 11.570 (11.570)	Loss 0.9242 (0.9242)	Prec@1 78.125 (78.125)	Prec@5 100.000 (100.000)
[mov,mp4,m4a,3gp,3g2,mj2 @ 0x333d5c0] moov atom not found
VIDIOC_REQBUFS: Inappropriate ioctl for device
[mov,mp4,m4a,3gp,3g2,mj2 @ 0x3663300] moov atom not found
VIDIOC_REQBUFS: Inappropriate ioctl for device
[mov,mp4,m4a,3gp,3g2,mj2 @ 0x3413240] moov atom not found
VIDIOC_REQBUFS: Inappropriate ioctl for device
[mov,mp4,m4a,3gp,3g2,mj2 @ 0x35d6e00] moov atom not found
VIDIOC_REQBUFS: Inappropriate ioctl for device
Test: [20/30]	Time 1.369 (1.321)	Loss 0.5446 (0.5851)	Prec@1 81.250 (87.054)	Prec@5 100.000 (99.851)
[mov,mp4,m4a,3gp,3g2,mj2 @ 0x333d5c0] moov atom not found
VIDIOC_REQBUFS: Inappropriate ioctl for device
Testing Results: Prec@1 86.444 Prec@5 99.791 Loss 0.60259
best_prec1 86.4442126261181
[mov,mp4,m4a,3gp,3g2,mj2 @ 0x333fbc0] moov atom not found
VIDIOC_REQBUFS: Inappropriate ioctl for device
[mov,mp4,m4a,3gp,3g2,mj2 @ 0x333fbc0] moov atom not found
VIDIOC_REQBUFS: Inappropriate ioctl for device
[mov,mp4,m4a,3gp,3g2,mj2 @ 0x333fbc0] moov atom not found
VIDIOC_REQBUFS: Inappropriate ioctl for device
[mov,mp4,m4a,3gp,3g2,mj2 @ 0x333fbc0] moov atom not found
VIDIOC_REQBUFS: Inappropriate ioctl for device
[mov,mp4,m4a,3gp,3g2,mj2 @ 0x333fbc0] moov atom not found
VIDIOC_REQBUFS: Inappropriate ioctl for device
Epoch: [10][0/97], lr: 0.01000	Time 33.028 (33.028)	Data 32.140 (32.140)	Loss 0.1396 (0.1396)	Prec@1 96.875 (96.875)	Prec@5 100.000 (100.000)
[mov,mp4,m4a,3gp,3g2,mj2 @ 0x333fbc0] moov atom not found
VIDIOC_REQBUFS: Inappropriate ioctl for device
[mov,mp4,m4a,3gp,3g2,mj2 @ 0x333fbc0] moov atom not found
VIDIOC_REQBUFS: Inappropriate ioctl for device
[mov,mp4,m4a,3gp,3g2,mj2 @ 0x333fbc0] moov atom not found
VIDIOC_REQBUFS: Inappropriate ioctl for device
[mov,mp4,m4a,3gp,3g2,mj2 @ 0x333fbc0] moov atom not found
VIDIOC_REQBUFS: Inappropriate ioctl for device
[mov,mp4,m4a,3gp,3g2,mj2 @ 0x333fbc0] moov atom not found
VIDIOC_REQBUFS: Inappropriate ioctl for device
[mov,mp4,m4a,3gp,3g2,mj2 @ 0x3b67ac0] moov atom not found
VIDIOC_REQBUFS: Inappropriate ioctl for device
[mov,mp4,m4a,3gp,3g2,mj2 @ 0x333fbc0] moov atom not found
VIDIOC_REQBUFS: Inappropriate ioctl for device
[mov,mp4,m4a,3gp,3g2,mj2 @ 0x333fbc0] moov atom not found
VIDIOC_REQBUFS: Inappropriate ioctl for device
[mov,mp4,m4a,3gp,3g2,mj2 @ 0x333fbc0] moov atom not found
VIDIOC_REQBUFS: Inappropriate ioctl for device
[mov,mp4,m4a,3gp,3g2,mj2 @ 0x333fbc0] moov atom not found
VIDIOC_REQBUFS: Inappropriate ioctl for device
[mov,mp4,m4a,3gp,3g2,mj2 @ 0x333fbc0] moov atom not found
VIDIOC_REQBUFS: Inappropriate ioctl for device
[mov,mp4,m4a,3gp,3g2,mj2 @ 0x42d9000] moov atom not found
VIDIOC_REQBUFS: Inappropriate ioctl for device
[mov,mp4,m4a,3gp,3g2,mj2 @ 0x333fbc0] moov atom not found
VIDIOC_REQBUFS: Inappropriate ioctl for device
Epoch: [10][20/97], lr: 0.01000	Time 0.788 (4.298)	Data 0.000 (3.512)	Loss 0.2090 (0.1778)	Prec@1 92.188 (93.899)	Prec@5 100.000 (100.000)
[mov,mp4,m4a,3gp,3g2,mj2 @ 0x333fbc0] moov atom not found
VIDIOC_REQBUFS: Inappropriate ioctl for device
[mov,mp4,m4a,3gp,3g2,mj2 @ 0x333fbc0] moov atom not found
VIDIOC_REQBUFS: Inappropriate ioctl for device
[mov,mp4,m4a,3gp,3g2,mj2 @ 0x333fbc0] moov atom not found
VIDIOC_REQBUFS: Inappropriate ioctl for device
[mov,mp4,m4a,3gp,3g2,mj2 @ 0x4021500] moov atom not found
VIDIOC_REQBUFS: Inappropriate ioctl for device
[mov,mp4,m4a,3gp,3g2,mj2 @ 0x4726200] moov atom not found
VIDIOC_REQBUFS: Inappropriate ioctl for device
[mov,mp4,m4a,3gp,3g2,mj2 @ 0x333fbc0] moov atom not found
VIDIOC_REQBUFS: Inappropriate ioctl for device
[mov,mp4,m4a,3gp,3g2,mj2 @ 0x4021500] moov atom not found
VIDIOC_REQBUFS: Inappropriate ioctl for device
[mov,mp4,m4a,3gp,3g2,mj2 @ 0x333fbc0] moov atom not found
VIDIOC_REQBUFS: Inappropriate ioctl for device
[mov,mp4,m4a,3gp,3g2,mj2 @ 0x3c4f540] moov atom not found
VIDIOC_REQBUFS: Inappropriate ioctl for device
[mov,mp4,m4a,3gp,3g2,mj2 @ 0x42d9000] moov atom not found
VIDIOC_REQBUFS: Inappropriate ioctl for device
[mov,mp4,m4a,3gp,3g2,mj2 @ 0x3e218c0] moov atom not found
VIDIOC_REQBUFS: Inappropriate ioctl for device
[mov,mp4,m4a,3gp,3g2,mj2 @ 0x333fbc0] moov atom not found
VIDIOC_REQBUFS: Inappropriate ioctl for device
[mov,mp4,m4a,3gp,3g2,mj2 @ 0x333fbc0] moov atom not found
VIDIOC_REQBUFS: Inappropriate ioctl for device
[mov,mp4,m4a,3gp,3g2,mj2 @ 0x333fbc0] moov atom not found
VIDIOC_REQBUFS: Inappropriate ioctl for device
Epoch: [10][40/97], lr: 0.01000	Time 23.426 (4.199)	Data 22.347 (3.402)	Loss 0.1919 (0.1593)	Prec@1 94.531 (94.665)	Prec@5 100.000 (100.000)
[mov,mp4,m4a,3gp,3g2,mj2 @ 0x333fbc0] moov atom not found
VIDIOC_REQBUFS: Inappropriate ioctl for device
[mov,mp4,m4a,3gp,3g2,mj2 @ 0x36a0dc0] moov atom not found
VIDIOC_REQBUFS: Inappropriate ioctl for device
[mov,mp4,m4a,3gp,3g2,mj2 @ 0x333fbc0] moov atom not found
VIDIOC_REQBUFS: Inappropriate ioctl for device
[mov,mp4,m4a,3gp,3g2,mj2 @ 0x4293600] moov atom not found
VIDIOC_REQBUFS: Inappropriate ioctl for device
[mov,mp4,m4a,3gp,3g2,mj2 @ 0x333fbc0] moov atom not found
VIDIOC_REQBUFS: Inappropriate ioctl for device
[mov,mp4,m4a,3gp,3g2,mj2 @ 0x4021500] moov atom not found
VIDIOC_REQBUFS: Inappropriate ioctl for device
[mov,mp4,m4a,3gp,3g2,mj2 @ 0x333fbc0] moov atom not found
VIDIOC_REQBUFS: Inappropriate ioctl for device
[mov,mp4,m4a,3gp,3g2,mj2 @ 0x38e35c0] moov atom not found
VIDIOC_REQBUFS: Inappropriate ioctl for device
[mov,mp4,m4a,3gp,3g2,mj2 @ 0x42d9000] moov atom not found
VIDIOC_REQBUFS: Inappropriate ioctl for device
[mov,mp4,m4a,3gp,3g2,mj2 @ 0x333fbc0] moov atom not found
VIDIOC_REQBUFS: Inappropriate ioctl for device
Epoch: [10][60/97], lr: 0.01000	Time 0.807 (3.796)	Data 0.000 (2.996)	Loss 0.1691 (0.1427)	Prec@1 95.312 (95.248)	Prec@5 100.000 (100.000)
[mov,mp4,m4a,3gp,3g2,mj2 @ 0x4021500] moov atom not found
VIDIOC_REQBUFS: Inappropriate ioctl for device
[mov,mp4,m4a,3gp,3g2,mj2 @ 0x4021500] moov atom not found
VIDIOC_REQBUFS: Inappropriate ioctl for device
[mov,mp4,m4a,3gp,3g2,mj2 @ 0x333fbc0] moov atom not found
VIDIOC_REQBUFS: Inappropriate ioctl for device
[mov,mp4,m4a,3gp,3g2,mj2 @ 0x333fbc0] moov atom not found
VIDIOC_REQBUFS: Inappropriate ioctl for device
[mov,mp4,m4a,3gp,3g2,mj2 @ 0x333fbc0] moov atom not found
VIDIOC_REQBUFS: Inappropriate ioctl for device
[mov,mp4,m4a,3gp,3g2,mj2 @ 0x333fbc0] moov atom not found
VIDIOC_REQBUFS: Inappropriate ioctl for device
[mov,mp4,m4a,3gp,3g2,mj2 @ 0x41179c0] moov atom not found
VIDIOC_REQBUFS: Inappropriate ioctl for device
[mov,mp4,m4a,3gp,3g2,mj2 @ 0x333fbc0] moov atom not found
VIDIOC_REQBUFS: Inappropriate ioctl for device
[mov,mp4,m4a,3gp,3g2,mj2 @ 0x333fbc0] moov atom not found
VIDIOC_REQBUFS: Inappropriate ioctl for device
[mov,mp4,m4a,3gp,3g2,mj2 @ 0x4021500] moov atom not found
VIDIOC_REQBUFS: Inappropriate ioctl for device
Epoch: [10][80/97], lr: 0.01000	Time 22.297 (3.830)	Data 21.402 (3.026)	Loss 0.1591 (0.1384)	Prec@1 96.094 (95.303)	Prec@5 100.000 (99.990)
[mov,mp4,m4a,3gp,3g2,mj2 @ 0x4021500] moov atom not found
VIDIOC_REQBUFS: Inappropriate ioctl for device
[mov,mp4,m4a,3gp,3g2,mj2 @ 0x333fbc0] moov atom not found
VIDIOC_REQBUFS: Inappropriate ioctl for device
[mov,mp4,m4a,3gp,3g2,mj2 @ 0x333fbc0] moov atom not found
VIDIOC_REQBUFS: Inappropriate ioctl for device
[mov,mp4,m4a,3gp,3g2,mj2 @ 0x333fbc0] moov atom not found
VIDIOC_REQBUFS: Inappropriate ioctl for device
[mov,mp4,m4a,3gp,3g2,mj2 @ 0x406db80] moov atom not found
VIDIOC_REQBUFS: Inappropriate ioctl for device
clipping gradient: 39.63172651026397 with coef 0.5046461953864243
[mov,mp4,m4a,3gp,3g2,mj2 @ 0x333fbc0] moov atom not found
VIDIOC_REQBUFS: Inappropriate ioctl for device
[mov,mp4,m4a,3gp,3g2,mj2 @ 0x333fbc0] moov atom not found
VIDIOC_REQBUFS: Inappropriate ioctl for device
[mov,mp4,m4a,3gp,3g2,mj2 @ 0x333fbc0] moov atom not found
VIDIOC_REQBUFS: Inappropriate ioctl for device
[mov,mp4,m4a,3gp,3g2,mj2 @ 0x333fbc0] moov atom not found
VIDIOC_REQBUFS: Inappropriate ioctl for device
Epoch: [11][0/97], lr: 0.01000	Time 34.200 (34.200)	Data 33.403 (33.403)	Loss 0.1326 (0.1326)	Prec@1 94.531 (94.531)	Prec@5 100.000 (100.000)
[mov,mp4,m4a,3gp,3g2,mj2 @ 0x333fbc0] moov atom not found
VIDIOC_REQBUFS: Inappropriate ioctl for device
[mov,mp4,m4a,3gp,3g2,mj2 @ 0x367c740] moov atom not found
VIDIOC_REQBUFS: Inappropriate ioctl for device
[mov,mp4,m4a,3gp,3g2,mj2 @ 0x333fbc0] moov atom not found
VIDIOC_REQBUFS: Inappropriate ioctl for device
[mov,mp4,m4a,3gp,3g2,mj2 @ 0x333fbc0] moov atom not found
VIDIOC_REQBUFS: Inappropriate ioctl for device
[mov,mp4,m4a,3gp,3g2,mj2 @ 0x333fbc0] moov atom not found
VIDIOC_REQBUFS: Inappropriate ioctl for device
[mov,mp4,m4a,3gp,3g2,mj2 @ 0x333fbc0] moov atom not found
VIDIOC_REQBUFS: Inappropriate ioctl for device
[mov,mp4,m4a,3gp,3g2,mj2 @ 0x333fbc0] moov atom not found
VIDIOC_REQBUFS: Inappropriate ioctl for device
[mov,mp4,m4a,3gp,3g2,mj2 @ 0x333fbc0] moov atom not found
VIDIOC_REQBUFS: Inappropriate ioctl for device
[mov,mp4,m4a,3gp,3g2,mj2 @ 0x333fbc0] moov atom not found
VIDIOC_REQBUFS: Inappropriate ioctl for device
[mov,mp4,m4a,3gp,3g2,mj2 @ 0x333fbc0] moov atom not found
VIDIOC_REQBUFS: Inappropriate ioctl for device
[mov,mp4,m4a,3gp,3g2,mj2 @ 0x333fbc0] moov atom not found
VIDIOC_REQBUFS: Inappropriate ioctl for device
[mov,mp4,m4a,3gp,3g2,mj2 @ 0x333fbc0] moov atom not found
VIDIOC_REQBUFS: Inappropriate ioctl for device
[mov,mp4,m4a,3gp,3g2,mj2 @ 0x333fbc0] moov atom not found
VIDIOC_REQBUFS: Inappropriate ioctl for device
Epoch: [11][20/97], lr: 0.01000	Time 0.887 (4.585)	Data 0.001 (3.771)	Loss 0.1115 (0.1506)	Prec@1 95.312 (94.606)	Prec@5 100.000 (99.963)
[mov,mp4,m4a,3gp,3g2,mj2 @ 0x333fbc0] moov atom not found
VIDIOC_REQBUFS: Inappropriate ioctl for device
[mov,mp4,m4a,3gp,3g2,mj2 @ 0x333fbc0] moov atom not found
VIDIOC_REQBUFS: Inappropriate ioctl for device
[mov,mp4,m4a,3gp,3g2,mj2 @ 0x333fbc0] moov atom not found
VIDIOC_REQBUFS: Inappropriate ioctl for device
[mov,mp4,m4a,3gp,3g2,mj2 @ 0x333fbc0] moov atom not found
VIDIOC_REQBUFS: Inappropriate ioctl for device
[mov,mp4,m4a,3gp,3g2,mj2 @ 0x3fa38c0] moov atom not found
VIDIOC_REQBUFS: Inappropriate ioctl for device
[mov,mp4,m4a,3gp,3g2,mj2 @ 0x333fbc0] moov atom not found
VIDIOC_REQBUFS: Inappropriate ioctl for device
[mov,mp4,m4a,3gp,3g2,mj2 @ 0x333fbc0] moov atom not found
VIDIOC_REQBUFS: Inappropriate ioctl for device
[mov,mp4,m4a,3gp,3g2,mj2 @ 0x333fbc0] moov atom not found
VIDIOC_REQBUFS: Inappropriate ioctl for device
[mov,mp4,m4a,3gp,3g2,mj2 @ 0x333fbc0] moov atom not found
VIDIOC_REQBUFS: Inappropriate ioctl for device
[mov,mp4,m4a,3gp,3g2,mj2 @ 0x333fbc0] moov atom not found
VIDIOC_REQBUFS: Inappropriate ioctl for device
[mov,mp4,m4a,3gp,3g2,mj2 @ 0x367c740] moov atom not found
VIDIOC_REQBUFS: Inappropriate ioctl for device
[mov,mp4,m4a,3gp,3g2,mj2 @ 0x333fbc0] moov atom not found
VIDIOC_REQBUFS: Inappropriate ioctl for device
[mov,mp4,m4a,3gp,3g2,mj2 @ 0x333fbc0] moov atom not found
VIDIOC_REQBUFS: Inappropriate ioctl for device
[mov,mp4,m4a,3gp,3g2,mj2 @ 0xe4a7e80] moov atom not found
VIDIOC_REQBUFS: Inappropriate ioctl for device
[mov,mp4,m4a,3gp,3g2,mj2 @ 0x333fbc0] moov atom not found
VIDIOC_REQBUFS: Inappropriate ioctl for device
[mov,mp4,m4a,3gp,3g2,mj2 @ 0x333fbc0] moov atom not found
VIDIOC_REQBUFS: Inappropriate ioctl for device
[mov,mp4,m4a,3gp,3g2,mj2 @ 0x333fbc0] moov atom not found
VIDIOC_REQBUFS: Inappropriate ioctl for device
[mov,mp4,m4a,3gp,3g2,mj2 @ 0x333fbc0] moov atom not found
VIDIOC_REQBUFS: Inappropriate ioctl for device
[mov,mp4,m4a,3gp,3g2,mj2 @ 0x333fbc0] moov atom not found
VIDIOC_REQBUFS: Inappropriate ioctl for device
Epoch: [11][40/97], lr: 0.01000	Time 23.398 (4.364)	Data 22.554 (3.547)	Loss 0.1017 (0.1349)	Prec@1 96.094 (95.198)	Prec@5 100.000 (99.981)
[mov,mp4,m4a,3gp,3g2,mj2 @ 0x333fbc0] moov atom not found
VIDIOC_REQBUFS: Inappropriate ioctl for device
[mov,mp4,m4a,3gp,3g2,mj2 @ 0x333fbc0] moov atom not found
VIDIOC_REQBUFS: Inappropriate ioctl for device
[mov,mp4,m4a,3gp,3g2,mj2 @ 0x333fbc0] moov atom not found
VIDIOC_REQBUFS: Inappropriate ioctl for device
[mov,mp4,m4a,3gp,3g2,mj2 @ 0x333fbc0] moov atom not found
VIDIOC_REQBUFS: Inappropriate ioctl for device
[mov,mp4,m4a,3gp,3g2,mj2 @ 0x369e280] moov atom not found
VIDIOC_REQBUFS: Inappropriate ioctl for device
Epoch: [11][60/97], lr: 0.01000	Time 0.800 (3.913)	Data 0.000 (3.100)	Loss 0.0708 (0.1267)	Prec@1 97.656 (95.466)	Prec@5 100.000 (99.987)
